<?xml version="1.0" encoding="utf-8"?><testsuites name="pytest tests"><testsuite name="pytest" errors="0" failures="1" skipped="0" tests="8" time="2.202" timestamp="2026-04-28T13:27:20.944517+00:00" hostname="agent-env-b2d547b5-f9ff-4abe-95f8-8bb493dbbdd2"><testcase classname="backend.tests.test_apply_improvements_async_flow" name="test_apply_improvements_returns_in_under_2s" time="0.630" /><testcase classname="backend.tests.test_apply_improvements_async_flow" name="test_idempotency_same_jobid_for_concurrent_clicks" time="0.231"><failure message="AssertionError: Idempotency violated: 2nd call got 959580c5-a3f2-4d7a-a4a1-97b303d4200e, expected d60f1a37-bc9f-4527-a4f8-897e8167fcee&#10;assert '959580c5-a3f...-97b303d4200e' == 'd60f1a37-bc9...-897e8167fcee'&#10;  &#10;  - d60f1a37-bc9f-4527-a4f8-897e8167fcee&#10;  + 959580c5-a3f2-4d7a-a4a1-97b303d4200e">backend/tests/test_apply_improvements_async_flow.py:146: in test_idempotency_same_jobid_for_concurrent_clicks
    assert body2["applyJobId"] == job_id_1, (
E   AssertionError: Idempotency violated: 2nd call got 959580c5-a3f2-4d7a-a4a1-97b303d4200e, expected d60f1a37-bc9f-4527-a4f8-897e8167fcee
E   assert '959580c5-a3f...-97b303d4200e' == 'd60f1a37-bc9...-897e8167fcee'
E     
E     - d60f1a37-bc9f-4527-a4f8-897e8167fcee
E     + 959580c5-a3f2-4d7a-a4a1-97b303d4200e</failure></testcase><testcase classname="backend.tests.test_apply_improvements_async_flow" name="test_apply_improvements_anonymous_returns_401" time="0.108" /><testcase classname="backend.tests.test_apply_improvements_async_flow" name="test_apply_improvements_cross_company_returns_404" time="0.445" /><testcase classname="backend.tests.test_apply_improvements_async_flow" name="test_apply_status_cross_company_returns_404" time="0.122" /><testcase classname="backend.tests.test_apply_improvements_async_flow" name="test_apply_status_bogus_jobid_returns_404" time="0.107" /><testcase classname="backend.tests.test_apply_improvements_async_flow" name="test_background_worker_executes_to_done_and_deletes_preview" time="0.288" /><testcase classname="backend.tests.test_apply_improvements_async_flow" name="test_apply_status_anonymous_returns_401" time="0.115" /></testsuite></testsuites>