<?xml version="1.0" encoding="utf-8"?><testsuites name="pytest tests"><testsuite name="pytest" errors="0" failures="0" skipped="0" tests="13" time="3.333" timestamp="2026-04-28T13:27:50.171671+00:00" hostname="agent-env-b2d547b5-f9ff-4abe-95f8-8bb493dbbdd2"><testcase classname="backend.tests.test_apply_improvements_async_flow" name="test_apply_improvements_returns_in_under_2s" time="0.672" /><testcase classname="backend.tests.test_apply_improvements_async_flow" name="test_idempotency_returns_existing_processing_jobid" time="0.109" /><testcase classname="backend.tests.test_apply_improvements_async_flow" name="test_apply_improvements_anonymous_returns_401" time="0.107" /><testcase classname="backend.tests.test_apply_improvements_async_flow" name="test_apply_improvements_cross_company_returns_404" time="0.501" /><testcase classname="backend.tests.test_apply_improvements_async_flow" name="test_apply_status_cross_company_returns_404" time="0.117" /><testcase classname="backend.tests.test_apply_improvements_async_flow" name="test_apply_status_bogus_jobid_returns_404" time="0.122" /><testcase classname="backend.tests.test_apply_improvements_async_flow" name="test_background_worker_executes_to_done_and_deletes_preview" time="0.278" /><testcase classname="backend.tests.test_apply_improvements_async_flow" name="test_apply_status_anonymous_returns_401" time="0.124" /><testcase classname="backend.tests.test_apply_improvements_retry" name="test_preview_not_deleted_on_find" time="0.707" /><testcase classname="backend.tests.test_apply_improvements_retry" name="test_apply_returns_202_processing_with_jobid" time="0.114" /><testcase classname="backend.tests.test_apply_improvements_retry" name="test_apply_status_unauthorized_returns_401" time="0.110" /><testcase classname="backend.tests.test_apply_improvements_retry" name="test_apply_with_missing_preview_returns_400" time="0.111" /><testcase classname="backend.tests.test_apply_improvements_retry" name="test_apply_without_previewid_path_works" time="0.118" /></testsuite></testsuites>