<?xml version="1.0" encoding="utf-8"?><testsuites name="pytest tests"><testsuite name="pytest" errors="0" failures="0" skipped="0" tests="5" time="1.425" timestamp="2026-04-28T13:26:33.497988+00:00" hostname="agent-env-b2d547b5-f9ff-4abe-95f8-8bb493dbbdd2"><testcase classname="backend.tests.test_apply_improvements_retry" name="test_preview_not_deleted_on_find" time="0.777" /><testcase classname="backend.tests.test_apply_improvements_retry" name="test_apply_returns_202_processing_with_jobid" time="0.135" /><testcase classname="backend.tests.test_apply_improvements_retry" name="test_apply_status_unauthorized_returns_401" time="0.125" /><testcase classname="backend.tests.test_apply_improvements_retry" name="test_apply_with_missing_preview_returns_400" time="0.140" /><testcase classname="backend.tests.test_apply_improvements_retry" name="test_apply_without_previewid_path_works" time="0.113" /></testsuite></testsuites>