<?xml version="1.0" encoding="utf-8"?><testsuites name="pytest tests"><testsuite name="pytest" errors="0" failures="0" skipped="0" tests="17" time="4.591" timestamp="2026-05-14T14:39:13.733791+00:00" hostname="agent-env-b2d547b5-f9ff-4abe-95f8-8bb493dbbdd2"><testcase classname="backend.tests.test_brand_library_api.TestBrandKit" name="test_get_brand_kit_super" time="0.636" /><testcase classname="backend.tests.test_brand_library_api.TestBrandKit" name="test_put_brand_kit_super" time="0.265" /><testcase classname="backend.tests.test_brand_library_api.TestBrandKit" name="test_put_brand_kit_requires_super" time="0.541" /><testcase classname="backend.tests.test_brand_library_api.TestBrandKit" name="test_get_brand_kit_own_company" time="0.148" /><testcase classname="backend.tests.test_brand_library_api.TestBrandKit" name="test_get_brand_kit_other_company_denied" time="0.131" /><testcase classname="backend.tests.test_brand_library_api.TestAssetCRUD" name="test_upload_asset" time="0.130" /><testcase classname="backend.tests.test_brand_library_api.TestAssetCRUD" name="test_upload_normalizes_invalid_type_and_category" time="0.250" /><testcase classname="backend.tests.test_brand_library_api.TestAssetCRUD" name="test_list_assets_with_filters" time="0.156" /><testcase classname="backend.tests.test_brand_library_api.TestAssetCRUD" name="test_serve_asset_unauthenticated" time="0.160" /><testcase classname="backend.tests.test_brand_library_api.TestAssetCRUD" name="test_patch_asset_metadata" time="0.118" /><testcase classname="backend.tests.test_brand_library_api.TestAssetCRUD" name="test_regular_user_can_read_own_assets" time="0.144" /><testcase classname="backend.tests.test_brand_library_api.TestAssetCRUD" name="test_regular_user_cannot_read_other_company_assets" time="0.128" /><testcase classname="backend.tests.test_brand_library_api.TestAssetCRUD" name="test_regular_user_cannot_upload" time="0.164" /><testcase classname="backend.tests.test_brand_library_api.TestAssetCRUD" name="test_regular_user_cannot_delete" time="0.138" /><testcase classname="backend.tests.test_brand_library_api.TestAssetCRUD" name="test_company_isolation_other_admin_cannot_see" time="0.495" /><testcase classname="backend.tests.test_brand_library_api.TestAssetCRUD" name="test_delete_asset_and_verify_404" time="0.464" /><testcase classname="backend.tests.test_brand_library_api.TestMediaConfigBrandLibrary" name="test_persist_use_brand_library" time="0.435" /></testsuite></testsuites>