<?xml version="1.0" encoding="utf-8"?><testsuites name="pytest tests"><testsuite name="pytest" errors="0" failures="0" skipped="0" tests="6" time="55.725" timestamp="2026-05-15T15:19:27.703191+00:00" hostname="agent-env-b2d547b5-f9ff-4abe-95f8-8bb493dbbdd2"><testcase classname="backend.tests.test_density_generate_image" name="test_generate_image_requires_auth" time="0.207" /><testcase classname="backend.tests.test_density_generate_image" name="test_generate_image_empty_prompt_returns_400" time="0.497" /><testcase classname="backend.tests.test_density_generate_image" name="test_generate_image_unknown_project_returns_404" time="0.195" /><testcase classname="backend.tests.test_density_generate_image" name="test_generate_image_cross_tenant_forbidden" time="0.483" /><testcase classname="backend.tests.test_density_generate_image" name="test_generate_image_happy_path" time="19.115" /><testcase classname="backend.tests.test_density_generate_image" name="test_generate_image_idempotent_same_suggestion" time="35.168" /></testsuite></testsuites>