<?xml version="1.0" encoding="utf-8"?><testsuites name="pytest tests"><testsuite name="pytest" errors="0" failures="0" skipped="0" tests="7" time="36.593" timestamp="2026-06-30T20:14:15.165750+00:00" hostname="agent-env-b2d547b5-f9ff-4abe-95f8-8bb493dbbdd2"><testcase classname="backend.tests.test_tutor_e2e_attribution_iter131" name="test_e2e_chat_with_projectid_persisted_and_joined_in_dashboard" time="6.570" /><testcase classname="backend.tests.test_tutor_e2e_attribution_iter131" name="test_legacy_chat_without_attribution_still_works" time="3.384" /><testcase classname="backend.tests.test_tutor_e2e_attribution_iter131" name="test_feedback_validation_missing_fields" time="0.126" /><testcase classname="backend.tests.test_tutor_e2e_attribution_iter131" name="test_feedback_stats_endpoint_structured" time="0.118" /><testcase classname="backend.tests.test_tutor_e2e_attribution_iter131" name="test_tutorjs_source_includes_projectid_in_chat_payload" time="0.000" /><testcase classname="backend.tests.test_tutor_e2e_attribution_iter131" name="test_html_export_carries_attribution_and_new_widget" time="12.436" /><testcase classname="backend.tests.test_tutor_e2e_attribution_iter131" name="test_scorm_export_carries_attribution_and_new_widget" time="13.886" /></testsuite></testsuites>