<?xml version="1.0" encoding="utf-8"?><testsuites name="pytest tests"><testsuite name="pytest" errors="0" failures="0" skipped="0" tests="4" time="1.000" timestamp="2026-05-19T15:08:18.240716+00:00" hostname="agent-env-b2d547b5-f9ff-4abe-95f8-8bb493dbbdd2"><testcase classname="tests.test_normalize_font_tags_integration.TestNormalizeFontTagsEndpoint" name="test_unauthenticated_rejected" time="0.254" /><testcase classname="tests.test_normalize_font_tags_integration.TestNormalizeFontTagsEndpoint" name="test_dry_run_returns_counters" time="0.495" /><testcase classname="tests.test_normalize_font_tags_integration.TestNormalizeFontTagsEndpoint" name="test_apply_then_dry_run_is_idempotent" time="0.116" /><testcase classname="tests.test_normalize_font_tags_integration.TestNormalizeFontTagsEndpoint" name="test_user_project_has_no_legacy_font_after_migration" time="0.068" /></testsuite></testsuites>