<?xml version="1.0" encoding="utf-8"?><testsuites name="pytest tests"><testsuite name="pytest" errors="0" failures="0" skipped="0" tests="29" time="0.648" timestamp="2026-04-29T18:27:51.338148+00:00" hostname="agent-env-b2d547b5-f9ff-4abe-95f8-8bb493dbbdd2"><testcase classname="tests.test_krea_integration" name="test_models_catalog_has_at_least_10_models" time="0.058" /><testcase classname="tests.test_krea_integration" name="test_get_model_meta_returns_dict_for_valid_id" time="0.000" /><testcase classname="tests.test_krea_integration" name="test_get_model_meta_returns_none_for_unknown_id" time="0.000" /><testcase classname="tests.test_krea_integration" name="test_auth_headers_requires_env" time="0.000" /><testcase classname="tests.test_krea_integration" name="test_auth_headers_uses_bearer_id_secret" time="0.000" /><testcase classname="tests.test_krea_integration" name="test_is_configured_true_when_key_set" time="0.000" /><testcase classname="tests.test_krea_integration" name="test_is_configured_false_when_key_empty" time="0.000" /><testcase classname="tests.test_krea_integration" name="test_flagship_and_popular_models_present" time="0.000" /><testcase classname="tests.test_krea_integration" name="test_krea_status_requires_auth" time="0.004" /><testcase classname="tests.test_krea_integration" name="test_krea_status_reports_configured" time="0.230" /><testcase classname="tests.test_krea_integration" name="test_krea_models_requires_auth" time="0.002" /><testcase classname="tests.test_krea_integration" name="test_krea_models_returns_catalog" time="0.004" /><testcase classname="tests.test_krea_integration" name="test_krea_models_include_metadata" time="0.004" /><testcase classname="tests.test_krea_integration" name="test_krea_generate_400_when_prompt_missing" time="0.004" /><testcase classname="tests.test_krea_integration" name="test_krea_generate_400_when_model_unknown" time="0.004" /><testcase classname="tests.test_krea_integration" name="test_krea_generate_400_when_modelid_missing" time="0.004" /><testcase classname="tests.test_krea_integration" name="test_krea_generate_requires_auth" time="0.002" /><testcase classname="tests.test_krea_integration" name="test_krea_save_400_when_no_projectid" time="0.004" /><testcase classname="tests.test_krea_integration" name="test_krea_save_requires_auth" time="0.002" /><testcase classname="tests.test_krea_integration" name="test_health_check_includes_krea" time="0.004" /><testcase classname="tests.test_krea_integration" name="test_health_check_krea_unit_no_key" time="0.234" /><testcase classname="tests.test_krea_integration" name="test_health_check_krea_unit_bad_format" time="0.000" /><testcase classname="tests.test_krea_integration" name="test_krea_route_imports_store_asset_and_gallery" time="0.000" /><testcase classname="tests.test_krea_integration" name="test_agent_pipeline_has_process_krea_images" time="0.001" /><testcase classname="tests.test_krea_integration" name="test_ai_agent_prompt_has_imagem_krea_type" time="0.001" /><testcase classname="tests.test_krea_integration" name="test_process_krea_images_skips_when_not_configured" time="0.019" /><testcase classname="tests.test_krea_integration" name="test_process_krea_images_empty_when_no_kreaImage_fields" time="0.000" /><testcase classname="tests.test_krea_integration" name="test_gallery_auto_save_accepts_db_override" time="0.001" /><testcase classname="tests.test_krea_integration" name="test_agent_pipeline_passes_db_override_for_all_three_providers" time="0.001" /></testsuite></testsuites>