<?xml version="1.0" encoding="utf-8"?><testsuites name="pytest tests"><testsuite name="pytest" errors="0" failures="0" skipped="0" tests="22" time="2.012" timestamp="2026-04-29T18:00:53.423037+00:00" hostname="agent-env-b2d547b5-f9ff-4abe-95f8-8bb493dbbdd2"><testcase classname="tests.test_krea_integration" name="test_models_catalog_has_at_least_10_models" time="0.056" /><testcase classname="tests.test_krea_integration" name="test_get_model_meta_returns_dict_for_valid_id" time="0.000" /><testcase classname="tests.test_krea_integration" name="test_get_model_meta_returns_none_for_unknown_id" time="0.000" /><testcase classname="tests.test_krea_integration" name="test_auth_headers_requires_env" time="0.001" /><testcase classname="tests.test_krea_integration" name="test_auth_headers_uses_bearer_id_secret" time="0.000" /><testcase classname="tests.test_krea_integration" name="test_is_configured_true_when_key_set" time="0.000" /><testcase classname="tests.test_krea_integration" name="test_is_configured_false_when_key_empty" time="0.000" /><testcase classname="tests.test_krea_integration" name="test_flagship_and_popular_models_present" time="0.000" /><testcase classname="tests.test_krea_integration" name="test_krea_status_requires_auth" time="0.004" /><testcase classname="tests.test_krea_integration" name="test_krea_status_reports_configured" time="0.230" /><testcase classname="tests.test_krea_integration" name="test_krea_models_requires_auth" time="0.002" /><testcase classname="tests.test_krea_integration" name="test_krea_models_returns_catalog" time="0.004" /><testcase classname="tests.test_krea_integration" name="test_krea_models_include_metadata" time="0.004" /><testcase classname="tests.test_krea_integration" name="test_krea_generate_400_when_prompt_missing" time="0.003" /><testcase classname="tests.test_krea_integration" name="test_krea_generate_400_when_model_unknown" time="0.003" /><testcase classname="tests.test_krea_integration" name="test_krea_generate_400_when_modelid_missing" time="0.003" /><testcase classname="tests.test_krea_integration" name="test_krea_generate_requires_auth" time="0.002" /><testcase classname="tests.test_krea_integration" name="test_krea_save_400_when_no_projectid" time="0.003" /><testcase classname="tests.test_krea_integration" name="test_krea_save_requires_auth" time="0.002" /><testcase classname="tests.test_krea_integration" name="test_health_check_includes_krea" time="1.409" /><testcase classname="tests.test_krea_integration" name="test_health_check_krea_unit_no_key" time="0.229" /><testcase classname="tests.test_krea_integration" name="test_health_check_krea_unit_bad_format" time="0.001" /></testsuite></testsuites>