<?xml version="1.0" encoding="utf-8"?><testsuites name="pytest tests"><testsuite name="pytest" errors="0" failures="0" skipped="0" tests="12" time="1.402" timestamp="2026-04-24T14:04:42.555741+00:00" hostname="agent-env-b2d547b5-f9ff-4abe-95f8-8bb493dbbdd2"><testcase classname="backend.tests.test_pdf_import_refactor" name="test_login_smoke" time="0.410" /><testcase classname="backend.tests.test_pdf_import_refactor" name="test_projects_list" time="0.261" /><testcase classname="backend.tests.test_pdf_import_refactor" name="test_agent_session_create" time="0.111" /><testcase classname="backend.tests.test_pdf_import_refactor" name="test_agent_session_analyze_registered" time="0.062" /><testcase classname="backend.tests.test_pdf_import_refactor" name="test_pdf_preview_empty_session" time="0.053" /><testcase classname="backend.tests.test_pdf_import_refactor" name="test_pdf_preview_unknown_session" time="0.062" /><testcase classname="backend.tests.test_pdf_import_refactor" name="test_generate_faithful_course_no_pdf" time="0.060" /><testcase classname="backend.tests.test_pdf_import_refactor" name="test_generate_faithful_course_unknown_session" time="0.056" /><testcase classname="backend.tests.test_pdf_import_refactor" name="test_faithful_status_unknown_project" time="0.072" /><testcase classname="backend.tests.test_pdf_import_refactor" name="test_repair_pdf_images_unknown_project" time="0.079" /><testcase classname="backend.tests.test_pdf_import_refactor" name="test_upload_chunk_unknown_session" time="0.060" /><testcase classname="backend.tests.test_pdf_import_refactor" name="test_upload_chunk_first_chunk_valid_session" time="0.060" /></testsuite></testsuites>