<?xml version="1.0" encoding="utf-8"?><testsuites name="pytest tests"><testsuite name="pytest" errors="0" failures="0" skipped="0" tests="14" time="15.887" timestamp="2026-03-02T16:53:47.885638+00:00" hostname="agent-env-e9f0b389-619f-4b38-bfe7-bad598d785b9"><testcase classname="backend.tests.test_new_features_iteration49.TestHealthAndBasics" name="test_health_endpoint" time="0.197" /><testcase classname="backend.tests.test_new_features_iteration49.TestHealthAndBasics" name="test_create_agent_session" time="0.117" /><testcase classname="backend.tests.test_new_features_iteration49.TestHealthAndBasics" name="test_get_templates" time="0.103" /><testcase classname="backend.tests.test_new_features_iteration49.TestURLContentExtraction" name="test_upload_url_content" time="0.312" /><testcase classname="backend.tests.test_new_features_iteration49.TestURLContentExtraction" name="test_upload_invalid_url" time="0.311" /><testcase classname="backend.tests.test_new_features_iteration49.TestDOCXContentExtraction" name="test_upload_docx_file" time="0.269" /><testcase classname="backend.tests.test_new_features_iteration49.TestElevenLabsVoices" name="test_list_elevenlabs_voices" time="0.264" /><testcase classname="backend.tests.test_new_features_iteration49.TestElevenLabsVoices" name="test_filter_elevenlabs_voices_by_gender" time="0.203" /><testcase classname="backend.tests.test_new_features_iteration49.TestNarrationStatus" name="test_narration_status_existing_project" time="0.609" /><testcase classname="backend.tests.test_new_features_iteration49.TestNarrationStatus" name="test_narration_status_invalid_project" time="0.104" /><testcase classname="backend.tests.test_new_features_iteration49.TestNarrationStatus" name="test_generate_narration_no_voice_configured" time="0.220" /><testcase classname="backend.tests.test_new_features_iteration49.TestHeyGenIntegration" name="test_heygen_avatars" time="12.272" /><testcase classname="backend.tests.test_new_features_iteration49.TestHeyGenIntegration" name="test_heygen_portuguese_voices" time="0.632" /><testcase classname="backend.tests.test_new_features_iteration49.TestHeyGenIntegration" name="test_heygen_status_existing_project" time="0.158" /></testsuite></testsuites>