<?xml version="1.0" encoding="utf-8"?><testsuites name="pytest tests"><testsuite name="pytest" errors="0" failures="0" skipped="0" tests="10" time="22.066" timestamp="2026-02-13T18:16:52.326605+00:00" hostname="agent-env-413b4aea-167a-47a9-bd0b-e47bb8d4eaa8"><testcase classname="tests.test_ai_narration_vision.TestAINarrationVision" name="test_health_check" time="0.272" /><testcase classname="tests.test_ai_narration_vision.TestAINarrationVision" name="test_project_with_bg_image_exists" time="0.177" /><testcase classname="tests.test_ai_narration_vision.TestAINarrationVision" name="test_generate_narration_with_vision_educational_style" time="3.800" /><testcase classname="tests.test_ai_narration_vision.TestAINarrationVision" name="test_generate_narration_with_vision_conversational_style" time="3.126" /><testcase classname="tests.test_ai_narration_vision.TestAINarrationVision" name="test_generate_narration_with_vision_formal_style" time="2.988" /><testcase classname="tests.test_ai_narration_vision.TestAINarrationVision" name="test_generate_narration_with_vision_friendly_style" time="2.732" /><testcase classname="tests.test_ai_narration_vision.TestAINarrationVision" name="test_generate_narration_with_text_elements" time="2.312" /><testcase classname="tests.test_ai_narration_vision.TestAINarrationVision" name="test_nonexistent_project_returns_404" time="0.136" /><testcase classname="tests.test_ai_narration_vision.TestAINarrationVision" name="test_nonexistent_slide_returns_404" time="0.145" /><testcase classname="tests.test_ai_narration_vision.TestAINarrationVision" name="test_different_slides_have_different_content" time="6.320" /></testsuite></testsuites>