<?xml version="1.0" encoding="utf-8"?><testsuites name="pytest tests"><testsuite name="pytest" errors="0" failures="0" skipped="0" tests="10" time="6.243" timestamp="2026-02-12T14:20:51.721046+00:00" hostname="agent-env-aa3422b1-10f9-4a69-8fd2-6ebad1816491"><testcase classname="backend.tests.test_rtf_element.TestHealthAndAuth" name="test_health_endpoint" time="5.205" /><testcase classname="backend.tests.test_rtf_element.TestHealthAndAuth" name="test_auth_login" time="0.513" /><testcase classname="backend.tests.test_rtf_element.TestProjectAccess" name="test_get_project" time="0.013" /><testcase classname="backend.tests.test_rtf_element.TestProjectAccess" name="test_get_slide_with_html_element" time="0.050" /><testcase classname="backend.tests.test_rtf_element.TestElementUpdate" name="test_update_element_with_html_content" time="0.027" /><testcase classname="backend.tests.test_rtf_element.TestElementUpdate" name="test_update_element_preserves_other_fields" time="0.024" /><testcase classname="backend.tests.test_rtf_element.TestElementUpdate" name="test_update_element_invalid_project" time="0.053" /><testcase classname="backend.tests.test_rtf_element.TestElementUpdate" name="test_update_element_invalid_slide" time="0.011" /><testcase classname="backend.tests.test_rtf_element.TestElementUpdate" name="test_update_element_invalid_element" time="0.010" /><testcase classname="backend.tests.test_rtf_element.TestAddNewElement" name="test_add_new_html_element" time="0.028" /></testsuite></testsuites>