<?xml version="1.0" encoding="utf-8"?><testsuites name="pytest tests"><testsuite name="pytest" errors="0" failures="0" skipped="0" tests="14" time="4.306" timestamp="2026-03-02T14:25:29.023365+00:00" hostname="agent-env-13e9c9ed-ff16-4805-adc6-d32de4d7bfc6"><testcase classname="backend.tests.test_media_config.TestMediaConfigEndpoint" name="test_media_config_endpoint_returns_ok" time="0.239" /><testcase classname="backend.tests.test_media_config.TestMediaConfigEndpoint" name="test_media_config_is_persisted_in_session" time="0.260" /><testcase classname="backend.tests.test_media_config.TestMediaConfigEndpoint" name="test_media_config_404_for_invalid_session" time="0.140" /><testcase classname="backend.tests.test_media_config.TestVideoUrlParser" name="test_youtube_standard_url_format" time="2.819" /><testcase classname="backend.tests.test_media_config.TestVideoUrlParser" name="test_youtube_short_url_format" time="0.000" /><testcase classname="backend.tests.test_media_config.TestVideoUrlParser" name="test_youtube_embed_url_format" time="0.000" /><testcase classname="backend.tests.test_media_config.TestVideoUrlParser" name="test_vimeo_url_format" time="0.000" /><testcase classname="backend.tests.test_media_config.TestVideoUrlParser" name="test_invalid_url_returns_none" time="0.000" /><testcase classname="backend.tests.test_media_config.TestExistingSessionWithStoryboard" name="test_existing_session_exists" time="0.121" /><testcase classname="backend.tests.test_media_config.TestExistingSessionWithStoryboard" name="test_can_set_media_config_on_new_session" time="0.192" /><testcase classname="backend.tests.test_media_config.TestAgentCreateFlowSteps" name="test_create_flow_has_7_steps" time="0.000" /><testcase classname="backend.tests.test_media_config.TestAgentAPIHealthCheck" name="test_api_health" time="0.123" /><testcase classname="backend.tests.test_media_config.TestAgentAPIHealthCheck" name="test_agent_sessions_endpoint_available" time="0.130" /><testcase classname="backend.tests.test_media_config.TestAgentAPIHealthCheck" name="test_agent_templates_endpoint_available" time="0.127" /></testsuite></testsuites>