<?xml version="1.0" encoding="utf-8"?><testsuites name="pytest tests"><testsuite name="pytest" errors="0" failures="0" skipped="0" tests="11" time="7.360" timestamp="2026-03-24T19:30:06.733721+00:00" hostname="agent-env-a76ec75b-dc27-4b88-acda-fd28e9395ec7"><testcase classname="backend.tests.test_tutor_url_and_fix_simulators.TestFixSimulatorsEndpoint" name="test_fix_simulators_endpoint_exists" time="0.285" /><testcase classname="backend.tests.test_tutor_url_and_fix_simulators.TestFixSimulatorsEndpoint" name="test_fix_simulators_returns_zero_for_no_static_simulators" time="0.173" /><testcase classname="backend.tests.test_tutor_url_and_fix_simulators.TestFixSimulatorsEndpoint" name="test_fix_simulators_404_for_nonexistent_project" time="0.116" /><testcase classname="backend.tests.test_tutor_url_and_fix_simulators.TestSCORMExportTutorUrl" name="test_scorm_export_returns_download_url" time="1.005" /><testcase classname="backend.tests.test_tutor_url_and_fix_simulators.TestSCORMExportTutorUrl" name="test_scorm_export_tutor_url_is_correct" time="1.541" /><testcase classname="backend.tests.test_tutor_url_and_fix_simulators.TestSCORMExportTutorUrl" name="test_scorm_player_js_exists" time="1.714" /><testcase classname="backend.tests.test_tutor_url_and_fix_simulators.TestHTMLExportTutorUrl" name="test_html_export_returns_download_url" time="0.129" /><testcase classname="backend.tests.test_tutor_url_and_fix_simulators.TestHTMLExportTutorUrl" name="test_html_export_tutor_url_is_correct" time="0.284" /><testcase classname="backend.tests.test_tutor_url_and_fix_simulators.TestExportUrlFunction" name="test_export_uses_environment_url" time="1.629" /><testcase classname="backend.tests.test_tutor_url_and_fix_simulators.TestProjectEndpoints" name="test_get_project" time="0.098" /><testcase classname="backend.tests.test_tutor_url_and_fix_simulators.TestProjectEndpoints" name="test_list_projects" time="0.269" /></testsuite></testsuites>