<?xml version="1.0" encoding="utf-8"?><testsuites name="pytest tests"><testsuite name="pytest" errors="0" failures="0" skipped="0" tests="15" time="2.883" timestamp="2026-02-27T20:05:23.527954+00:00" hostname="agent-env-48874603-07d6-49f6-a25b-3a174038974f"><testcase classname="tests.test_vlibras_fix.TestBackendHealth" name="test_health_endpoint" time="0.191" /><testcase classname="tests.test_vlibras_fix.TestExportEndpoints" name="test_scorm_export_endpoint_exists" time="0.180" /><testcase classname="tests.test_vlibras_fix.TestExportEndpoints" name="test_html_export_endpoint_exists" time="0.199" /><testcase classname="tests.test_vlibras_fix.TestVLibrasCodeVerification" name="test_player_js_has_correct_api" time="0.000" /><testcase classname="tests.test_vlibras_fix.TestVLibrasCodeVerification" name="test_player_js_no_broken_api" time="0.000" /><testcase classname="tests.test_vlibras_fix.TestVLibrasCodeVerification" name="test_player_js_has_translate_function" time="0.000" /><testcase classname="tests.test_vlibras_fix.TestVLibrasCodeVerification" name="test_player_js_has_fallback_logic" time="0.000" /><testcase classname="tests.test_vlibras_fix.TestVLibrasCodeVerification" name="test_html_exporter_has_correct_api" time="0.001" /><testcase classname="tests.test_vlibras_fix.TestVLibrasCodeVerification" name="test_html_exporter_no_broken_api" time="0.000" /><testcase classname="tests.test_vlibras_fix.TestVLibrasCodeVerification" name="test_html_exporter_has_translate_function" time="0.000" /><testcase classname="tests.test_vlibras_fix.TestVLibrasCodeVerification" name="test_html_exporter_has_fallback_logic" time="0.000" /><testcase classname="tests.test_vlibras_fix.TestVLibrasUsage" name="test_player_js_calls_translate_on_slide_render" time="0.000" /><testcase classname="tests.test_vlibras_fix.TestVLibrasUsage" name="test_html_exporter_calls_translate_on_slide_render" time="0.001" /><testcase classname="tests.test_vlibras_fix.TestExportWithRealProject" name="test_scorm_export_with_real_project" time="1.617" /><testcase classname="tests.test_vlibras_fix.TestExportWithRealProject" name="test_html_export_with_real_project" time="0.492" /></testsuite></testsuites>