<?xml version="1.0" encoding="utf-8"?><testsuites name="pytest tests"><testsuite name="pytest" errors="0" failures="0" skipped="0" tests="12" time="12.025" timestamp="2026-02-23T21:20:48.550544+00:00" hostname="agent-env-288733d3-3810-4a1f-9624-1766d219989e"><testcase classname="backend.tests.test_tutor_context_fix.TestHealthEndpoint" name="test_health_endpoint" time="0.172" /><testcase classname="backend.tests.test_tutor_context_fix.TestTutorSettings" name="test_get_tutor_settings" time="0.448" /><testcase classname="backend.tests.test_tutor_context_fix.TestTutorSettings" name="test_update_tutor_settings" time="0.690" /><testcase classname="backend.tests.test_tutor_context_fix.TestTutorChatEndpoint" name="test_tutor_chat_requires_message" time="0.136" /><testcase classname="backend.tests.test_tutor_context_fix.TestTutorChatEndpoint" name="test_tutor_chat_with_course_context" time="2.009" /><testcase classname="backend.tests.test_tutor_context_fix.TestSCORMContextExtraction" name="test_scorm_export_includes_course_context" time="2.340" /><testcase classname="backend.tests.test_tutor_context_fix.TestSCORMContextExtraction" name="test_scorm_export_contains_player_js_keyboard_fix" time="2.905" /><testcase classname="backend.tests.test_tutor_context_fix.TestSCORMContextExtraction" name="test_scorm_export_contains_tutor_js_keyboard_fix" time="3.254" /><testcase classname="backend.tests.test_tutor_context_fix.TestSourceFileVerification" name="test_source_player_js_has_keyboard_guard" time="0.000" /><testcase classname="backend.tests.test_tutor_context_fix.TestSourceFileVerification" name="test_source_tutor_js_has_stop_propagation" time="0.000" /><testcase classname="backend.tests.test_tutor_context_fix.TestSourceFileVerification" name="test_source_scorm_exporter_extracts_content_field" time="0.000" /><testcase classname="backend.tests.test_tutor_context_fix.TestSystemPromptImprovement" name="test_system_prompt_includes_slide_citation_instruction" time="0.001" /></testsuite></testsuites>