<?xml version="1.0" encoding="utf-8"?><testsuites name="pytest tests"><testsuite name="pytest" errors="0" failures="0" skipped="0" tests="12" time="52.718" timestamp="2026-03-05T13:52:40.240415+00:00" hostname="agent-env-26747d7a-777c-4c75-843a-1ddacf3f8b59"><testcase classname="backend.tests.test_apply_media_changes_ai_image.TestApplyMediaChangesAIImage" name="test_health_check" time="0.513" /><testcase classname="backend.tests.test_apply_media_changes_ai_image.TestApplyMediaChangesAIImage" name="test_project_exists" time="0.451" /><testcase classname="backend.tests.test_apply_media_changes_ai_image.TestApplyMediaChangesAIImage" name="test_agent_session_by_project" time="0.417" /><testcase classname="backend.tests.test_apply_media_changes_ai_image.TestApplyMediaChangesAIImage" name="test_media_config_endpoint_structure" time="0.443" /><testcase classname="backend.tests.test_apply_media_changes_ai_image.TestApplyMediaChangesAIImage" name="test_apply_media_changes_requires_project_id" time="0.444" /><testcase classname="backend.tests.test_apply_media_changes_ai_image.TestApplyMediaChangesAIImage" name="test_apply_media_changes_with_changed_slides" time="25.642" /><testcase classname="backend.tests.test_apply_media_changes_ai_image.TestApplyMediaChangesAIImage" name="test_apply_media_changes_ai_image_generation" time="22.105" /><testcase classname="backend.tests.test_apply_media_changes_ai_image.TestApplyMediaChangesAIImage" name="test_apply_media_changes_video_embed" time="0.520" /><testcase classname="backend.tests.test_apply_media_changes_ai_image.TestApplyMediaChangesAIImage" name="test_apply_media_changes_none_type" time="0.514" /><testcase classname="backend.tests.test_apply_media_changes_ai_image.TestApplyMediaChangesAIImage" name="test_apply_media_changes_background_config" time="0.496" /><testcase classname="backend.tests.test_apply_media_changes_ai_image.TestApplyMediaChangesAIImage" name="test_apply_media_changes_global_text_color" time="0.537" /><testcase classname="backend.tests.test_apply_media_changes_ai_image.TestMediaConfigPersistence" name="test_media_config_persisted" time="0.583" /></testsuite></testsuites>