<?xml version="1.0" encoding="utf-8"?><testsuites name="pytest tests"><testsuite name="pytest" errors="0" failures="0" skipped="0" tests="11" time="8.923" timestamp="2026-03-28T20:27:00.427247+00:00" hostname="agent-env-f4c93623-d5ea-47e5-a058-70ed0405459e"><testcase classname="backend.tests.test_heygen_voices_avatar_settings.TestHeyGenVoicesAPI" name="test_heygen_voices_all_returns_200" time="0.876" /><testcase classname="backend.tests.test_heygen_voices_avatar_settings.TestHeyGenVoicesAPI" name="test_heygen_voices_structure" time="0.785" /><testcase classname="backend.tests.test_heygen_voices_avatar_settings.TestHeyGenVoicesAPI" name="test_heygen_voices_portuguese_filter" time="0.656" /><testcase classname="backend.tests.test_heygen_voices_avatar_settings.TestHeyGenVoicesAPI" name="test_heygen_voices_ptbr_available" time="0.636" /><testcase classname="backend.tests.test_heygen_voices_avatar_settings.TestHeyGenVoicesAPI" name="test_heygen_voices_has_preview_audio" time="0.908" /><testcase classname="backend.tests.test_heygen_voices_avatar_settings.TestAvatarSettingsAPI" name="test_get_avatar_settings_returns_200" time="0.117" /><testcase classname="backend.tests.test_heygen_voices_avatar_settings.TestAvatarSettingsAPI" name="test_get_avatar_settings_structure" time="0.112" /><testcase classname="backend.tests.test_heygen_voices_avatar_settings.TestAvatarSettingsAPI" name="test_put_avatar_settings_saves_heygen_voice_id" time="0.819" /><testcase classname="backend.tests.test_heygen_voices_avatar_settings.TestAvatarSettingsAPI" name="test_get_avatar_settings_returns_saved_voice_id" time="2.120" /><testcase classname="backend.tests.test_heygen_voices_avatar_settings.TestAvatarSettingsAPI" name="test_avatar_settings_nonexistent_project_returns_404" time="0.122" /><testcase classname="backend.tests.test_heygen_voices_avatar_settings.TestHeyGenVoicesVsElevenLabs" name="test_heygen_voices_have_different_format_than_elevenlabs" time="1.663" /></testsuite></testsuites>