<?xml version="1.0" encoding="utf-8"?><testsuites name="pytest tests"><testsuite name="pytest" errors="0" failures="0" skipped="0" tests="15" time="13.905" timestamp="2026-02-07T16:07:22.654423+00:00" hostname="agent-env-5a46d374-ad43-4cca-84f2-6c6ca11aa9e4"><testcase classname="backend.tests.test_quiz_api.TestQuizApiHealth" name="test_api_health" time="0.075" /><testcase classname="backend.tests.test_quiz_api.TestQuestionsCRUD" name="test_create_multiple_choice_question" time="0.080" /><testcase classname="backend.tests.test_quiz_api.TestQuestionsCRUD" name="test_create_true_false_question" time="0.041" /><testcase classname="backend.tests.test_quiz_api.TestQuestionsCRUD" name="test_list_questions" time="0.040" /><testcase classname="backend.tests.test_quiz_api.TestQuestionsCRUD" name="test_list_questions_by_project" time="0.035" /><testcase classname="backend.tests.test_quiz_api.TestQuestionsCRUD" name="test_get_single_question" time="0.034" /><testcase classname="backend.tests.test_quiz_api.TestQuestionsCRUD" name="test_get_nonexistent_question" time="0.041" /><testcase classname="backend.tests.test_quiz_api.TestQuestionsCRUD" name="test_update_question" time="0.072" /><testcase classname="backend.tests.test_quiz_api.TestAIQuestionGeneration" name="test_generate_questions_from_prompt" time="5.164" /><testcase classname="backend.tests.test_quiz_api.TestAIQuestionGeneration" name="test_generate_true_false_questions" time="3.068" /><testcase classname="backend.tests.test_quiz_api.TestAIQuestionGeneration" name="test_generate_mixed_questions" time="4.373" /><testcase classname="backend.tests.test_quiz_api.TestDocumentParsing" name="test_parse_doc_invalid_format" time="0.053" /><testcase classname="backend.tests.test_quiz_api.TestQuizSubmission" name="test_submit_quiz_all_correct" time="0.122" /><testcase classname="backend.tests.test_quiz_api.TestQuizSubmission" name="test_submit_quiz_partial_correct" time="0.096" /><testcase classname="backend.tests.test_quiz_api.TestCleanup" name="test_delete_test_questions" time="0.489" /></testsuite></testsuites>