<?xml version="1.0" encoding="utf-8"?><testsuites name="pytest tests"><testsuite name="pytest" errors="0" failures="0" skipped="0" tests="13" time="2.648" timestamp="2026-03-05T14:47:49.291535+00:00" hostname="agent-env-26747d7a-777c-4c75-843a-1ddacf3f8b59"><testcase classname="tests.test_design_template_apply.TestDesignTemplateEndpoint" name="test_apply_design_template_returns_ok" time="0.269" /><testcase classname="tests.test_design_template_apply.TestDesignTemplateEndpoint" name="test_apply_design_template_invalid_template_uses_fallback" time="0.141" /><testcase classname="tests.test_design_template_apply.TestDesignTemplateEndpoint" name="test_apply_design_template_missing_id" time="0.108" /><testcase classname="tests.test_design_template_apply.TestDesignTemplateEndpoint" name="test_apply_design_template_invalid_project" time="0.142" /><testcase classname="tests.test_design_template_apply.TestDesignTemplateVerifyChanges" name="test_verify_background_changes_after_apply" time="0.431" /><testcase classname="tests.test_design_template_apply.TestDesignTemplateVerifyChanges" name="test_apply_multiple_templates_sequentially" time="0.343" /><testcase classname="tests.test_design_template_apply.TestDesignTemplatesEndpoint" name="test_get_design_templates_returns_all" time="0.111" /><testcase classname="tests.test_design_template_apply.TestDesignTemplatesEndpoint" name="test_design_template_structure" time="0.131" /><testcase classname="tests.test_design_template_apply.TestDesignTemplatesEndpoint" name="test_header_styles_are_distinct" time="0.118" /><testcase classname="tests.test_design_template_apply.TestMediaConfigWithDesignTemplate" name="test_media_config_endpoint_exists" time="0.169" /><testcase classname="tests.test_design_template_apply.TestMediaConfigWithDesignTemplate" name="test_session_endpoint_requires_auth" time="0.110" /><testcase classname="tests.test_design_template_apply.TestApplyDesignTokenToSlideLogic" name="test_title_slide_uses_primary_color" time="0.252" /><testcase classname="tests.test_design_template_apply.TestApplyDesignTokenToSlideLogic" name="test_content_slide_uses_content_bg" time="0.261" /></testsuite></testsuites>