<?xml version="1.0" encoding="utf-8"?><testsuites name="pytest tests"><testsuite name="pytest" errors="0" failures="0" skipped="0" tests="8" time="31.308" timestamp="2026-03-27T13:48:22.208117+00:00" hostname="agent-env-fab95006-7d8e-4414-9b96-7eb1468dc952"><testcase classname="backend.tests.test_video_export_fix.TestVideoExportFix" name="test_health_check" time="0.500" /><testcase classname="backend.tests.test_video_export_fix.TestVideoExportFix" name="test_export_video_returns_instantly" time="0.283" /><testcase classname="backend.tests.test_video_export_fix.TestVideoExportFix" name="test_job_status_endpoint_works" time="6.620" /><testcase classname="backend.tests.test_video_export_fix.TestVideoExportFix" name="test_video_export_completes_with_download_url" time="16.294" /><testcase classname="backend.tests.test_video_export_fix.TestVideoExportFix" name="test_backend_non_blocking_during_export" time="2.605" /><testcase classname="backend.tests.test_video_export_fix.TestVideoExportFix" name="test_nonexistent_project_returns_jobid_then_fails" time="3.798" /><testcase classname="backend.tests.test_video_export_fix.TestVideoExportFix" name="test_nonexistent_job_returns_404" time="0.377" /><testcase classname="backend.tests.test_video_export_fix.TestVideoExportFix" name="test_webm_format_export" time="0.232" /></testsuite></testsuites>