<?xml version="1.0" encoding="utf-8"?><testsuites name="pytest tests"><testsuite name="pytest" errors="0" failures="0" skipped="0" tests="9" time="4.705" timestamp="2026-03-03T13:12:37.809540+00:00" hostname="agent-env-0b160944-7151-49ff-881a-fa07b4a59ec0"><testcase classname="backend.tests.test_global_text_color.TestGlobalTextColorAPI" name="test_api_health" time="0.298" /><testcase classname="backend.tests.test_global_text_color.TestGlobalTextColorAPI" name="test_media_config_saves_global_text_color" time="0.521" /><testcase classname="backend.tests.test_global_text_color.TestGlobalTextColorAPI" name="test_media_config_empty_global_text_color" time="0.527" /><testcase classname="backend.tests.test_global_text_color.TestGlobalTextColorAPI" name="test_media_config_without_global_text_color" time="0.497" /><testcase classname="backend.tests.test_global_text_color.TestGlobalTextColorAPI" name="test_media_config_various_color_formats" time="1.026" /><testcase classname="backend.tests.test_global_text_color.TestGlobalTextColorAPI" name="test_existing_session_with_global_text_color" time="0.435" /><testcase classname="backend.tests.test_global_text_color.TestGlobalTextColorInGenerateCourse" name="test_generate_course_api_endpoint_exists" time="0.425" /><testcase classname="backend.tests.test_global_text_color.TestBulkTextColorInEditor" name="test_get_project_for_editor" time="0.379" /><testcase classname="backend.tests.test_global_text_color.TestBulkTextColorInEditor" name="test_update_element_endpoint" time="0.479" /></testsuite></testsuites>