<?xml version="1.0" encoding="utf-8"?><testsuites name="pytest tests"><testsuite name="pytest" errors="0" failures="0" skipped="0" tests="13" time="1.020" timestamp="2026-02-12T14:52:11.503250+00:00" hostname="agent-env-aa3422b1-10f9-4a69-8fd2-6ebad1816491"><testcase classname="backend.tests.test_rtf_element.TestHealthAndAuth" name="test_health_endpoint" time="0.362" /><testcase classname="backend.tests.test_rtf_element.TestHealthAndAuth" name="test_auth_login" time="0.265" /><testcase classname="backend.tests.test_rtf_element.TestProjectAccess" name="test_get_project" time="0.015" /><testcase classname="backend.tests.test_rtf_element.TestProjectAccess" name="test_get_slide_with_html_element" time="0.009" /><testcase classname="backend.tests.test_rtf_element.TestElementUpdate" name="test_update_element_with_html_content" time="0.026" /><testcase classname="backend.tests.test_rtf_element.TestElementUpdate" name="test_update_element_preserves_other_fields" time="0.065" /><testcase classname="backend.tests.test_rtf_element.TestElementUpdate" name="test_update_element_invalid_project" time="0.010" /><testcase classname="backend.tests.test_rtf_element.TestElementUpdate" name="test_update_element_invalid_slide" time="0.014" /><testcase classname="backend.tests.test_rtf_element.TestElementUpdate" name="test_update_element_invalid_element" time="0.009" /><testcase classname="backend.tests.test_rtf_element.TestAddNewElement" name="test_add_new_html_element" time="0.063" /><testcase classname="backend.tests.test_rtf_element.TestDeletedElementBugFix" name="test_update_deleted_element_returns_404" time="0.074" /><testcase classname="backend.tests.test_rtf_element.TestDeletedElementBugFix" name="test_delete_element_returns_200" time="0.023" /><testcase classname="backend.tests.test_rtf_element.TestDeletedElementBugFix" name="test_verify_element_removed_after_delete" time="0.028" /></testsuite></testsuites>