<?xml version="1.0" encoding="utf-8"?><testsuites name="pytest tests"><testsuite name="pytest" errors="0" failures="0" skipped="0" tests="6" time="35.391" timestamp="2026-03-25T17:25:04.315567+00:00" hostname="agent-env-a76ec75b-dc27-4b88-acda-fd28e9395ec7"><testcase classname="backend.tests.test_generate_html.TestGenerateHtmlEndpoint" name="test_generate_html_requires_authentication" time="0.172" /><testcase classname="backend.tests.test_generate_html.TestGenerateHtmlEndpoint" name="test_generate_html_validates_empty_prompt" time="12.627" /><testcase classname="backend.tests.test_generate_html.TestGenerateHtmlEndpoint" name="test_generate_html_returns_html_content" time="9.628" /><testcase classname="backend.tests.test_generate_html.TestGenerateHtmlEndpoint" name="test_generate_html_with_course_context" time="12.306" /><testcase classname="backend.tests.test_generate_html.TestHealthAndAuth" name="test_health_endpoint" time="0.205" /><testcase classname="backend.tests.test_generate_html.TestHealthAndAuth" name="test_admin_login" time="0.343" /></testsuite></testsuites>