<?xml version="1.0" encoding="utf-8"?><testsuites name="pytest tests"><testsuite name="pytest" errors="0" failures="6" skipped="0" tests="21" time="8.291" timestamp="2026-02-24T13:13:37.146074+00:00" hostname="agent-env-288733d3-3810-4a1f-9624-1766d219989e"><testcase classname="backend.tests.test_audio_timeline_progress_bar.TestHealthEndpoint" name="test_health_returns_200" time="0.227" /><testcase classname="backend.tests.test_audio_timeline_progress_bar.TestPlayerJSContent" name="test_has_start_slide_progress_function" time="0.001" /><testcase classname="backend.tests.test_audio_timeline_progress_bar.TestPlayerJSContent" name="test_has_stop_slide_progress_function" time="0.000" /><testcase classname="backend.tests.test_audio_timeline_progress_bar.TestPlayerJSContent" name="test_start_slide_progress_uses_slide_duration" time="0.000" /><testcase classname="backend.tests.test_audio_timeline_progress_bar.TestPlayerJSContent" name="test_render_slide_calls_stop_slide_progress" time="0.000" /><testcase classname="backend.tests.test_audio_timeline_progress_bar.TestPlayerJSContent" name="test_render_slide_calls_start_slide_progress" time="0.000" /><testcase classname="backend.tests.test_audio_timeline_progress_bar.TestPlayerJSContent" name="test_playSlideAudio_has_explicit_timeline_check" time="0.001"><failure message="AssertionError: hasExplicitTimeline check not properly implemented&#10;assert None&#10; +  where None = &lt;function search at 0xfe2bd3fcccc0&gt;('hasExplicitTimeline\\s*=.*some.*startTime.*&gt;\\s*0', &quot;/**\n * SCORM Course Player\n */\n\n// Detect mobile device and apply mobile mode\nfunction initMobileMode() {\n    var isMobileDevice = /Android|webOS|iPhone|iPad|iPod|BlackBerry|IEMobile|Opera Mini/i.test(navigator.userAgent);\n    var isSmallScreen = window.innerWidth &lt; 1024 || window.innerHeight &lt; 700;\n    var isTouchDevice = 'ontouchstart' in window || navigator.maxTouchPoints &gt; 0;\n    \n    console.log('[Mobile] Detection:', { isMobileDevice: isMobileDevice, isSmallScreen: isSmallScreen, isTouchDevice: isTouchDevice });\n    \n    if (isMobileDevice || (isSmallScreen &amp;&amp; isTouchDevice)) {\n        document.body.classList.add('mobile-mode');\n        console.log('[Mobile] Mobile mode enabled via JS');\n    }\n}\n\n// Run mobile detection immediately\ninitMobileMode();\n\n// Also run on DOM ready\ndocument.addEventListener('DOMContentLoaded', function() {\n    initMobileMode();\n});\n\n// Mobile orientation detection - Show overlay when in portrait mode on small screens\nvar pendingScaleUpdate = false;\n\nfunction checkMobileOrientation() {\n    var overlay = document.getElementById('orientation-overlay');\n    var playerContainer = document.getElementById('player-container...y,\n        toggleMute: toggleMute,\n        setVolume: setVolume,\n        toggleVolumeSlider: toggleVolumeSlider,\n        toggleSidebar: toggleSidebar,\n        updateScale: updateSlideScale,\n        refresh: function() {\n            // Re-render current slide completely (used after orientation change)\n            if (course &amp;&amp; course.slides) {\n                renderSlide(currentSlide);\n            }\n        }\n    };\n})();\n\n// Load course on page ready\ndocument.addEventListener('DOMContentLoaded', function() {\n    fetch('course.json')\n        .then(function(response) { return response.json(); })\n        .then(function(data) { \n            CoursePlayer.load(data);\n            // Initialize quiz controller with questions\n            if (typeof QuizController !== 'undefined' &amp;&amp; data.questions) {\n                QuizController.init(data);\n            }\n            // Initialize AI Tutor if configured\n            if (typeof AiTutor !== 'undefined' &amp;&amp; data.tutorConfig &amp;&amp; data.tutorConfig.enabled) {\n                AiTutor.init(data.tutorConfig);\n            }\n        })\n        .catch(function(error) { console.error('Failed to load course:', error); });\n});&quot;)&#10; +    where &lt;function search at 0xfe2bd3fcccc0&gt; = re.search">backend/tests/test_audio_timeline_progress_bar.py:87: in test_playSlideAudio_has_explicit_timeline_check
    assert re.search(pattern, player_js_content), "hasExplicitTimeline check not properly implemented"
E   AssertionError: hasExplicitTimeline check not properly implemented
E   assert None
E    +  where None = &lt;function search at 0xfe2bd3fcccc0&gt;('hasExplicitTimeline\\s*=.*some.*startTime.*&gt;\\s*0', "/**\n * SCORM Course Player\n */\n\n// Detect mobile device and apply mobile mode\nfunction initMobileMode() {\n    var isMobileDevice = /Android|webOS|iPhone|iPad|iPod|BlackBerry|IEMobile|Opera Mini/i.test(navigator.userAgent);\n    var isSmallScreen = window.innerWidth &lt; 1024 || window.innerHeight &lt; 700;\n    var isTouchDevice = 'ontouchstart' in window || navigator.maxTouchPoints &gt; 0;\n    \n    console.log('[Mobile] Detection:', { isMobileDevice: isMobileDevice, isSmallScreen: isSmallScreen, isTouchDevice: isTouchDevice });\n    \n    if (isMobileDevice || (isSmallScreen &amp;&amp; isTouchDevice)) {\n        document.body.classList.add('mobile-mode');\n        console.log('[Mobile] Mobile mode enabled via JS');\n    }\n}\n\n// Run mobile detection immediately\ninitMobileMode();\n\n// Also run on DOM ready\ndocument.addEventListener('DOMContentLoaded', function() {\n    initMobileMode();\n});\n\n// Mobile orientation detection - Show overlay when in portrait mode on small screens\nvar pendingScaleUpdate = false;\n\nfunction checkMobileOrientation() {\n    var overlay = document.getElementById('orientation-overlay');\n    var playerContainer = document.getElementById('player-container...y,\n        toggleMute: toggleMute,\n        setVolume: setVolume,\n        toggleVolumeSlider: toggleVolumeSlider,\n        toggleSidebar: toggleSidebar,\n        updateScale: updateSlideScale,\n        refresh: function() {\n            // Re-render current slide completely (used after orientation change)\n            if (course &amp;&amp; course.slides) {\n                renderSlide(currentSlide);\n            }\n        }\n    };\n})();\n\n// Load course on page ready\ndocument.addEventListener('DOMContentLoaded', function() {\n    fetch('course.json')\n        .then(function(response) { return response.json(); })\n        .then(function(data) { \n            CoursePlayer.load(data);\n            // Initialize quiz controller with questions\n            if (typeof QuizController !== 'undefined' &amp;&amp; data.questions) {\n                QuizController.init(data);\n            }\n            // Initialize AI Tutor if configured\n            if (typeof AiTutor !== 'undefined' &amp;&amp; data.tutorConfig &amp;&amp; data.tutorConfig.enabled) {\n                AiTutor.init(data.tutorConfig);\n            }\n        })\n        .catch(function(error) { console.error('Failed to load course:', error); });\n});")
E    +    where &lt;function search at 0xfe2bd3fcccc0&gt; = re.search</failure></testcase><testcase classname="backend.tests.test_audio_timeline_progress_bar.TestPlayerJSContent" name="test_playSlideAudio_has_three_modes" time="0.000" /><testcase classname="backend.tests.test_audio_timeline_progress_bar.TestPlayerJSContent" name="test_stop_all_slide_audios_clears_timeline_timers" time="0.000" /><testcase classname="backend.tests.test_audio_timeline_progress_bar.TestPlayerTemplateHTML" name="test_has_slide_timeline_bar_div" time="0.000" /><testcase classname="backend.tests.test_audio_timeline_progress_bar.TestPlayerTemplateHTML" name="test_has_slide_timeline_fill_div" time="0.000" /><testcase classname="backend.tests.test_audio_timeline_progress_bar.TestPlayerTemplateHTML" name="test_has_data_testid_attributes" time="0.000" /><testcase classname="backend.tests.test_audio_timeline_progress_bar.TestPlayerCSS" name="test_has_slide_timeline_bar_styles" time="0.000" /><testcase classname="backend.tests.test_audio_timeline_progress_bar.TestPlayerCSS" name="test_has_slide_timeline_fill_styles" time="0.000" /><testcase classname="backend.tests.test_audio_timeline_progress_bar.TestPlayerCSS" name="test_has_complete_class_styles" time="0.000" /><testcase classname="backend.tests.test_audio_timeline_progress_bar.TestPlayerCSS" name="test_has_pulse_animation" time="0.000" /><testcase classname="backend.tests.test_audio_timeline_progress_bar.TestSCORMExport" name="test_scorm_export_produces_valid_zip" time="1.489"><failure message="AssertionError: Unexpected content type: application/json&#10;assert ('zip' in 'application/json' or 'octet-stream' in 'application/json')&#10; +  where 'application/json' = &lt;built-in method lower of str object at 0xfe2bd22b9930&gt;()&#10; +    where &lt;built-in method lower of str object at 0xfe2bd22b9930&gt; = 'application/json'.lower&#10; +  and   'application/json' = &lt;built-in method lower of str object at 0xfe2bd22b9930&gt;()&#10; +    where &lt;built-in method lower of str object at 0xfe2bd22b9930&gt; = 'application/json'.lower">backend/tests/test_audio_timeline_progress_bar.py:206: in test_scorm_export_produces_valid_zip
    assert 'zip' in content_type.lower() or 'octet-stream' in content_type.lower(), f"Unexpected content type: {content_type}"
E   AssertionError: Unexpected content type: application/json
E   assert ('zip' in 'application/json' or 'octet-stream' in 'application/json')
E    +  where 'application/json' = &lt;built-in method lower of str object at 0xfe2bd22b9930&gt;()
E    +    where &lt;built-in method lower of str object at 0xfe2bd22b9930&gt; = 'application/json'.lower
E    +  and   'application/json' = &lt;built-in method lower of str object at 0xfe2bd22b9930&gt;()
E    +    where &lt;built-in method lower of str object at 0xfe2bd22b9930&gt; = 'application/json'.lower</failure></testcase><testcase classname="backend.tests.test_audio_timeline_progress_bar.TestSCORMExport" name="test_scorm_html_contains_timeline_bar" time="1.309"><failure message="zipfile.BadZipFile: File is not a zip file">backend/tests/test_audio_timeline_progress_bar.py:239: in test_scorm_html_contains_timeline_bar
    with zipfile.ZipFile(tmp_path, 'r') as zf:
         ^^^^^^^^^^^^^^^^^^^^^^^^^^^^^^
/usr/local/lib/python3.11/zipfile.py:1329: in __init__
    self._RealGetContents()
/usr/local/lib/python3.11/zipfile.py:1396: in _RealGetContents
    raise BadZipFile("File is not a zip file")
E   zipfile.BadZipFile: File is not a zip file</failure></testcase><testcase classname="backend.tests.test_audio_timeline_progress_bar.TestSCORMExport" name="test_scorm_css_contains_timeline_styles" time="1.358"><failure message="zipfile.BadZipFile: File is not a zip file">backend/tests/test_audio_timeline_progress_bar.py:264: in test_scorm_css_contains_timeline_styles
    with zipfile.ZipFile(tmp_path, 'r') as zf:
         ^^^^^^^^^^^^^^^^^^^^^^^^^^^^^^
/usr/local/lib/python3.11/zipfile.py:1329: in __init__
    self._RealGetContents()
/usr/local/lib/python3.11/zipfile.py:1396: in _RealGetContents
    raise BadZipFile("File is not a zip file")
E   zipfile.BadZipFile: File is not a zip file</failure></testcase><testcase classname="backend.tests.test_audio_timeline_progress_bar.TestSCORMExport" name="test_scorm_player_js_has_progress_functions" time="1.850"><failure message="zipfile.BadZipFile: File is not a zip file">backend/tests/test_audio_timeline_progress_bar.py:290: in test_scorm_player_js_has_progress_functions
    with zipfile.ZipFile(tmp_path, 'r') as zf:
         ^^^^^^^^^^^^^^^^^^^^^^^^^^^^^^
/usr/local/lib/python3.11/zipfile.py:1329: in __init__
    self._RealGetContents()
/usr/local/lib/python3.11/zipfile.py:1396: in _RealGetContents
    raise BadZipFile("File is not a zip file")
E   zipfile.BadZipFile: File is not a zip file</failure></testcase><testcase classname="backend.tests.test_audio_timeline_progress_bar.TestCourseJSONPreservesAudioStartTime" name="test_course_json_structure_in_export" time="1.734"><failure message="zipfile.BadZipFile: File is not a zip file">backend/tests/test_audio_timeline_progress_bar.py:328: in test_course_json_structure_in_export
    with zipfile.ZipFile(tmp_path, 'r') as zf:
         ^^^^^^^^^^^^^^^^^^^^^^^^^^^^^^
/usr/local/lib/python3.11/zipfile.py:1329: in __init__
    self._RealGetContents()
/usr/local/lib/python3.11/zipfile.py:1396: in _RealGetContents
    raise BadZipFile("File is not a zip file")
E   zipfile.BadZipFile: File is not a zip file</failure></testcase></testsuite></testsuites>