<?xml version="1.0" encoding="utf-8"?><testsuites name="pytest tests"><testsuite name="pytest" errors="0" failures="0" skipped="0" tests="6" time="84.202" timestamp="2026-03-30T13:23:03.900040+00:00" hostname="agent-env-1e59f915-afcd-4325-ad61-ab40ce2517fb"><testcase classname="backend.tests.test_new_slides_selection.TestNewSlidesSelectionBackend" name="test_preview_improvements_accepts_selected_new_slides" time="13.458" /><testcase classname="backend.tests.test_new_slides_selection.TestNewSlidesSelectionBackend" name="test_preview_improvements_with_only_new_slides" time="12.667" /><testcase classname="backend.tests.test_new_slides_selection.TestNewSlidesSelectionBackend" name="test_preview_improvements_with_null_new_slides" time="16.922" /><testcase classname="backend.tests.test_new_slides_selection.TestNewSlidesSelectionBackend" name="test_apply_improvements_accepts_selected_new_slides" time="6.719" /><testcase classname="backend.tests.test_new_slides_selection.TestNewSlidesSelectionBackend" name="test_agent_improvements_apply_model_has_selected_new_slides_field" time="26.609" /><testcase classname="backend.tests.test_new_slides_selection.TestNewSlidesSelectionBackend" name="test_analysis_returns_suggested_new_slides" time="7.765" /></testsuite></testsuites>