<?xml version="1.0" encoding="utf-8"?><testsuites name="pytest tests"><testsuite name="pytest" errors="0" failures="0" skipped="0" tests="16" time="7.215" timestamp="2026-02-24T14:28:28.355099+00:00" hostname="agent-env-288733d3-3810-4a1f-9624-1766d219989e"><testcase classname="backend.tests.test_audio_multiple_audios_fix.TestBackendHealth" name="test_health_endpoint_returns_200" time="0.172" /><testcase classname="backend.tests.test_audio_multiple_audios_fix.TestBackendHealth" name="test_api_root_returns_200" time="0.123" /><testcase classname="backend.tests.test_audio_multiple_audios_fix.TestTutorChatEndpoint" name="test_tutor_chat_endpoint_exists" time="0.200" /><testcase classname="backend.tests.test_audio_multiple_audios_fix.TestAudioTimelineFixInPlayerJS" name="test_explicit_timer_init_at_start_of_playSlideAudio" time="0.001" /><testcase classname="backend.tests.test_audio_multiple_audios_fix.TestAudioTimelineFixInPlayerJS" name="test_hasExplicitTimeline_detection" time="0.000" /><testcase classname="backend.tests.test_audio_multiple_audios_fix.TestAudioTimelineFixInPlayerJS" name="test_timeline_mode_guard_check" time="0.000" /><testcase classname="backend.tests.test_audio_multiple_audios_fix.TestAudioTimelineFixInPlayerJS" name="test_stopAllSlideAudios_clears_timers" time="0.000" /><testcase classname="backend.tests.test_audio_multiple_audios_fix.TestAudioTimelineFixInPlayerJS" name="test_default_text_color_fix" time="0.000" /><testcase classname="backend.tests.test_audio_multiple_audios_fix.TestAudioTimelineFixInPlayerJS" name="test_keyboard_guard_fix" time="0.001" /><testcase classname="backend.tests.test_audio_multiple_audios_fix.TestAudioTimelineFixInPlayerJS" name="test_slide_progress_bar_functions" time="0.000" /><testcase classname="backend.tests.test_audio_multiple_audios_fix.TestMultipleAudiosProject" name="test_project_exists" time="0.133" /><testcase classname="backend.tests.test_audio_multiple_audios_fix.TestMultipleAudiosProject" name="test_project_has_multiple_audios" time="0.141" /><testcase classname="backend.tests.test_audio_multiple_audios_fix.TestSCORMExport" name="test_scorm_export_produces_valid_zip" time="1.973" /><testcase classname="backend.tests.test_audio_multiple_audios_fix.TestSCORMExport" name="test_exported_player_js_has_timer_init_fix" time="1.973" /><testcase classname="backend.tests.test_audio_multiple_audios_fix.TestSCORMExport" name="test_exported_player_js_has_all_fixes" time="1.987" /><testcase classname="backend.tests.test_audio_multiple_audios_fix.TestServerStartupPerformance" name="test_multiple_rapid_health_checks" time="0.428" /></testsuite></testsuites>