<?xml version="1.0" encoding="utf-8"?><testsuites name="pytest tests"><testsuite name="pytest" errors="0" failures="0" skipped="0" tests="10" time="17.471" timestamp="2026-02-13T18:01:26.637099+00:00" hostname="agent-env-413b4aea-167a-47a9-bd0b-e47bb8d4eaa8"><testcase classname="tests.test_ai_narration.TestAINarrationGeneration" name="test_health_check" time="0.212" /><testcase classname="tests.test_ai_narration.TestAINarrationGeneration" name="test_generate_narration_returns_3_options" time="2.459" /><testcase classname="tests.test_ai_narration.TestAINarrationGeneration" name="test_narration_options_are_non_empty_strings" time="2.444" /><testcase classname="tests.test_ai_narration.TestAINarrationGeneration" name="test_style_parameter_educational" time="2.574" /><testcase classname="tests.test_ai_narration.TestAINarrationGeneration" name="test_style_parameter_conversational" time="2.005" /><testcase classname="tests.test_ai_narration.TestAINarrationGeneration" name="test_style_parameter_formal" time="2.875" /><testcase classname="tests.test_ai_narration.TestAINarrationGeneration" name="test_style_parameter_friendly" time="2.006" /><testcase classname="tests.test_ai_narration.TestAINarrationGeneration" name="test_response_includes_slide_id" time="2.360" /><testcase classname="tests.test_ai_narration.TestAINarrationGeneration" name="test_nonexistent_project_returns_404" time="0.177" /><testcase classname="tests.test_ai_narration.TestAINarrationGeneration" name="test_nonexistent_slide_returns_404" time="0.256" /></testsuite></testsuites>