<?xml version="1.0" encoding="utf-8"?><testsuites name="pytest tests"><testsuite name="pytest" errors="0" failures="0" skipped="0" tests="12" time="38.859" timestamp="2026-03-23T22:20:44.275439+00:00" hostname="agent-env-6de2599e-f08b-4120-a444-51cfdff23bcc"><testcase classname="backend.tests.test_apply_improvements_fix.TestApplyImprovementsFix" name="test_01_login_success" time="0.449" /><testcase classname="backend.tests.test_apply_improvements_fix.TestApplyImprovementsFix" name="test_02_list_projects" time="0.505" /><testcase classname="backend.tests.test_apply_improvements_fix.TestApplyImprovementsFix" name="test_03_agent_courses_list" time="0.392" /><testcase classname="backend.tests.test_apply_improvements_fix.TestApplyImprovementsFix" name="test_04_agent_analyze_course" time="5.916" /><testcase classname="backend.tests.test_apply_improvements_fix.TestApplyImprovementsFix" name="test_05_apply_improvements_endpoint_exists" time="8.041" /><testcase classname="backend.tests.test_apply_improvements_fix.TestApplyImprovementsFix" name="test_06_verify_element_y_positioning_logic" time="10.681" /><testcase classname="backend.tests.test_apply_improvements_fix.TestApplyImprovementsFix" name="test_07_verify_non_text_elements_preserved" time="11.491" /><testcase classname="backend.tests.test_apply_improvements_fix.TestApplyImprovementsFix" name="test_08_verify_header_bar_logic_in_code" time="0.377" /><testcase classname="backend.tests.test_apply_improvements_fix.TestApplyImprovementsFix" name="test_09_verify_fix_code_is_in_place" time="0.341" /><testcase classname="backend.tests.test_apply_improvements_fix.TestAgentPageUI" name="test_agent_check_access" time="0.378" /><testcase classname="backend.tests.test_apply_improvements_fix.TestAgentPageUI" name="test_agent_templates_endpoint" time="0.121" /><testcase classname="backend.tests.test_apply_improvements_fix.TestAgentPageUI" name="test_agent_design_templates_endpoint" time="0.098" /></testsuite></testsuites>