<?xml version="1.0" encoding="utf-8"?><testsuites name="pytest tests"><testsuite name="pytest" errors="0" failures="0" skipped="0" tests="12" time="20.513" timestamp="2026-03-02T15:43:36.337507+00:00" hostname="agent-env-e9f0b389-619f-4b38-bfe7-bad598d785b9"><testcase classname="backend.tests.test_heygen_integration.TestHealthEndpoint" name="test_health_endpoint" time="0.121" /><testcase classname="backend.tests.test_heygen_integration.TestHeyGenAvatarsAPI" name="test_get_avatars_with_limit" time="7.746" /><testcase classname="backend.tests.test_heygen_integration.TestHeyGenAvatarsAPI" name="test_avatars_default_response" time="9.354" /><testcase classname="backend.tests.test_heygen_integration.TestHeyGenVoicesAPI" name="test_get_portuguese_voices" time="0.594" /><testcase classname="backend.tests.test_heygen_integration.TestHeyGenVoicesAPI" name="test_voices_have_language_info" time="0.564" /><testcase classname="backend.tests.test_heygen_integration.TestHeyGenStatusEndpoint" name="test_heygen_status_existing_project" time="0.104" /><testcase classname="backend.tests.test_heygen_integration.TestHeyGenStatusEndpoint" name="test_heygen_status_nonexistent_project" time="0.104" /><testcase classname="backend.tests.test_heygen_integration.TestAgentSessionsAPI" name="test_create_session" time="0.099" /><testcase classname="backend.tests.test_heygen_integration.TestAgentMediaConfigAPI" name="test_media_config_with_heygen_settings" time="0.215" /><testcase classname="backend.tests.test_heygen_integration.TestAgentMediaConfigAPI" name="test_media_config_invalid_session" time="0.119" /><testcase classname="backend.tests.test_heygen_integration.TestAgentTemplatesAPI" name="test_get_templates_returns_6" time="1.320" /><testcase classname="backend.tests.test_heygen_integration.TestAgentCoursesAPI" name="test_get_agent_courses" time="0.102" /></testsuite></testsuites>