<?xml version="1.0" encoding="utf-8"?><testsuites name="pytest tests"><testsuite name="pytest" errors="0" failures="2" skipped="0" tests="16" time="4.568" timestamp="2026-02-24T13:27:26.618685+00:00" hostname="agent-env-288733d3-3810-4a1f-9624-1766d219989e"><testcase classname="tests.test_ppt_text_visibility_fix.TestPlayerJSTextColorFix" name="test_player_js_text_default_color" time="0.001" /><testcase classname="tests.test_ppt_text_visibility_fix.TestPlayerJSTextColorFix" name="test_player_js_shape_default_color" time="0.001" /><testcase classname="tests.test_ppt_text_visibility_fix.TestPlayerJSVisibleSkipFix" name="test_render_slide_no_visible_skip" time="0.001" /><testcase classname="tests.test_ppt_text_visibility_fix.TestPlayerJSVisibleSkipFix" name="test_render_slide_elements_foreach_iterates_all" time="0.001" /><testcase classname="tests.test_ppt_text_visibility_fix.TestPlayerJSOpacityGuard" name="test_apply_element_styles_opacity_guard" time="0.010" /><testcase classname="tests.test_ppt_text_visibility_fix.TestPlayerJSOpacityGuard" name="test_opacity_check_line_format" time="0.001" /><testcase classname="tests.test_ppt_text_visibility_fix.TestSCORMExportPPTElements" name="test_project_exists" time="0.228" /><testcase classname="tests.test_ppt_text_visibility_fix.TestSCORMExportPPTElements" name="test_project_has_ppt_elements" time="0.124" /><testcase classname="tests.test_ppt_text_visibility_fix.TestSCORMExportPPTElements" name="test_scorm_export_includes_all_elements" time="2.023"><failure message="zipfile.BadZipFile: File is not a zip file">tests/test_ppt_text_visibility_fix.py:233: in test_scorm_export_includes_all_elements
    with zipfile.ZipFile(zip_data, 'r') as zf:
         ^^^^^^^^^^^^^^^^^^^^^^^^^^^^^^
/usr/local/lib/python3.11/zipfile.py:1329: in __init__
    self._RealGetContents()
/usr/local/lib/python3.11/zipfile.py:1396: in _RealGetContents
    raise BadZipFile("File is not a zip file")
E   zipfile.BadZipFile: File is not a zip file</failure></testcase><testcase classname="tests.test_ppt_text_visibility_fix.TestSCORMExportPPTElements" name="test_exported_player_js_has_fixes" time="1.608"><failure message="zipfile.BadZipFile: File is not a zip file">tests/test_ppt_text_visibility_fix.py:270: in test_exported_player_js_has_fixes
    with zipfile.ZipFile(zip_data, 'r') as zf:
         ^^^^^^^^^^^^^^^^^^^^^^^^^^^^^^
/usr/local/lib/python3.11/zipfile.py:1329: in __init__
    self._RealGetContents()
/usr/local/lib/python3.11/zipfile.py:1396: in _RealGetContents
    raise BadZipFile("File is not a zip file")
E   zipfile.BadZipFile: File is not a zip file</failure></testcase><testcase classname="tests.test_ppt_text_visibility_fix.TestPreviousFixesIntact" name="test_audio_timeline_has_explicit_timeline" time="0.002" /><testcase classname="tests.test_ppt_text_visibility_fix.TestPreviousFixesIntact" name="test_slide_progress_bar_functions" time="0.000" /><testcase classname="tests.test_ppt_text_visibility_fix.TestPreviousFixesIntact" name="test_keyboard_input_guard" time="0.001" /><testcase classname="tests.test_ppt_text_visibility_fix.TestPreviousFixesIntact" name="test_tutor_stopPropagation" time="0.000" /><testcase classname="tests.test_ppt_text_visibility_fix.TestHealthAndAPI" name="test_health_endpoint" time="0.137" /><testcase classname="tests.test_ppt_text_visibility_fix.TestHealthAndAPI" name="test_projects_list" time="0.192" /></testsuite></testsuites>