<?xml version="1.0" encoding="utf-8"?><testsuites name="pytest tests"><testsuite name="pytest" errors="0" failures="0" skipped="1" tests="26" time="3.578" timestamp="2026-03-02T15:00:54.552757+00:00" hostname="agent-env-13e9c9ed-ff16-4805-adc6-d32de4d7bfc6"><testcase classname="tests.test_content_quiz_improvements.TestProjectExists" name="test_project_exists" time="0.193" /><testcase classname="tests.test_content_quiz_improvements.TestProjectExists" name="test_project_has_13_slides" time="0.119" /><testcase classname="tests.test_content_quiz_improvements.TestContentSlidesWordCount" name="test_content_slide_word_count[1]" time="0.172" /><testcase classname="tests.test_content_quiz_improvements.TestContentSlidesWordCount" name="test_content_slide_word_count[2]" time="0.159" /><testcase classname="tests.test_content_quiz_improvements.TestContentSlidesWordCount" name="test_content_slide_word_count[3]" time="0.121" /><testcase classname="tests.test_content_quiz_improvements.TestContentSlidesWordCount" name="test_content_slide_word_count[5]" time="0.128" /><testcase classname="tests.test_content_quiz_improvements.TestContentSlidesWordCount" name="test_content_slide_word_count[6]" time="0.107" /><testcase classname="tests.test_content_quiz_improvements.TestContentSlidesWordCount" name="test_content_slide_word_count[7]" time="0.165" /><testcase classname="tests.test_content_quiz_improvements.TestContentSlidesWordCount" name="test_content_slide_word_count[9]" time="0.124" /><testcase classname="tests.test_content_quiz_improvements.TestContentSlidesWordCount" name="test_content_slide_word_count[10]" time="0.135" /><testcase classname="tests.test_content_quiz_improvements.TestQuizSlidesHaveQuizElements" name="test_quiz_slide_has_quiz_element[4]" time="0.121" /><testcase classname="tests.test_content_quiz_improvements.TestQuizSlidesHaveQuizElements" name="test_quiz_slide_has_quiz_element[8]" time="0.120" /><testcase classname="tests.test_content_quiz_improvements.TestQuizSlidesHaveQuizElements" name="test_quiz_slide_has_quiz_element[11]" time="0.107" /><testcase classname="tests.test_content_quiz_improvements.TestQuizSlidesHaveQuizElements" name="test_quiz_element_has_quizConfig[4]" time="0.129" /><testcase classname="tests.test_content_quiz_improvements.TestQuizSlidesHaveQuizElements" name="test_quiz_element_has_quizConfig[8]" time="0.131" /><testcase classname="tests.test_content_quiz_improvements.TestQuizSlidesHaveQuizElements" name="test_quiz_element_has_quizConfig[11]" time="0.135" /><testcase classname="tests.test_content_quiz_improvements.TestQuizSlidesHaveQuizElements" name="test_quizConfig_has_correct_settings[4]" time="0.111" /><testcase classname="tests.test_content_quiz_improvements.TestQuizSlidesHaveQuizElements" name="test_quizConfig_has_correct_settings[8]" time="0.113" /><testcase classname="tests.test_content_quiz_improvements.TestQuizSlidesHaveQuizElements" name="test_quizConfig_has_correct_settings[11]" time="0.116" /><testcase classname="tests.test_content_quiz_improvements.TestQuestionsCollection" name="test_questions_endpoint_exists" time="0.120"><skipped type="pytest.skip" message="Questions endpoint not implemented">/app/backend/tests/test_content_quiz_improvements.py:125: Questions endpoint not implemented</skipped></testcase><testcase classname="tests.test_content_quiz_improvements.TestSummarySlideContent" name="test_summary_slide_word_count" time="0.135" /><testcase classname="tests.test_content_quiz_improvements.TestAgentCoursesEndpoint" name="test_agent_courses_returns_list" time="0.104" /><testcase classname="tests.test_content_quiz_improvements.TestAgentCoursesEndpoint" name="test_agent_courses_has_at_least_2" time="0.171" /><testcase classname="tests.test_content_quiz_improvements.TestAgentCoursesEndpoint" name="test_agent_courses_includes_test_project" time="0.131" /><testcase classname="tests.test_content_quiz_improvements.TestAPIHealth" name="test_api_health" time="0.107" /><testcase classname="tests.test_content_quiz_improvements.TestAPIHealth" name="test_projects_list" time="0.170" /></testsuite></testsuites>