<?xml version="1.0" encoding="utf-8"?><testsuites name="pytest tests"><testsuite name="pytest" errors="0" failures="0" skipped="0" tests="16" time="5.310" timestamp="2026-02-24T13:27:52.014694+00:00" hostname="agent-env-288733d3-3810-4a1f-9624-1766d219989e"><testcase classname="tests.test_ppt_text_visibility_fix.TestPlayerJSTextColorFix" name="test_player_js_text_default_color" time="0.001" /><testcase classname="tests.test_ppt_text_visibility_fix.TestPlayerJSTextColorFix" name="test_player_js_shape_default_color" time="0.001" /><testcase classname="tests.test_ppt_text_visibility_fix.TestPlayerJSVisibleSkipFix" name="test_render_slide_no_visible_skip" time="0.001" /><testcase classname="tests.test_ppt_text_visibility_fix.TestPlayerJSVisibleSkipFix" name="test_render_slide_elements_foreach_iterates_all" time="0.000" /><testcase classname="tests.test_ppt_text_visibility_fix.TestPlayerJSOpacityGuard" name="test_apply_element_styles_opacity_guard" time="0.001" /><testcase classname="tests.test_ppt_text_visibility_fix.TestPlayerJSOpacityGuard" name="test_opacity_check_line_format" time="0.000" /><testcase classname="tests.test_ppt_text_visibility_fix.TestSCORMExportPPTElements" name="test_project_exists" time="0.130" /><testcase classname="tests.test_ppt_text_visibility_fix.TestSCORMExportPPTElements" name="test_project_has_ppt_elements" time="0.107" /><testcase classname="tests.test_ppt_text_visibility_fix.TestSCORMExportPPTElements" name="test_scorm_export_includes_all_elements" time="2.555" /><testcase classname="tests.test_ppt_text_visibility_fix.TestSCORMExportPPTElements" name="test_exported_player_js_has_fixes" time="2.094" /><testcase classname="tests.test_ppt_text_visibility_fix.TestPreviousFixesIntact" name="test_audio_timeline_has_explicit_timeline" time="0.001" /><testcase classname="tests.test_ppt_text_visibility_fix.TestPreviousFixesIntact" name="test_slide_progress_bar_functions" time="0.000" /><testcase classname="tests.test_ppt_text_visibility_fix.TestPreviousFixesIntact" name="test_keyboard_input_guard" time="0.001" /><testcase classname="tests.test_ppt_text_visibility_fix.TestPreviousFixesIntact" name="test_tutor_stopPropagation" time="0.000" /><testcase classname="tests.test_ppt_text_visibility_fix.TestHealthAndAPI" name="test_health_endpoint" time="0.165" /><testcase classname="tests.test_ppt_text_visibility_fix.TestHealthAndAPI" name="test_projects_list" time="0.171" /></testsuite></testsuites>