<?xml version="1.0" encoding="utf-8"?><testsuites name="pytest tests"><testsuite name="pytest" errors="0" failures="0" skipped="0" tests="15" time="1.586" timestamp="2026-03-05T15:47:31.958205+00:00" hostname="agent-env-ecbcbea2-bf34-462f-9471-ea23b33511aa"><testcase classname="backend.tests.test_narration_perslide_cost" name="test_save_narration_config_endpoint_returns_200" time="0.181" /><testcase classname="backend.tests.test_narration_perslide_cost" name="test_save_narration_config_returns_enabled_count" time="0.077" /><testcase classname="backend.tests.test_narration_perslide_cost" name="test_save_narration_config_persists_to_mongodb" time="0.069" /><testcase classname="backend.tests.test_narration_perslide_cost" name="test_save_narration_config_invalid_session_returns_404" time="0.058" /><testcase classname="backend.tests.test_narration_perslide_cost" name="test_cost_estimate_endpoint_returns_200" time="0.067" /><testcase classname="backend.tests.test_narration_perslide_cost" name="test_cost_estimate_returns_full_structure" time="0.064" /><testcase classname="backend.tests.test_narration_perslide_cost" name="test_cost_estimate_narration_cost_when_enabled" time="0.125" /><testcase classname="backend.tests.test_narration_perslide_cost" name="test_cost_estimate_elevenlabs_starter_pricing" time="0.121" /><testcase classname="backend.tests.test_narration_perslide_cost" name="test_cost_estimate_narration_zero_when_disabled" time="0.130" /><testcase classname="backend.tests.test_narration_perslide_cost" name="test_cost_estimate_invalid_session_returns_404" time="0.070" /><testcase classname="backend.tests.test_narration_perslide_cost" name="test_elevenlabs_voices_endpoint_returns_200" time="0.299" /><testcase classname="backend.tests.test_narration_perslide_cost" name="test_elevenlabs_voices_returns_list_with_fields" time="0.187" /><testcase classname="backend.tests.test_narration_perslide_cost" name="test_cost_per_char_formula" time="0.000" /><testcase classname="backend.tests.test_narration_perslide_cost" name="test_sample_cost_calculations" time="0.000" /><testcase classname="backend.tests.test_narration_perslide_cost" name="test_quota_percentage_calculation" time="0.000" /></testsuite></testsuites>