<?xml version="1.0" encoding="utf-8"?><testsuites name="pytest tests"><testsuite name="pytest" errors="0" failures="0" skipped="0" tests="8" time="3.253" timestamp="2026-04-02T16:42:14.671230+00:00" hostname="agent-env-482968e2-8eb8-4259-9239-204418b2963b"><testcase classname="tests.test_iteration97_new_types.TestAuthAndBasicEndpoints" name="test_login_returns_token" time="0.357" /><testcase classname="tests.test_iteration97_new_types.TestAuthAndBasicEndpoints" name="test_agent_courses_with_auth" time="0.449" /><testcase classname="tests.test_iteration97_new_types.TestAuthAndBasicEndpoints" name="test_agent_courses_without_auth" time="0.102" /><testcase classname="tests.test_iteration97_new_types.TestAgentAnalyzeEndpoint" name="test_agent_session_create" time="0.483" /><testcase classname="tests.test_iteration97_new_types.TestAgentAnalyzeEndpoint" name="test_agent_analyze_course_endpoint_exists" time="0.427" /><testcase classname="tests.test_iteration97_new_types.TestDesignTemplates" name="test_design_templates_endpoint" time="0.456" /><testcase classname="tests.test_iteration97_new_types.TestAgentTemplates" name="test_agent_templates_endpoint" time="0.455" /><testcase classname="tests.test_iteration97_new_types.TestDashboardMetrics" name="test_dashboard_metrics" time="0.459" /></testsuite></testsuites>