<?xml version="1.0" encoding="utf-8"?><testsuites name="pytest tests"><testsuite name="pytest" errors="0" failures="0" skipped="0" tests="20" time="4.873" timestamp="2026-03-02T14:00:29.476364+00:00" hostname="agent-env-13e9c9ed-ff16-4805-adc6-d32de4d7bfc6"><testcase classname="tests.test_visual_improvements.TestAgentTemplates" name="test_templates_endpoint_returns_200" time="2.114" /><testcase classname="tests.test_visual_improvements.TestAgentTemplates" name="test_templates_returns_6" time="0.153" /><testcase classname="tests.test_visual_improvements.TestAgentTemplates" name="test_expected_template_ids" time="0.126" /><testcase classname="tests.test_visual_improvements.TestAgentCourses" name="test_courses_endpoint_returns_200" time="0.119" /><testcase classname="tests.test_visual_improvements.TestAgentCourses" name="test_courses_returns_list" time="0.152" /><testcase classname="tests.test_visual_improvements.TestAgentCourses" name="test_existing_course_in_list" time="0.138" /><testcase classname="tests.test_visual_improvements.TestGeneratedCourseVisualStructure" name="test_project_exists" time="0.139" /><testcase classname="tests.test_visual_improvements.TestGeneratedCourseVisualStructure" name="test_project_marked_as_agent_created" time="0.113" /><testcase classname="tests.test_visual_improvements.TestGeneratedCourseVisualStructure" name="test_slides_have_backgrounds" time="0.108" /><testcase classname="tests.test_visual_improvements.TestGeneratedCourseVisualStructure" name="test_title_slides_have_dark_background" time="0.118" /><testcase classname="tests.test_visual_improvements.TestGeneratedCourseVisualStructure" name="test_content_slides_have_light_background" time="0.121" /><testcase classname="tests.test_visual_improvements.TestGeneratedCourseVisualStructure" name="test_quiz_slides_have_dark_background" time="0.120" /><testcase classname="tests.test_visual_improvements.TestGeneratedCourseStockImages" name="test_content_slides_have_images" time="0.144" /><testcase classname="tests.test_visual_improvements.TestGeneratedCourseStockImages" name="test_image_src_points_to_stock_assets" time="0.129" /><testcase classname="tests.test_visual_improvements.TestGeneratedCourseStockImages" name="test_stock_images_are_accessible" time="0.258" /><testcase classname="tests.test_visual_improvements.TestGeneratedCourseElementStructure" name="test_title_slides_have_html_elements" time="0.107" /><testcase classname="tests.test_visual_improvements.TestGeneratedCourseElementStructure" name="test_content_slides_have_4_elements" time="0.110" /><testcase classname="tests.test_visual_improvements.TestGeneratedCourseElementStructure" name="test_quiz_slides_have_elements" time="0.103" /><testcase classname="tests.test_visual_improvements.TestAgentSessionFlow" name="test_create_session" time="0.119" /><testcase classname="tests.test_visual_improvements.TestAgentSessionFlow" name="test_session_can_upload_text" time="0.242" /></testsuite></testsuites>