<?xml version="1.0" encoding="utf-8"?><testsuites name="pytest tests"><testsuite name="pytest" errors="0" failures="0" skipped="0" tests="9" time="8.754" timestamp="2026-02-23T20:35:57.490392+00:00" hostname="agent-env-288733d3-3810-4a1f-9624-1766d219989e"><testcase classname="backend.tests.test_keyboard_bugfix.TestHealthEndpoint" name="test_health_returns_200" time="0.296" /><testcase classname="backend.tests.test_keyboard_bugfix.TestTutorSettingsAPI" name="test_get_tutor_settings" time="0.118" /><testcase classname="backend.tests.test_keyboard_bugfix.TestTutorSettingsAPI" name="test_put_tutor_settings" time="0.632" /><testcase classname="backend.tests.test_keyboard_bugfix.TestTutorChatAPI" name="test_tutor_chat_reachable" time="0.177" /><testcase classname="backend.tests.test_keyboard_bugfix.TestSCORMExport" name="test_scorm_export_returns_valid_package" time="2.250" /><testcase classname="backend.tests.test_keyboard_bugfix.TestSCORMExport" name="test_scorm_contains_player_js_with_bugfix" time="1.671" /><testcase classname="backend.tests.test_keyboard_bugfix.TestSCORMExport" name="test_scorm_contains_tutor_js_with_bugfix" time="3.498" /><testcase classname="backend.tests.test_keyboard_bugfix.TestExportAssetsFiles" name="test_player_js_source_has_bugfix" time="0.001" /><testcase classname="backend.tests.test_keyboard_bugfix.TestExportAssetsFiles" name="test_tutor_js_source_has_bugfix" time="0.000" /></testsuite></testsuites>