<?xml version="1.0" encoding="utf-8"?><testsuites name="pytest tests"><testsuite name="pytest" errors="0" failures="0" skipped="0" tests="6" time="8.989" timestamp="2026-02-27T19:25:24.866538+00:00" hostname="agent-env-49476675-ce74-4647-b8ab-046b03245251"><testcase classname="tests.test_libras_script.TestLibrasScriptField" name="test_project_api_returns_libras_script" time="0.509" /><testcase classname="tests.test_libras_script.TestLibrasScriptField" name="test_update_slide_with_libras_script" time="0.586" /><testcase classname="tests.test_libras_script.TestScormExportWithLibras" name="test_scorm_export_contains_libras_script" time="3.261" /><testcase classname="tests.test_libras_script.TestScormExportWithLibras" name="test_scorm_player_contains_vlibras_code" time="2.631" /><testcase classname="tests.test_libras_script.TestHtmlExportWithLibras" name="test_html_export_contains_vlibras_code" time="1.479" /><testcase classname="tests.test_libras_script.TestVLibrasWidgetInEditor" name="test_editor_page_loads_vlibras" time="0.457" /></testsuite></testsuites>