<?xml version="1.0" encoding="utf-8"?><testsuites name="pytest tests"><testsuite name="pytest" errors="0" failures="1" skipped="0" tests="16" time="8.005" timestamp="2026-02-24T14:27:43.652756+00:00" hostname="agent-env-288733d3-3810-4a1f-9624-1766d219989e"><testcase classname="backend.tests.test_audio_multiple_audios_fix.TestBackendHealth" name="test_health_endpoint_returns_200" time="0.198" /><testcase classname="backend.tests.test_audio_multiple_audios_fix.TestBackendHealth" name="test_api_root_returns_200" time="0.129" /><testcase classname="backend.tests.test_audio_multiple_audios_fix.TestTutorChatEndpoint" name="test_tutor_chat_endpoint_exists" time="0.153" /><testcase classname="backend.tests.test_audio_multiple_audios_fix.TestAudioTimelineFixInPlayerJS" name="test_explicit_timer_init_at_start_of_playSlideAudio" time="0.001" /><testcase classname="backend.tests.test_audio_multiple_audios_fix.TestAudioTimelineFixInPlayerJS" name="test_hasExplicitTimeline_detection" time="0.000" /><testcase classname="backend.tests.test_audio_multiple_audios_fix.TestAudioTimelineFixInPlayerJS" name="test_timeline_mode_guard_check" time="0.000" /><testcase classname="backend.tests.test_audio_multiple_audios_fix.TestAudioTimelineFixInPlayerJS" name="test_stopAllSlideAudios_clears_timers" time="0.001"><failure message="AssertionError: Timer clearing not found in stopAllSlideAudios&#10;assert 'audioTimelineTimers.forEach' in '\n        activeSlideAudios.forEach(function(audio) {\n            try {\n                audio.pause();\n                audio.currentTime = 0;\n            '">backend/tests/test_audio_multiple_audios_fix.py:132: in test_stopAllSlideAudios_clears_timers
    assert 'audioTimelineTimers.forEach' in func_body, "Timer clearing not found in stopAllSlideAudios"
E   AssertionError: Timer clearing not found in stopAllSlideAudios
E   assert 'audioTimelineTimers.forEach' in '\n        activeSlideAudios.forEach(function(audio) {\n            try {\n                audio.pause();\n                audio.currentTime = 0;\n            '</failure></testcase><testcase classname="backend.tests.test_audio_multiple_audios_fix.TestAudioTimelineFixInPlayerJS" name="test_default_text_color_fix" time="0.000" /><testcase classname="backend.tests.test_audio_multiple_audios_fix.TestAudioTimelineFixInPlayerJS" name="test_keyboard_guard_fix" time="0.001" /><testcase classname="backend.tests.test_audio_multiple_audios_fix.TestAudioTimelineFixInPlayerJS" name="test_slide_progress_bar_functions" time="0.000" /><testcase classname="backend.tests.test_audio_multiple_audios_fix.TestMultipleAudiosProject" name="test_project_exists" time="0.146" /><testcase classname="backend.tests.test_audio_multiple_audios_fix.TestMultipleAudiosProject" name="test_project_has_multiple_audios" time="0.152" /><testcase classname="backend.tests.test_audio_multiple_audios_fix.TestSCORMExport" name="test_scorm_export_produces_valid_zip" time="2.433" /><testcase classname="backend.tests.test_audio_multiple_audios_fix.TestSCORMExport" name="test_exported_player_js_has_timer_init_fix" time="2.355" /><testcase classname="backend.tests.test_audio_multiple_audios_fix.TestSCORMExport" name="test_exported_player_js_has_all_fixes" time="1.856" /><testcase classname="backend.tests.test_audio_multiple_audios_fix.TestServerStartupPerformance" name="test_multiple_rapid_health_checks" time="0.407" /></testsuite></testsuites>