<?xml version="1.0" encoding="utf-8"?><testsuites name="pytest tests"><testsuite name="pytest" errors="0" failures="0" skipped="0" tests="23" time="5.123" timestamp="2026-03-05T12:50:04.968385+00:00" hostname="agent-env-77eacac1-c10d-4e9f-a962-52b04a058012"><testcase classname="tests.test_refactored_endpoints.TestHealthEndpoints" name="test_root_health" time="0.250" /><testcase classname="tests.test_refactored_endpoints.TestHealthEndpoints" name="test_api_health" time="0.130" /><testcase classname="tests.test_refactored_endpoints.TestHealthEndpoints" name="test_api_root" time="0.119" /><testcase classname="tests.test_refactored_endpoints.TestAuthRoutes" name="test_login_success" time="0.360" /><testcase classname="tests.test_refactored_endpoints.TestAuthRoutes" name="test_login_invalid_credentials" time="0.140" /><testcase classname="tests.test_refactored_endpoints.TestAuthRoutes" name="test_auth_me_with_token" time="0.458" /><testcase classname="tests.test_refactored_endpoints.TestAuthRoutes" name="test_auth_me_without_token" time="0.147" /><testcase classname="tests.test_refactored_endpoints.TestProjectRoutes" name="test_list_projects" time="0.191" /><testcase classname="tests.test_refactored_endpoints.TestProjectRoutes" name="test_get_project_by_id" time="0.118" /><testcase classname="tests.test_refactored_endpoints.TestProjectRoutes" name="test_get_project_not_found" time="0.130" /><testcase classname="tests.test_refactored_endpoints.TestCourseRoutes" name="test_get_course_data" time="0.113" /><testcase classname="tests.test_refactored_endpoints.TestCourseRoutes" name="test_get_course_not_found" time="0.119" /><testcase classname="tests.test_refactored_endpoints.TestQuestionsRoutes" name="test_list_questions" time="0.117" /><testcase classname="tests.test_refactored_endpoints.TestQuestionsRoutes" name="test_list_questions_by_project" time="0.111" /><testcase classname="tests.test_refactored_endpoints.TestAdminRoutes" name="test_get_tutor_settings" time="0.117" /><testcase classname="tests.test_refactored_endpoints.TestAdminRoutes" name="test_get_admin_reports" time="0.436" /><testcase classname="tests.test_refactored_endpoints.TestAdminRoutes" name="test_admin_reports_requires_auth" time="0.108" /><testcase classname="tests.test_refactored_endpoints.TestAgentRoutes" name="test_check_agent_access_with_token" time="0.428" /><testcase classname="tests.test_refactored_endpoints.TestAgentRoutes" name="test_check_agent_access_without_token" time="0.113" /><testcase classname="tests.test_refactored_endpoints.TestElevenLabsRoutes" name="test_list_voices" time="0.227" /><testcase classname="tests.test_refactored_endpoints.TestVLibrasRoutes" name="test_vlibras_proxy_test_page" time="0.116" /><testcase classname="tests.test_refactored_endpoints.TestAssetServing" name="test_serve_project_asset" time="0.175" /><testcase classname="tests.test_refactored_endpoints.TestComprehensiveFlow" name="test_full_auth_flow" time="0.753" /></testsuite></testsuites>