<?xml version="1.0" encoding="utf-8"?><testsuites name="pytest tests"><testsuite name="pytest" errors="0" failures="0" skipped="0" tests="12" time="10.041" timestamp="2026-04-06T19:45:56.201632+00:00" hostname="agent-env-2cdf8abc-6840-46f0-bde8-aa34cff92d91"><testcase classname="backend.tests.test_approval_company_tutor_dashboard.TestApprovalWorkflowWithCompany" name="test_submit_for_approval_without_company_returns_400" time="0.835" /><testcase classname="backend.tests.test_approval_company_tutor_dashboard.TestApprovalWorkflowWithCompany" name="test_submit_for_approval_with_invalid_company_returns_404" time="0.790" /><testcase classname="backend.tests.test_approval_company_tutor_dashboard.TestApprovalWorkflowWithCompany" name="test_get_companies_list" time="0.906" /><testcase classname="backend.tests.test_approval_company_tutor_dashboard.TestApprovalWorkflowWithCompany" name="test_approval_queue_super_admin_sees_all" time="0.849" /><testcase classname="backend.tests.test_approval_company_tutor_dashboard.TestApprovalWorkflowWithCompany" name="test_approval_queue_aprovador_sees_only_their_company" time="0.801" /><testcase classname="backend.tests.test_approval_company_tutor_dashboard.TestTutorDashboard" name="test_tutor_dashboard_endpoint_exists" time="0.468" /><testcase classname="backend.tests.test_approval_company_tutor_dashboard.TestTutorDashboard" name="test_tutor_dashboard_has_sample_data" time="0.498" /><testcase classname="backend.tests.test_approval_company_tutor_dashboard.TestTutorDashboard" name="test_tutor_dashboard_course_detail_endpoint" time="0.636" /><testcase classname="backend.tests.test_approval_company_tutor_dashboard.TestTutorDashboard" name="test_tutor_dashboard_company_breakdown" time="0.461" /><testcase classname="backend.tests.test_approval_company_tutor_dashboard.TestTutorDashboardAccessControl" name="test_tutor_dashboard_denied_for_aprovador" time="0.836" /><testcase classname="backend.tests.test_approval_company_tutor_dashboard.TestTutorDashboardAccessControl" name="test_tutor_dashboard_denied_without_auth" time="0.818" /><testcase classname="backend.tests.test_approval_company_tutor_dashboard.TestTutorChatLogging" name="test_tutor_chat_endpoint_exists" time="2.069" /></testsuite></testsuites>