<?xml version="1.0" encoding="utf-8"?><testsuites name="pytest tests"><testsuite name="pytest" errors="0" failures="0" skipped="0" tests="13" time="11.733" timestamp="2026-03-24T20:09:00.175223+00:00" hostname="agent-env-a76ec75b-dc27-4b88-acda-fd28e9395ec7"><testcase classname="tests.test_route_registration.TestHealthAndBasicEndpoints" name="test_health_endpoint" time="0.128" /><testcase classname="tests.test_route_registration.TestAuthAndLogin" name="test_login_works" time="0.361" /><testcase classname="tests.test_route_registration.TestCompaniesRoute" name="test_list_companies_returns_200" time="0.509" /><testcase classname="tests.test_route_registration.TestCompaniesRoute" name="test_list_companies_returns_expected_data" time="0.106" /><testcase classname="tests.test_route_registration.TestCompaniesRoute" name="test_create_and_delete_company" time="0.224" /><testcase classname="tests.test_route_registration.TestUsersRoute" name="test_list_users_returns_200" time="0.596" /><testcase classname="tests.test_route_registration.TestUsersRoute" name="test_list_users_returns_expected_count" time="0.129" /><testcase classname="tests.test_route_registration.TestQuestionsRoute" name="test_questions_endpoint_exists" time="0.554" /><testcase classname="tests.test_route_registration.TestElevenLabsRoute" name="test_elevenlabs_voices_endpoint_exists" time="0.559" /><testcase classname="tests.test_route_registration.TestGalleryRoute" name="test_gallery_images_endpoint_exists" time="0.455" /><testcase classname="tests.test_route_registration.TestHeygenRoute" name="test_heygen_avatars_endpoint_exists" time="7.073" /><testcase classname="tests.test_route_registration.TestScenariosRoute" name="test_scenarios_endpoint_exists" time="0.518" /><testcase classname="tests.test_route_registration.TestVlibrasRoute" name="test_vlibras_proxy_endpoint_exists" time="0.452" /></testsuite></testsuites>