<?xml version="1.0" encoding="utf-8"?><testsuites name="pytest tests"><testsuite name="pytest" errors="0" failures="0" skipped="0" tests="14" time="7.939" timestamp="2026-02-24T12:33:52.192536+00:00" hostname="agent-env-288733d3-3810-4a1f-9624-1766d219989e"><testcase classname="backend.tests.test_audio_timeline_fix.TestPlayerJSAudioTimelineFix" name="test_player_js_exists" time="0.001" /><testcase classname="backend.tests.test_audio_timeline_fix.TestPlayerJSAudioTimelineFix" name="test_playSlideAudio_has_timeline_mode" time="0.000" /><testcase classname="backend.tests.test_audio_timeline_fix.TestPlayerJSAudioTimelineFix" name="test_playSlideAudio_timeline_mode_uses_setTimeout" time="0.000" /><testcase classname="backend.tests.test_audio_timeline_fix.TestPlayerJSAudioTimelineFix" name="test_playSlideAudio_sequential_mode_uses_ended" time="0.000" /><testcase classname="backend.tests.test_audio_timeline_fix.TestPlayerJSAudioTimelineFix" name="test_stopAllSlideAudios_clears_timers" time="0.001" /><testcase classname="backend.tests.test_audio_timeline_fix.TestKeyboardFixIntact" name="test_player_js_keyboard_guard" time="0.001" /><testcase classname="backend.tests.test_audio_timeline_fix.TestKeyboardFixIntact" name="test_tutor_js_stopPropagation" time="0.000" /><testcase classname="backend.tests.test_audio_timeline_fix.TestTutorContextExtractionFix" name="test_scorm_exporter_reads_content_field" time="0.000" /><testcase classname="backend.tests.test_audio_timeline_fix.TestSCORMExportAPI" name="test_health_endpoint" time="0.236" /><testcase classname="backend.tests.test_audio_timeline_fix.TestSCORMExportAPI" name="test_tutor_settings_endpoint" time="0.181" /><testcase classname="backend.tests.test_audio_timeline_fix.TestSCORMExportAPI" name="test_export_scorm_produces_valid_zip" time="2.357" /><testcase classname="backend.tests.test_audio_timeline_fix.TestSCORMExportAPI" name="test_scorm_zip_contains_tutor_js" time="2.168" /><testcase classname="backend.tests.test_audio_timeline_fix.TestTutorChatEndpoint" name="test_tutor_chat_empty_message_returns_400" time="0.103" /><testcase classname="backend.tests.test_audio_timeline_fix.TestTutorChatEndpoint" name="test_tutor_chat_with_context_returns_response" time="2.766" /></testsuite></testsuites>