<?xml version="1.0" encoding="utf-8"?><testsuites name="pytest tests"><testsuite name="pytest" errors="0" failures="0" skipped="0" tests="10" time="1.303" timestamp="2026-02-05T19:31:42.124500+00:00" hostname="agent-env-e0035e89-c7d4-4179-aa2d-a3eda9c8fc31"><testcase classname="backend.tests.test_video_library.TestVideoLibraryAPI" name="test_api_health" time="0.093" /><testcase classname="backend.tests.test_video_library.TestVideoLibraryAPI" name="test_list_heygen_videos" time="0.074" /><testcase classname="backend.tests.test_video_library.TestVideoLibraryAPI" name="test_list_videos_with_project_filter" time="0.069" /><testcase classname="backend.tests.test_video_library.TestVideoLibraryAPI" name="test_video_status_values" time="0.051" /><testcase classname="backend.tests.test_video_library.TestVideoLibraryAPI" name="test_completed_videos_have_url" time="0.090" /><testcase classname="backend.tests.test_video_library.TestVideoLibraryAPI" name="test_refresh_video_status" time="0.308" /><testcase classname="backend.tests.test_video_library.TestVideoLibraryAPI" name="test_refresh_nonexistent_video" time="0.205" /><testcase classname="backend.tests.test_video_library.TestVideoLibraryAPI" name="test_videos_sorted_by_date" time="0.067" /><testcase classname="backend.tests.test_video_library.TestVideoDataIntegrity" name="test_video_script_stored" time="0.073" /><testcase classname="backend.tests.test_video_library.TestVideoDataIntegrity" name="test_video_created_at_format" time="0.052" /></testsuite></testsuites>