<?xml version="1.0" encoding="utf-8"?><testsuites name="pytest tests"><testsuite name="pytest" errors="0" failures="0" skipped="0" tests="14" time="5.745" timestamp="2026-04-06T19:25:26.155081+00:00" hostname="agent-env-2cdf8abc-6840-46f0-bde8-aa34cff92d91"><testcase classname="backend.tests.test_approval_workflow.TestAuthAndRoles" name="test_super_admin_login" time="0.373" /><testcase classname="backend.tests.test_approval_workflow.TestAuthAndRoles" name="test_aprovador_login" time="0.336" /><testcase classname="backend.tests.test_approval_workflow.TestAuthAndRoles" name="test_super_admin_me_endpoint" time="0.118" /><testcase classname="backend.tests.test_approval_workflow.TestAuthAndRoles" name="test_aprovador_me_endpoint" time="0.102" /><testcase classname="backend.tests.test_approval_workflow.TestApprovalQueueEndpoint" name="test_super_admin_can_access_approval_queue" time="0.462" /><testcase classname="backend.tests.test_approval_workflow.TestApprovalQueueEndpoint" name="test_aprovador_can_access_approval_queue" time="0.480" /><testcase classname="backend.tests.test_approval_workflow.TestApprovalQueueEndpoint" name="test_editor_cannot_access_approval_queue" time="0.108" /><testcase classname="backend.tests.test_approval_workflow.TestStoryboardTextEditing" name="test_update_storyboard_text" time="0.559" /><testcase classname="backend.tests.test_approval_workflow.TestSubmitForApprovalWorkflow" name="test_submit_for_approval" time="0.581" /><testcase classname="backend.tests.test_approval_workflow.TestSubmitForApprovalWorkflow" name="test_approve_storyboard" time="0.589" /><testcase classname="backend.tests.test_approval_workflow.TestSubmitForApprovalWorkflow" name="test_resume_from_approval" time="0.229" /><testcase classname="backend.tests.test_approval_workflow.TestSubmitForApprovalWorkflow" name="test_reject_storyboard" time="0.347" /><testcase classname="backend.tests.test_approval_workflow.TestAprovadorRoleRestrictions" name="test_aprovador_cannot_resume_from_approval" time="0.489" /><testcase classname="backend.tests.test_approval_workflow.TestAdminPanelAprovadorRole" name="test_create_aprovador_user" time="0.910" /></testsuite></testsuites>