<?xml version="1.0" encoding="utf-8"?><testsuites name="pytest tests"><testsuite name="pytest" errors="0" failures="0" skipped="0" tests="11" time="1.761" timestamp="2026-03-29T16:31:22.192193+00:00" hostname="agent-env-f4c93623-d5ea-47e5-a058-70ed0405459e"><testcase classname="backend.tests.test_editor_refactor_badge_upload.TestHealthCheck" name="test_api_health" time="0.130" /><testcase classname="backend.tests.test_editor_refactor_badge_upload.TestBadgeImageUpload" name="test_upload_badge_image_success" time="0.467" /><testcase classname="backend.tests.test_editor_refactor_badge_upload.TestBadgeImageUpload" name="test_upload_badge_image_jpeg" time="0.105" /><testcase classname="backend.tests.test_editor_refactor_badge_upload.TestBadgeImageUpload" name="test_upload_badge_image_no_auth" time="0.116" /><testcase classname="backend.tests.test_editor_refactor_badge_upload.TestBadgeImageUpload" name="test_upload_badge_image_non_image_file" time="0.101" /><testcase classname="backend.tests.test_editor_refactor_badge_upload.TestGamificationConfig" name="test_get_gamification_defaults" time="0.125" /><testcase classname="backend.tests.test_editor_refactor_badge_upload.TestGamificationConfig" name="test_get_project_gamification" time="0.287" /><testcase classname="backend.tests.test_editor_refactor_badge_upload.TestGamificationConfig" name="test_update_project_gamification" time="0.113" /><testcase classname="backend.tests.test_editor_refactor_badge_upload.TestGamificationConfig" name="test_get_gamification_icons" time="0.047" /><testcase classname="backend.tests.test_editor_refactor_badge_upload.TestProjectsEndpoint" name="test_get_projects" time="0.140" /><testcase classname="backend.tests.test_editor_refactor_badge_upload.TestProjectsEndpoint" name="test_get_single_project" time="0.064" /></testsuite></testsuites>