<?xml version="1.0" encoding="utf-8"?><testsuites name="pytest tests"><testsuite name="pytest" errors="0" failures="0" skipped="0" tests="13" time="6.666" timestamp="2026-04-08T14:49:05.985626+00:00" hostname="agent-env-782d71a6-fff9-46f5-99c0-0b03ee6d3b4a"><testcase classname="backend.tests.test_resource_balance_feature.TestResourceBalanceFeature" name="test_health_check" time="0.433" /><testcase classname="backend.tests.test_resource_balance_feature.TestResourceBalanceFeature" name="test_auth_login_admin" time="0.688" /><testcase classname="backend.tests.test_resource_balance_feature.TestResourceBalanceFeature" name="test_create_agent_session" time="0.444" /><testcase classname="backend.tests.test_resource_balance_feature.TestResourceBalanceFeature" name="test_configure_session_with_resource_balance" time="0.623" /><testcase classname="backend.tests.test_resource_balance_feature.TestResourceBalanceFeature" name="test_configure_baixa_interactivity" time="0.556" /><testcase classname="backend.tests.test_resource_balance_feature.TestResourceBalanceFeature" name="test_configure_maxima_interactivity" time="0.560" /><testcase classname="backend.tests.test_resource_balance_feature.TestResourceBalanceFeature" name="test_design_templates_endpoint" time="0.393" /><testcase classname="backend.tests.test_resource_balance_feature.TestResourceBalanceFeature" name="test_templates_endpoint" time="0.385" /><testcase classname="backend.tests.test_resource_balance_feature.TestResourceBalanceFeature" name="test_approval_queue_endpoint" time="0.406" /><testcase classname="backend.tests.test_resource_balance_feature.TestResourceBalanceFeature" name="test_session_with_all_resource_types" time="0.614" /><testcase classname="backend.tests.test_resource_balance_feature.TestApprovalQueueRegression" name="test_approval_queue_returns_combined_items" time="0.449" /><testcase classname="backend.tests.test_resource_balance_feature.TestApprovalQueueRegression" name="test_approval_queue_item_structure" time="0.389" /><testcase classname="backend.tests.test_resource_balance_feature.TestNewSlideTypes" name="test_new_slide_types_in_config" time="0.595" /></testsuite></testsuites>