<?xml version="1.0" encoding="utf-8"?><testsuites name="pytest tests"><testsuite name="pytest" errors="0" failures="0" skipped="0" tests="12" time="73.720" timestamp="2026-03-02T20:21:07.218805+00:00" hostname="agent-env-c51cd7bf-f922-43af-a67c-a2fa0f4b5ceb"><testcase classname="tests.test_suggestions_api.TestHealthCheck" name="test_api_health" time="0.216" /><testcase classname="tests.test_suggestions_api.TestGetSuggestions" name="test_get_suggestions_with_ready_status" time="0.170" /><testcase classname="tests.test_suggestions_api.TestGetSuggestions" name="test_suggestions_have_correct_structure" time="0.131" /><testcase classname="tests.test_suggestions_api.TestGetSuggestions" name="test_priority_values_validation" time="0.105" /><testcase classname="tests.test_suggestions_api.TestGetSuggestions" name="test_get_suggestions_invalid_session" time="0.149" /><testcase classname="tests.test_suggestions_api.TestGetSuggestions" name="test_category_specific_content" time="0.115" /><testcase classname="tests.test_suggestions_api.TestRegenerateSuggestions" name="test_regenerate_returns_regenerating_status" time="0.146" /><testcase classname="tests.test_suggestions_api.TestRegenerateSuggestions" name="test_regenerate_invalid_session" time="33.379" /><testcase classname="tests.test_suggestions_api.TestRegenerateSuggestions" name="test_after_regenerate_status_becomes_pending" time="38.627" /><testcase classname="tests.test_suggestions_api.TestRegenerateSuggestions" name="test_regenerate_eventually_produces_suggestions" time="0.207" /><testcase classname="tests.test_suggestions_api.TestSuggestionsStorage" name="test_suggestions_fields_in_session" time="0.260" /><testcase classname="tests.test_suggestions_api.TestSuggestionsPendingAndErrorStates" name="test_session_without_suggestions_returns_pending" time="0.142" /></testsuite></testsuites>