<?xml version="1.0" encoding="utf-8"?><testsuites name="pytest tests"><testsuite name="pytest" errors="0" failures="0" skipped="0" tests="13" time="49.365" timestamp="2026-03-23T22:38:34.666800+00:00" hostname="agent-env-6de2599e-f08b-4120-a444-51cfdff23bcc"><testcase classname="backend.tests.test_preview_undo_improvements.TestPreviewUndoImprovements" name="test_get_agent_courses_list" time="0.433" /><testcase classname="backend.tests.test_preview_undo_improvements.TestPreviewUndoImprovements" name="test_preview_improvements_endpoint_exists" time="0.393" /><testcase classname="backend.tests.test_preview_undo_improvements.TestPreviewUndoImprovements" name="test_apply_improvements_endpoint_exists" time="0.382" /><testcase classname="backend.tests.test_preview_undo_improvements.TestPreviewUndoImprovements" name="test_undo_improvements_endpoint_exists" time="0.428" /><testcase classname="backend.tests.test_preview_undo_improvements.TestPreviewUndoImprovements" name="test_preview_improvements_with_real_course" time="15.981" /><testcase classname="backend.tests.test_preview_undo_improvements.TestPreviewUndoImprovements" name="test_apply_improvements_with_preview_id" time="9.847" /><testcase classname="backend.tests.test_preview_undo_improvements.TestPreviewUndoImprovements" name="test_undo_improvements_restores_course" time="10.014" /><testcase classname="backend.tests.test_preview_undo_improvements.TestPreviewUndoImprovements" name="test_undo_without_snapshot_returns_404" time="0.447" /><testcase classname="backend.tests.test_preview_undo_improvements.TestPreviewUndoImprovements" name="test_preview_response_structure" time="9.770" /><testcase classname="backend.tests.test_preview_undo_improvements.TestPreviewUndoImprovements" name="test_expired_preview_id_returns_error" time="0.474" /><testcase classname="backend.tests.test_preview_undo_improvements.TestEditModeSteps" name="test_agent_check_access" time="0.381" /><testcase classname="backend.tests.test_preview_undo_improvements.TestEditModeSteps" name="test_agent_templates_endpoint" time="0.376" /><testcase classname="backend.tests.test_preview_undo_improvements.TestEditModeSteps" name="test_agent_design_templates_endpoint" time="0.379" /></testsuite></testsuites>