<?xml version="1.0" encoding="utf-8"?><testsuites name="pytest tests"><testsuite name="pytest" errors="0" failures="0" skipped="0" tests="5" time="2.446" timestamp="2026-03-30T11:14:49.378869+00:00" hostname="agent-env-1e59f915-afcd-4325-ad61-ab40ce2517fb"><testcase classname="backend.tests.test_heygen_test_combination.TestHeyGenTestCombination" name="test_test_combination_success" time="0.858" /><testcase classname="backend.tests.test_heygen_test_combination.TestHeyGenTestCombination" name="test_test_combination_missing_avatar_id" time="0.099" /><testcase classname="backend.tests.test_heygen_test_combination.TestHeyGenTestCombination" name="test_test_combination_missing_voice_id" time="0.119" /><testcase classname="backend.tests.test_heygen_test_combination.TestHeyGenTestCombination" name="test_test_combination_empty_body" time="0.111" /><testcase classname="backend.tests.test_heygen_test_combination.TestHeyGenVideoStatus" name="test_video_status_valid_id" time="1.192" /></testsuite></testsuites>