<?xml version="1.0" encoding="utf-8"?><testsuites name="pytest tests"><testsuite name="pytest" errors="0" failures="0" skipped="0" tests="22" time="42.837" timestamp="2026-03-23T22:56:32.931756+00:00" hostname="agent-env-6de2599e-f08b-4120-a444-51cfdff23bcc"><testcase classname="backend.tests.test_object_object_bug_fix.TestBuildImprovedElementsTypeChecking" name="test_string_content_preserved" time="0.001" /><testcase classname="backend.tests.test_object_object_bug_fix.TestBuildImprovedElementsTypeChecking" name="test_dict_content_converted_to_string" time="0.000" /><testcase classname="backend.tests.test_object_object_bug_fix.TestBuildImprovedElementsTypeChecking" name="test_list_content_converted_to_string" time="0.000" /><testcase classname="backend.tests.test_object_object_bug_fix.TestBuildImprovedElementsTypeChecking" name="test_none_content_handled" time="0.001" /><testcase classname="backend.tests.test_object_object_bug_fix.TestApplyAiResultTypeChecking" name="test_title_type_checked" time="0.000" /><testcase classname="backend.tests.test_object_object_bug_fix.TestApplyAiResultTypeChecking" name="test_notes_type_checked" time="0.000" /><testcase classname="backend.tests.test_object_object_bug_fix.TestApplyAiResultTypeChecking" name="test_elements_type_checked" time="0.000" /><testcase classname="backend.tests.test_object_object_bug_fix.TestApplyAiResultTypeChecking" name="test_new_slide_title_type_checked" time="0.000" /><testcase classname="backend.tests.test_object_object_bug_fix.TestFrontendTypeGuards" name="test_slide_canvas_resolve_html_content_urls" time="0.000" /><testcase classname="backend.tests.test_object_object_bug_fix.TestFrontendTypeGuards" name="test_course_preview_process_html_content" time="0.000" /><testcase classname="backend.tests.test_object_object_bug_fix.TestFrontendTypeGuards" name="test_split_preview_process_html_content" time="0.000" /><testcase classname="backend.tests.test_object_object_bug_fix.TestGetProjectSanitization" name="test_sanitization_code_exists" time="0.402" /><testcase classname="backend.tests.test_object_object_bug_fix.TestGetProjectSanitization" name="test_dict_htmlcontent_converted_to_html" time="0.384" /><testcase classname="backend.tests.test_object_object_bug_fix.TestGetProjectSanitization" name="test_get_project_returns_valid_data" time="0.615" /><testcase classname="backend.tests.test_object_object_bug_fix.TestPreviewAndApplyImprovements" name="test_preview_improvements_endpoint" time="18.539" /><testcase classname="backend.tests.test_object_object_bug_fix.TestPreviewAndApplyImprovements" name="test_apply_improvements_endpoint" time="16.048" /><testcase classname="backend.tests.test_object_object_bug_fix.TestPreviewAndApplyImprovements" name="test_undo_improvements_endpoint" time="0.629" /><testcase classname="backend.tests.test_object_object_bug_fix.TestAgentEditModeFlow" name="test_agent_check_access" time="0.400" /><testcase classname="backend.tests.test_object_object_bug_fix.TestAgentEditModeFlow" name="test_agent_courses_list" time="0.417" /><testcase classname="backend.tests.test_object_object_bug_fix.TestAgentEditModeFlow" name="test_agent_analyze_course" time="4.547" /><testcase classname="backend.tests.test_object_object_bug_fix.TestAgentEditModeFlow" name="test_agent_templates" time="0.399" /><testcase classname="backend.tests.test_object_object_bug_fix.TestAgentEditModeFlow" name="test_agent_design_templates" time="0.377" /></testsuite></testsuites>