<?xml version="1.0" encoding="utf-8"?><testsuites name="pytest tests"><testsuite name="pytest" errors="0" failures="0" skipped="0" tests="10" time="0.997" timestamp="2026-02-12T18:33:07.626195+00:00" hostname="agent-env-b20879d3-f38f-4e58-b1d6-6f1dbf4fb999"><testcase classname="backend.tests.test_asset_url_migration.TestHealthAndBasicEndpoints" name="test_health_endpoint" time="0.073" /><testcase classname="backend.tests.test_asset_url_migration.TestMigrateAssetUrlsEndpoint" name="test_migrate_asset_urls_endpoint_exists" time="0.159" /><testcase classname="backend.tests.test_asset_url_migration.TestMigrateAssetUrlsEndpoint" name="test_migrate_asset_urls_returns_count" time="0.097" /><testcase classname="backend.tests.test_asset_url_migration.TestProjectCreationAndMigration" name="test_create_project_and_migrate" time="0.277" /><testcase classname="backend.tests.test_asset_url_migration.TestUrlPatternHandling" name="test_global_asset_url_pattern" time="0.000" /><testcase classname="backend.tests.test_asset_url_migration.TestUrlPatternHandling" name="test_project_asset_url_pattern" time="0.000" /><testcase classname="backend.tests.test_asset_url_migration.TestUrlPatternHandling" name="test_relative_url_already_correct" time="0.000" /><testcase classname="backend.tests.test_asset_url_migration.TestAssetServing" name="test_asset_endpoint_returns_404_for_missing" time="0.061" /><testcase classname="backend.tests.test_asset_url_migration.TestRoundTripUrlConversion" name="test_strip_and_resolve_roundtrip_pattern" time="0.000" /><testcase classname="backend.tests.test_asset_url_migration.TestIdempotentMigration" name="test_multiple_migration_runs" time="0.206" /></testsuite></testsuites>