<?xml version="1.0" encoding="utf-8"?><testsuites name="pytest tests"><testsuite name="pytest" errors="0" failures="0" skipped="0" tests="15" time="2.180" timestamp="2026-03-03T15:33:21.073977+00:00" hostname="agent-env-0b160944-7151-49ff-881a-fa07b4a59ec0"><testcase classname="tests.test_animation_feature.TestGlobalAnimationSave" name="test_save_global_animation_fadein" time="0.298" /><testcase classname="tests.test_animation_feature.TestGlobalAnimationSave" name="test_save_global_animation_bounce" time="0.114" /><testcase classname="tests.test_animation_feature.TestGlobalAnimationSave" name="test_save_global_animation_typewriter" time="0.112" /><testcase classname="tests.test_animation_feature.TestGlobalAnimationRetrieve" name="test_get_session_contains_global_animation" time="0.170" /><testcase classname="tests.test_animation_feature.TestEditorElementAnimation" name="test_get_project_with_slides" time="0.134" /><testcase classname="tests.test_animation_feature.TestEditorElementAnimation" name="test_update_element_with_animation" time="0.200" /><testcase classname="tests.test_animation_feature.TestAllAnimationTypes" name="test_save_animation_type[fadeIn]" time="0.105" /><testcase classname="tests.test_animation_feature.TestAllAnimationTypes" name="test_save_animation_type[slideInLeft]" time="0.131" /><testcase classname="tests.test_animation_feature.TestAllAnimationTypes" name="test_save_animation_type[slideInRight]" time="0.110" /><testcase classname="tests.test_animation_feature.TestAllAnimationTypes" name="test_save_animation_type[slideInUp]" time="0.133" /><testcase classname="tests.test_animation_feature.TestAllAnimationTypes" name="test_save_animation_type[slideInDown]" time="0.111" /><testcase classname="tests.test_animation_feature.TestAllAnimationTypes" name="test_save_animation_type[zoomIn]" time="0.111" /><testcase classname="tests.test_animation_feature.TestAllAnimationTypes" name="test_save_animation_type[typewriter]" time="0.119" /><testcase classname="tests.test_animation_feature.TestAllAnimationTypes" name="test_save_animation_type[bounce]" time="0.106" /><testcase classname="tests.test_animation_feature.TestAnimationsLibrary" name="test_api_health" time="0.112" /></testsuite></testsuites>