<?xml version="1.0" encoding="utf-8"?><testsuites name="pytest tests"><testsuite name="pytest" errors="0" failures="0" skipped="0" tests="9" time="9.070" timestamp="2026-03-09T14:32:46.938960+00:00" hostname="agent-env-c976a3af-e439-4c2e-98d3-b3e2e6205d9d"><testcase classname="tests.test_slide_aware_tutor.TestHealthAndDashboard" name="test_health_endpoint" time="0.177" /><testcase classname="tests.test_slide_aware_tutor.TestHealthAndDashboard" name="test_dashboard_metrics" time="0.146" /><testcase classname="tests.test_slide_aware_tutor.TestLoginAndAuth" name="test_admin_login" time="0.336" /><testcase classname="tests.test_slide_aware_tutor.TestSlideAwareTutorChat" name="test_chat_with_slide_context" time="2.811" /><testcase classname="tests.test_slide_aware_tutor.TestSlideAwareTutorChat" name="test_chat_uses_course_context" time="2.448" /><testcase classname="tests.test_slide_aware_tutor.TestScormExportSlideContexts" name="test_scorm_export_has_slide_contexts" time="2.304" /><testcase classname="tests.test_slide_aware_tutor.TestHtmlExportSlideContexts" name="test_html_export_works" time="0.778" /><testcase classname="tests.test_slide_aware_tutor.TestTutorFilesInExportAssets" name="test_tutor_js_has_on_slide_change" time="0.000" /><testcase classname="tests.test_slide_aware_tutor.TestTutorFilesInExportAssets" name="test_player_js_calls_on_slide_change" time="0.000" /></testsuite></testsuites>