<?xml version="1.0" encoding="utf-8"?><testsuites name="pytest tests"><testsuite name="pytest" errors="0" failures="0" skipped="0" tests="12" time="19.157" timestamp="2026-03-27T17:35:15.527747+00:00" hostname="agent-env-b2dfd1e0-4d36-45db-8d23-12d0f27ea225"><testcase classname="tests.test_client_video_export.TestExportVideoFramesEndpoint" name="test_export_video_frames_returns_valid_structure" time="2.537" /><testcase classname="tests.test_client_video_export.TestExportVideoFramesEndpoint" name="test_export_video_frames_returns_correct_dimensions" time="2.397" /><testcase classname="tests.test_client_video_export.TestExportVideoFramesEndpoint" name="test_export_video_frames_returns_all_slides" time="2.245" /><testcase classname="tests.test_client_video_export.TestExportVideoFramesEndpoint" name="test_export_video_frames_frame_structure" time="2.338" /><testcase classname="tests.test_client_video_export.TestExportVideoFramesEndpoint" name="test_export_video_frames_base64_images_valid" time="2.428" /><testcase classname="tests.test_client_video_export.TestExportVideoFramesEndpoint" name="test_export_video_frames_custom_duration" time="2.323" /><testcase classname="tests.test_client_video_export.TestExportVideoFramesEndpoint" name="test_export_video_frames_nonexistent_project" time="0.142" /><testcase classname="tests.test_client_video_export.TestExportVideoFramesEndpoint" name="test_export_video_frames_response_time" time="2.502" /><testcase classname="tests.test_client_video_export.TestSCORMExportRegression" name="test_scorm_export_endpoint_exists" time="1.673" /><testcase classname="tests.test_client_video_export.TestHTMLExportRegression" name="test_html_export_endpoint_exists" time="0.212" /><testcase classname="tests.test_client_video_export.TestHealthAndBasicEndpoints" name="test_health_endpoint" time="0.176" /><testcase classname="tests.test_client_video_export.TestHealthAndBasicEndpoints" name="test_project_exists" time="0.113" /></testsuite></testsuites>