<?xml version="1.0" encoding="utf-8"?><testsuites name="pytest tests"><testsuite name="pytest" errors="0" failures="0" skipped="0" tests="11" time="1.596" timestamp="2026-02-04T20:28:29.792100+00:00" hostname="agent-env-900aad48-04d0-42bb-b56d-83ac61c100a8"><testcase classname="backend.tests.test_html_export.TestHTMLExport" name="test_api_health" time="0.085" /><testcase classname="backend.tests.test_html_export.TestHTMLExport" name="test_get_projects_list" time="0.066" /><testcase classname="backend.tests.test_html_export.TestHTMLExport" name="test_serve_html_export" time="0.121" /><testcase classname="backend.tests.test_html_export.TestHTMLExport" name="test_html_export_has_desktop_css_fix" time="0.114" /><testcase classname="backend.tests.test_html_export.TestHTMLExport" name="test_html_export_has_required_elements" time="0.099" /><testcase classname="backend.tests.test_html_export.TestHTMLExport" name="test_html_export_has_navigation_labels" time="0.132" /><testcase classname="backend.tests.test_html_export.TestHTMLExport" name="test_html_export_has_audio_overlay" time="0.095" /><testcase classname="backend.tests.test_html_export.TestHTMLExport" name="test_html_export_not_found" time="0.040" /><testcase classname="backend.tests.test_html_export.TestHTMLExport" name="test_export_zip_file_content_type" time="0.343" /><testcase classname="backend.tests.test_html_export.TestHTMLExportGeneration" name="test_export_html_for_project" time="0.278" /><testcase classname="backend.tests.test_html_export.TestHTMLExportGeneration" name="test_export_html_nonexistent_project" time="0.039" /></testsuite></testsuites>