<?xml version="1.0" encoding="utf-8"?><testsuites name="pytest tests"><testsuite name="pytest" errors="0" failures="0" skipped="0" tests="10" time="1.576" timestamp="2026-07-13T13:13:12.539152+00:00" hostname="agent-env-b2d547b5-f9ff-4abe-95f8-8bb493dbbdd2"><testcase classname="backend.tests.test_agent_reopen_wizard.TestAgentAnalyzeCacheForce" name="test_analyze_cache_returns_analysis" time="0.279" /><testcase classname="backend.tests.test_agent_reopen_wizard.TestAgentAnalyzeCacheForce" name="test_analyze_force_returns_processing" time="0.121" /><testcase classname="backend.tests.test_agent_reopen_wizard.TestAgentGenerateStructureCacheForce" name="test_structure_cache" time="0.168" /><testcase classname="backend.tests.test_agent_reopen_wizard.TestAgentGenerateStructureCacheForce" name="test_structure_force" time="0.152" /><testcase classname="backend.tests.test_agent_reopen_wizard.TestAgentGenerateStoryboardCacheForce" name="test_storyboard_cache_already_done" time="0.105" /><testcase classname="backend.tests.test_agent_reopen_wizard.TestAgentGenerateStoryboardCacheForce" name="test_storyboard_force" time="0.110" /><testcase classname="backend.tests.test_agent_reopen_wizard.TestAgentGenerateCourseModes" name="test_course_cache_already_done" time="0.111" /><testcase classname="backend.tests.test_agent_reopen_wizard.TestAgentGenerateCourseModes" name="test_course_mode_new_starts_processing" time="0.142" /><testcase classname="backend.tests.test_agent_reopen_wizard.TestAgentSessionByProject" name="test_by_project_returns_session" time="0.128" /><testcase classname="backend.tests.test_agent_reopen_wizard.TestAgentSessionByProject" name="test_by_project_404_when_missing" time="0.108" /></testsuite></testsuites>