<?xml version="1.0" encoding="utf-8"?><testsuites name="pytest tests"><testsuite name="pytest" errors="0" failures="0" skipped="0" tests="11" time="28.980" timestamp="2026-03-28T18:26:55.844601+00:00" hostname="agent-env-e75b8a29-c92d-4b64-8d48-f1ff3cc76581"><testcase classname="backend.tests.test_avatar_scene_feature.TestAvatarSettingsEndpoints" name="test_get_avatar_settings_default" time="0.207" /><testcase classname="backend.tests.test_avatar_scene_feature.TestAvatarSettingsEndpoints" name="test_get_avatar_settings_nonexistent_project" time="0.129" /><testcase classname="backend.tests.test_avatar_scene_feature.TestAvatarSettingsEndpoints" name="test_put_avatar_settings_update_max_scenes" time="0.452" /><testcase classname="backend.tests.test_avatar_scene_feature.TestAvatarSettingsEndpoints" name="test_put_avatar_settings_with_avatar_and_voice_ids" time="0.251" /><testcase classname="backend.tests.test_avatar_scene_feature.TestAvatarGenerationStatusEndpoint" name="test_get_avatar_generation_status_no_pending" time="0.117" /><testcase classname="backend.tests.test_avatar_scene_feature.TestAvatarGenerationStatusEndpoint" name="test_get_avatar_generation_status_nonexistent_project" time="0.199" /><testcase classname="backend.tests.test_avatar_scene_feature.TestCourseAnalyzeWithAvatarScene" name="test_analyze_course_returns_improvements_array" time="6.346" /><testcase classname="backend.tests.test_avatar_scene_feature.TestCourseAnalyzeWithAvatarScene" name="test_analyze_course_improvement_structure" time="6.080" /><testcase classname="backend.tests.test_avatar_scene_feature.TestApplyImprovementsWithAvatarScene" name="test_apply_improvements_returns_avatar_scenes_triggered" time="14.813" /><testcase classname="backend.tests.test_avatar_scene_feature.TestHealthAndBasicEndpoints" name="test_health_endpoint" time="0.116" /><testcase classname="backend.tests.test_avatar_scene_feature.TestHealthAndBasicEndpoints" name="test_agent_courses_list" time="0.158" /></testsuite></testsuites>