<?xml version="1.0" encoding="utf-8"?><testsuites name="pytest tests"><testsuite name="pytest" errors="0" failures="0" skipped="0" tests="12" time="6.148" timestamp="2026-04-06T18:54:37.290271+00:00" hostname="agent-env-482968e2-8eb8-4259-9239-204418b2963b"><testcase classname="backend.tests.test_admin_panel_crud.TestAdminPanelCRUD" name="test_01_super_admin_login" time="0.489" /><testcase classname="backend.tests.test_admin_panel_crud.TestAdminPanelCRUD" name="test_02_get_companies" time="0.432" /><testcase classname="backend.tests.test_admin_panel_crud.TestAdminPanelCRUD" name="test_03_create_test_company" time="0.406" /><testcase classname="backend.tests.test_admin_panel_crud.TestAdminPanelCRUD" name="test_04_delete_company_hard_delete" time="0.448" /><testcase classname="backend.tests.test_admin_panel_crud.TestAdminPanelCRUD" name="test_05_create_test_user" time="0.629" /><testcase classname="backend.tests.test_admin_panel_crud.TestAdminPanelCRUD" name="test_06_verify_new_user_can_login" time="0.358" /><testcase classname="backend.tests.test_admin_panel_crud.TestAdminPanelCRUD" name="test_07_update_user_name_role_password" time="0.628" /><testcase classname="backend.tests.test_admin_panel_crud.TestAdminPanelCRUD" name="test_08_verify_login_with_new_password" time="0.731" /><testcase classname="backend.tests.test_admin_panel_crud.TestAdminPanelCRUD" name="test_09_delete_user_hard_delete" time="0.454" /><testcase classname="backend.tests.test_admin_panel_crud.TestAdminPanelCRUD" name="test_10_verify_deleted_user_cannot_login" time="0.139" /><testcase classname="backend.tests.test_admin_panel_crud.TestAdminPanelCRUD" name="test_11_verify_deleted_user_not_in_list" time="0.419" /><testcase classname="backend.tests.test_admin_panel_crud.TestAdminPanelCRUD" name="test_12_create_user_change_role_editor_to_company_admin" time="0.821" /></testsuite></testsuites>