<?xml version="1.0" encoding="utf-8"?><testsuites name="pytest tests"><testsuite name="pytest" errors="0" failures="0" skipped="0" tests="15" time="6.234" timestamp="2026-04-08T12:44:28.774971+00:00" hostname="agent-env-782d71a6-fff9-46f5-99c0-0b03ee6d3b4a"><testcase classname="backend.tests.test_improvement_approval.TestImprovementApprovalWorkflow" name="test_01_admin_login" time="0.364" /><testcase classname="backend.tests.test_improvement_approval.TestImprovementApprovalWorkflow" name="test_02_aprovador_login" time="0.322" /><testcase classname="backend.tests.test_improvement_approval.TestImprovementApprovalWorkflow" name="test_03_approval_queue_returns_combined_results" time="0.443" /><testcase classname="backend.tests.test_improvement_approval.TestImprovementApprovalWorkflow" name="test_04_submit_improvements_requires_preview_id" time="0.432" /><testcase classname="backend.tests.test_improvement_approval.TestImprovementApprovalWorkflow" name="test_05_submit_improvements_requires_target_company" time="0.413" /><testcase classname="backend.tests.test_improvement_approval.TestImprovementApprovalWorkflow" name="test_06_submit_improvements_validates_project" time="0.410" /><testcase classname="backend.tests.test_improvement_approval.TestImprovementApprovalWorkflow" name="test_07_submit_improvements_validates_company" time="0.511" /><testcase classname="backend.tests.test_improvement_approval.TestImprovementApprovalWorkflow" name="test_08_approve_improvement_not_found" time="0.396" /><testcase classname="backend.tests.test_improvement_approval.TestImprovementApprovalWorkflow" name="test_09_reject_improvement_not_found" time="0.366" /><testcase classname="backend.tests.test_improvement_approval.TestImprovementApprovalWorkflow" name="test_10_aprovador_sees_filtered_queue" time="0.368" /><testcase classname="backend.tests.test_improvement_approval.TestImprovementApprovalWorkflow" name="test_11_super_admin_sees_all_statuses" time="0.374" /><testcase classname="backend.tests.test_improvement_approval.TestImprovementApprovalWorkflow" name="test_12_approval_queue_enriches_user_names" time="0.393" /><testcase classname="backend.tests.test_improvement_approval.TestImprovementApprovalWorkflow" name="test_13_cleanup_test_projects" time="0.613" /><testcase classname="backend.tests.test_improvement_approval.TestImprovementApprovalIntegration" name="test_01_get_companies_list" time="0.388" /><testcase classname="backend.tests.test_improvement_approval.TestImprovementApprovalIntegration" name="test_02_improvement_approval_has_required_fields" time="0.369" /></testsuite></testsuites>