<?xml version="1.0" encoding="utf-8"?><testsuites name="pytest tests"><testsuite name="pytest" errors="0" failures="0" skipped="0" tests="8" time="6.325" timestamp="2026-03-24T12:51:34.912799+00:00" hostname="agent-env-6de2599e-f08b-4120-a444-51cfdff23bcc"><testcase classname="backend.tests.test_scorm_background_fix.TestSCORMBackgroundFix" name="test_player_js_no_wildcard_background_transparent" time="0.380" /><testcase classname="backend.tests.test_scorm_background_fix.TestSCORMBackgroundFix" name="test_html_exporter_no_wildcard_background_transparent" time="0.338" /><testcase classname="backend.tests.test_scorm_background_fix.TestSCORMBackgroundFix" name="test_table_styles_still_work" time="0.328" /><testcase classname="backend.tests.test_scorm_background_fix.TestSCORMBackgroundFix" name="test_scorm_export_endpoint_returns_zip" time="1.853" /><testcase classname="backend.tests.test_scorm_background_fix.TestSCORMBackgroundFix" name="test_scorm_export_player_js_content" time="1.771" /><testcase classname="backend.tests.test_scorm_background_fix.TestSCORMBackgroundFix" name="test_html_export_endpoint_works" time="0.593" /><testcase classname="backend.tests.test_scorm_background_fix.TestSCORMBackgroundFix" name="test_specific_course_with_background_image" time="0.429" /><testcase classname="backend.tests.test_scorm_background_fix.TestPreviewMode" name="test_preview_endpoint_exists" time="0.568" /></testsuite></testsuites>