<?xml version="1.0" encoding="utf-8"?><testsuites name="pytest tests"><testsuite name="pytest" errors="0" failures="0" skipped="0" tests="5" time="1.220" timestamp="2026-04-15T13:55:57.836055+00:00" hostname="agent-env-b4b06691-0329-40b0-8ae9-58994adbc74d"><testcase classname="backend.tests.test_leonardo_cost_reports.TestCostEstimateEndpoint" name="test_cost_estimate_with_known_session" time="0.518" /><testcase classname="backend.tests.test_leonardo_cost_reports.TestCostEstimateEndpoint" name="test_cost_estimate_response_structure" time="0.208" /><testcase classname="backend.tests.test_leonardo_cost_reports.TestAdminReportsEndpoint" name="test_admin_reports_contains_leonardo_stats" time="0.137" /><testcase classname="backend.tests.test_leonardo_cost_reports.TestAdminReportsEndpoint" name="test_admin_reports_stats_structure" time="0.142" /><testcase classname="backend.tests.test_leonardo_cost_reports.TestUsageLogsStructure" name="test_usage_logs_leonardo_fields_in_reports" time="0.152" /></testsuite></testsuites>