<?xml version="1.0" encoding="utf-8"?><testsuites name="pytest tests"><testsuite name="pytest" errors="0" failures="0" skipped="0" tests="11" time="6.994" timestamp="2026-03-05T14:15:47.624550+00:00" hostname="agent-env-26747d7a-777c-4c75-843a-1ddacf3f8b59"><testcase classname="backend.tests.test_p3_design_gallery.TestDesignTemplates" name="test_get_design_templates_returns_six" time="0.559" /><testcase classname="backend.tests.test_p3_design_gallery.TestDesignTemplates" name="test_design_template_structure" time="0.124" /><testcase classname="backend.tests.test_p3_design_gallery.TestDesignTemplates" name="test_design_template_ids" time="0.172" /><testcase classname="backend.tests.test_p3_design_gallery.TestGalleryAPI" name="test_get_gallery_images_success" time="0.768" /><testcase classname="backend.tests.test_p3_design_gallery.TestGalleryAPI" name="test_get_gallery_requires_auth" time="1.565" /><testcase classname="backend.tests.test_p3_design_gallery.TestGalleryAPI" name="test_post_gallery_image_success" time="0.289" /><testcase classname="backend.tests.test_p3_design_gallery.TestGalleryAPI" name="test_post_gallery_requires_image_url" time="1.423" /><testcase classname="backend.tests.test_p3_design_gallery.TestGalleryAPI" name="test_delete_gallery_image_success" time="0.404" /><testcase classname="backend.tests.test_p3_design_gallery.TestGalleryAPI" name="test_delete_nonexistent_image" time="0.111" /><testcase classname="backend.tests.test_p3_design_gallery.TestGalleryImageInMediaConfig" name="test_gallery_image_uses_provided_url" time="0.796" /><testcase classname="backend.tests.test_p3_design_gallery.TestDesignTemplateIdInSession" name="test_design_template_saved_in_config" time="0.688" /></testsuite></testsuites>