<?xml version="1.0" encoding="utf-8"?><testsuites name="pytest tests"><testsuite name="pytest" errors="0" failures="0" skipped="0" tests="17" time="5.670" timestamp="2026-03-05T15:03:13.816017+00:00" hostname="agent-env-26747d7a-777c-4c75-843a-1ddacf3f8b59"><testcase classname="backend.tests.test_text_color_contrast_fix.TestIsLightColorHelper" name="test_white_is_light" time="0.165" /><testcase classname="backend.tests.test_text_color_contrast_fix.TestIsLightColorHelper" name="test_dark_colors_detection" time="0.124" /><testcase classname="backend.tests.test_text_color_contrast_fix.TestIsLightColorHelper" name="test_luminance_threshold" time="0.508" /><testcase classname="backend.tests.test_text_color_contrast_fix.TestTextColorContrastFix" name="test_dark_slide_gets_white_text" time="0.250" /><testcase classname="backend.tests.test_text_color_contrast_fix.TestTextColorContrastFix" name="test_light_slide_gets_dark_text" time="0.250" /><testcase classname="backend.tests.test_text_color_contrast_fix.TestAllTemplatesNoContrastIssues" name="test_template_no_contrast_issues[corporativo]" time="0.397" /><testcase classname="backend.tests.test_text_color_contrast_fix.TestAllTemplatesNoContrastIssues" name="test_template_no_contrast_issues[educacional]" time="0.441" /><testcase classname="backend.tests.test_text_color_contrast_fix.TestAllTemplatesNoContrastIssues" name="test_template_no_contrast_issues[minimalista]" time="0.383" /><testcase classname="backend.tests.test_text_color_contrast_fix.TestAllTemplatesNoContrastIssues" name="test_template_no_contrast_issues[tech]" time="0.372" /><testcase classname="backend.tests.test_text_color_contrast_fix.TestAllTemplatesNoContrastIssues" name="test_template_no_contrast_issues[criativo]" time="0.367" /><testcase classname="backend.tests.test_text_color_contrast_fix.TestAllTemplatesNoContrastIssues" name="test_template_no_contrast_issues[elegante]" time="0.394" /><testcase classname="backend.tests.test_text_color_contrast_fix.TestHeaderBarDetection" name="test_header_bars_rebuilt_with_accent" time="0.244" /><testcase classname="backend.tests.test_text_color_contrast_fix.TestHeaderBarDetection" name="test_header_bars_not_treated_as_content" time="0.266" /><testcase classname="backend.tests.test_text_color_contrast_fix.TestSlideTypeDetection" name="test_keyword_detection_for_title_slides" time="0.232" /><testcase classname="backend.tests.test_text_color_contrast_fix.TestSlideTypeDetection" name="test_quiz_keyword_detection" time="0.209" /><testcase classname="backend.tests.test_text_color_contrast_fix.TestSlideTypeDetection" name="test_summary_keyword_detection" time="0.274" /><testcase classname="backend.tests.test_text_color_contrast_fix.TestAllTemplatesSmokeTest" name="test_apply_all_templates_sequentially" time="0.730" /></testsuite></testsuites>