<?xml version="1.0" encoding="utf-8"?><testsuites name="pytest tests"><testsuite name="pytest" errors="0" failures="1" skipped="0" tests="12" time="13.567" timestamp="2026-04-02T16:58:08.670736+00:00" hostname="agent-env-482968e2-8eb8-4259-9239-204418b2963b"><testcase classname="backend.tests.test_iteration98_scenario_integration.TestAuthFlow" name="test_login_success" time="0.532" /><testcase classname="backend.tests.test_iteration98_scenario_integration.TestAuthFlow" name="test_login_invalid_credentials" time="0.148" /><testcase classname="backend.tests.test_iteration98_scenario_integration.TestAgentEndpoints" name="test_get_agent_courses" time="0.484" /><testcase classname="backend.tests.test_iteration98_scenario_integration.TestAgentEndpoints" name="test_create_agent_session" time="0.466" /><testcase classname="backend.tests.test_iteration98_scenario_integration.TestAgentEndpoints" name="test_get_design_templates" time="1.781" /><testcase classname="backend.tests.test_iteration98_scenario_integration.TestAgentEndpoints" name="test_get_agent_templates" time="0.482" /><testcase classname="backend.tests.test_iteration98_scenario_integration.TestAgentEndpoints" name="test_check_agent_access" time="0.471" /><testcase classname="backend.tests.test_iteration98_scenario_integration.TestScenarioIntegration" name="test_add_scenario_endpoint_exists" time="0.577" /><testcase classname="backend.tests.test_iteration98_scenario_integration.TestScenarioIntegration" name="test_scenarios_api_endpoint" time="0.516"><failure message="AssertionError: Unexpected status: 405&#10;assert 405 in [200, 404]&#10; +  where 405 = &lt;Response [405]&gt;.status_code">backend/tests/test_iteration98_scenario_integration.py:156: in test_scenarios_api_endpoint
    assert response.status_code in [200, 404], f"Unexpected status: {response.status_code}"
E   AssertionError: Unexpected status: 405
E   assert 405 in [200, 404]
E    +  where 405 = &lt;Response [405]&gt;.status_code</failure></testcase><testcase classname="backend.tests.test_iteration98_scenario_integration.TestCourseAnalysisFlow" name="test_get_courses_for_analysis" time="0.439" /><testcase classname="backend.tests.test_iteration98_scenario_integration.TestCourseAnalysisFlow" name="test_analyze_course_endpoint_exists" time="6.999" /><testcase classname="backend.tests.test_iteration98_scenario_integration.TestDashboardMetrics" name="test_dashboard_metrics" time="0.588" /></testsuite></testsuites>