<?xml version="1.0" encoding="utf-8"?><testsuites name="pytest tests"><testsuite name="pytest" errors="0" failures="0" skipped="0" tests="8" time="24.281" timestamp="2026-03-28T18:46:44.213294+00:00" hostname="agent-env-e75b8a29-c92d-4b64-8d48-f1ff3cc76581"><testcase classname="backend.tests.test_avatar_type_switcher.TestSaveTypeOverridesEndpoint" name="test_save_type_overrides_requires_session" time="0.158" /><testcase classname="backend.tests.test_avatar_type_switcher.TestSaveTypeOverridesEndpoint" name="test_save_type_overrides_with_valid_session" time="0.552" /><testcase classname="backend.tests.test_avatar_type_switcher.TestSaveTypeOverridesEndpoint" name="test_save_type_overrides_empty_overrides" time="0.558" /><testcase classname="backend.tests.test_avatar_type_switcher.TestAvatarSettingsEndpoints" name="test_get_avatar_settings_returns_max_scenes" time="0.117" /><testcase classname="backend.tests.test_avatar_type_switcher.TestAvatarSettingsEndpoints" name="test_put_avatar_settings_updates_max_scenes" time="1.602" /><testcase classname="backend.tests.test_avatar_type_switcher.TestApplyImprovementsWithTypeOverrides" name="test_apply_improvements_counts_only_avatar_scenes" time="15.199" /><testcase classname="backend.tests.test_avatar_type_switcher.TestCourseAnalysisAvatarSceneFields" name="test_avatar_scene_has_mockup_fields" time="5.925" /><testcase classname="backend.tests.test_avatar_type_switcher.TestHealthCheck" name="test_health_endpoint" time="0.119" /></testsuite></testsuites>