<?xml version="1.0" encoding="utf-8"?><testsuites name="pytest tests"><testsuite name="pytest" errors="0" failures="0" skipped="0" tests="17" time="76.732" timestamp="2026-03-07T17:47:06.113710+00:00" hostname="agent-env-ecbcbea2-bf34-462f-9471-ea23b33511aa"><testcase classname="backend.tests.test_slide_video_heygen.TestHeyGenCredits" name="test_get_credits_endpoint_returns_200" time="0.710" /><testcase classname="backend.tests.test_slide_video_heygen.TestHeyGenCredits" name="test_credits_has_plan_credit_field" time="0.063" /><testcase classname="backend.tests.test_slide_video_heygen.TestHeyGenCredits" name="test_credits_force_refresh" time="0.503" /><testcase classname="backend.tests.test_slide_video_heygen.TestHeyGenAvatarsVoices" name="test_list_avatars" time="12.028" /><testcase classname="backend.tests.test_slide_video_heygen.TestHeyGenAvatarsVoices" name="test_list_voices" time="0.659" /><testcase classname="backend.tests.test_slide_video_heygen.TestHeyGenAvatarsVoices" name="test_voices_filter_by_language" time="0.556" /><testcase classname="backend.tests.test_slide_video_heygen.TestGenerateAllSlideScripts" name="test_generate_scripts_endpoint_exists" time="31.023" /><testcase classname="backend.tests.test_slide_video_heygen.TestGenerateAllSlideScripts" name="test_generate_scripts_with_valid_project" time="30.298" /><testcase classname="backend.tests.test_slide_video_heygen.TestGenerateAllSlideScripts" name="test_generate_scripts_invalid_project" time="0.062" /><testcase classname="backend.tests.test_slide_video_heygen.TestGenerateSingleSlideVideo" name="test_endpoint_exists" time="0.312" /><testcase classname="backend.tests.test_slide_video_heygen.TestGenerateSingleSlideVideo" name="test_invalid_project" time="0.065" /><testcase classname="backend.tests.test_slide_video_heygen.TestGenerateBatchSlideVideos" name="test_endpoint_exists" time="0.054" /><testcase classname="backend.tests.test_slide_video_heygen.TestGenerateBatchSlideVideos" name="test_batch_with_empty_slides" time="0.054" /><testcase classname="backend.tests.test_slide_video_heygen.TestBatchStatus" name="test_batch_status_not_found" time="0.053" /><testcase classname="backend.tests.test_slide_video_heygen.TestBatchStatus" name="test_batch_status_endpoint_format" time="0.103" /><testcase classname="backend.tests.test_slide_video_heygen.TestVideoStatusAndLibrary" name="test_list_videos" time="0.066" /><testcase classname="backend.tests.test_slide_video_heygen.TestVideoStatusAndLibrary" name="test_list_videos_by_project" time="0.050" /></testsuite></testsuites>