<?xml version="1.0" encoding="utf-8"?><testsuites name="pytest tests"><testsuite name="pytest" errors="0" failures="1" skipped="0" tests="6" time="9.515" timestamp="2026-02-27T19:24:30.361982+00:00" hostname="agent-env-49476675-ce74-4647-b8ab-046b03245251"><testcase classname="tests.test_libras_script.TestLibrasScriptField" name="test_project_api_returns_libras_script" time="0.681" /><testcase classname="tests.test_libras_script.TestLibrasScriptField" name="test_update_slide_with_libras_script" time="0.974" /><testcase classname="tests.test_libras_script.TestScormExportWithLibras" name="test_scorm_export_contains_libras_script" time="2.890" /><testcase classname="tests.test_libras_script.TestScormExportWithLibras" name="test_scorm_player_contains_vlibras_code" time="2.873"><failure message="AssertionError: VLibras.Widget.sendMessage code not found in SCORM export&#10;assert False">tests/test_libras_script.py:206: in test_scorm_player_contains_vlibras_code
    assert vlibras_code_found, "VLibras.Widget.sendMessage code not found in SCORM export"
E   AssertionError: VLibras.Widget.sendMessage code not found in SCORM export
E   assert False</failure></testcase><testcase classname="tests.test_libras_script.TestHtmlExportWithLibras" name="test_html_export_contains_vlibras_code" time="1.418" /><testcase classname="tests.test_libras_script.TestVLibrasWidgetInEditor" name="test_editor_page_loads_vlibras" time="0.469" /></testsuite></testsuites>