<?xml version="1.0" encoding="utf-8"?><testsuites name="pytest tests"><testsuite name="pytest" errors="0" failures="0" skipped="0" tests="20" time="44.037" timestamp="2026-03-07T17:49:58.227164+00:00" hostname="agent-env-ecbcbea2-bf34-462f-9471-ea23b33511aa"><testcase classname="backend.tests.test_slide_video_improvements.TestRenderSlideEndpoint" name="test_render_single_slide_endpoint_exists" time="0.208" /><testcase classname="backend.tests.test_slide_video_improvements.TestRenderSlideEndpoint" name="test_render_slide_returns_url" time="0.113" /><testcase classname="backend.tests.test_slide_video_improvements.TestRenderSlideEndpoint" name="test_render_slide_invalid_project" time="0.061" /><testcase classname="backend.tests.test_slide_video_improvements.TestRenderSlideEndpoint" name="test_render_slide_invalid_index" time="0.061" /><testcase classname="backend.tests.test_slide_video_improvements.TestRenderAllSlidesEndpoint" name="test_render_all_slides_endpoint_exists" time="1.710" /><testcase classname="backend.tests.test_slide_video_improvements.TestRenderAllSlidesEndpoint" name="test_render_all_slides_returns_results" time="1.708" /><testcase classname="backend.tests.test_slide_video_improvements.TestRenderAllSlidesEndpoint" name="test_render_all_slides_with_selected_indices" time="0.462" /><testcase classname="backend.tests.test_slide_video_improvements.TestRenderAllSlidesEndpoint" name="test_render_all_slides_invalid_project" time="0.063" /><testcase classname="backend.tests.test_slide_video_improvements.TestGenerateScriptsWithSelectedIndices" name="test_scripts_endpoint_accepts_body" time="2.481" /><testcase classname="backend.tests.test_slide_video_improvements.TestGenerateScriptsWithSelectedIndices" name="test_scripts_with_selected_indices_filters_slides" time="2.541" /><testcase classname="backend.tests.test_slide_video_improvements.TestAvatarGenderFilter" name="test_avatars_filter_by_male" time="10.543" /><testcase classname="backend.tests.test_slide_video_improvements.TestAvatarGenderFilter" name="test_avatars_filter_by_female" time="10.898" /><testcase classname="backend.tests.test_slide_video_improvements.TestAvatarGenderFilter" name="test_avatars_all_returns_available_genders" time="9.079" /><testcase classname="backend.tests.test_slide_video_improvements.TestVoiceLanguageGenderFilters" name="test_voices_filter_by_portuguese" time="0.586" /><testcase classname="backend.tests.test_slide_video_improvements.TestVoiceLanguageGenderFilters" name="test_voices_filter_by_english" time="0.637" /><testcase classname="backend.tests.test_slide_video_improvements.TestVoiceLanguageGenderFilters" name="test_voices_filter_by_gender_male" time="0.610" /><testcase classname="backend.tests.test_slide_video_improvements.TestVoiceLanguageGenderFilters" name="test_voices_filter_by_gender_female" time="0.607" /><testcase classname="backend.tests.test_slide_video_improvements.TestVoiceLanguageGenderFilters" name="test_voices_combined_filters" time="0.708" /><testcase classname="backend.tests.test_slide_video_improvements.TestVoiceLanguageGenderFilters" name="test_voices_returns_available_languages" time="0.618" /><testcase classname="backend.tests.test_slide_video_improvements.TestRenderedImageAccess" name="test_rendered_image_is_accessible" time="0.268" /></testsuite></testsuites>