<?xml version="1.0" encoding="utf-8"?><testsuites name="pytest tests"><testsuite name="pytest" errors="0" failures="0" skipped="0" tests="13" time="51.932" timestamp="2026-03-11T14:32:12.877193+00:00" hostname="agent-env-b97d9711-a15a-4053-89a9-a0cb1c1a7135"><testcase classname="tests.test_scenarios_api.TestScenariosAPI" name="test_health_check" time="0.245" /><testcase classname="tests.test_scenarios_api.TestScenariosAPI" name="test_create_scenario_manual" time="0.193" /><testcase classname="tests.test_scenarios_api.TestScenariosAPI" name="test_get_scenario_by_id" time="0.146" /><testcase classname="tests.test_scenarios_api.TestScenariosAPI" name="test_list_scenarios_by_project" time="0.175" /><testcase classname="tests.test_scenarios_api.TestScenariosAPI" name="test_update_scenario" time="0.174" /><testcase classname="tests.test_scenarios_api.TestScenariosAPI" name="test_get_scenario_404" time="0.133" /><testcase classname="tests.test_scenarios_api.TestScenariosAPI" name="test_update_scenario_404" time="0.169" /><testcase classname="tests.test_scenarios_api.TestScenariosAPI" name="test_delete_scenario" time="0.215" /><testcase classname="tests.test_scenarios_api.TestScenariosAPI" name="test_delete_scenario_404" time="0.133" /><testcase classname="tests.test_scenarios_api.TestScenarioAIGeneration" name="test_generate_scenario_with_ai" time="49.608" /><testcase classname="tests.test_scenarios_api.TestScenarioAIGeneration" name="test_cleanup_generated_scenario" time="0.248" /><testcase classname="tests.test_scenarios_api.TestScenarioAIGeneration" name="test_generate_scenario_validation_error" time="0.116" /><testcase classname="tests.test_scenarios_api.TestScenarioDataStructure" name="test_scenario_node_structure" time="0.264" /></testsuite></testsuites>