<?xml version="1.0" encoding="utf-8"?><testsuites name="pytest tests"><testsuite name="pytest" errors="0" failures="0" skipped="0" tests="15" time="17.600" timestamp="2026-03-02T19:59:06.238718+00:00" hostname="agent-env-c51cd7bf-f922-43af-a67c-a2fa0f4b5ceb"><testcase classname="tests.test_bg_customization_iteration50.TestHealthAndBasicEndpoints" name="test_health_check" time="0.236" /><testcase classname="tests.test_bg_customization_iteration50.TestMediaConfigEndpoint" name="test_media_config_with_bg_config" time="0.154" /><testcase classname="tests.test_bg_customization_iteration50.TestMediaConfigEndpoint" name="test_media_config_with_empty_bg_config" time="0.118" /><testcase classname="tests.test_bg_customization_iteration50.TestMediaConfigEndpoint" name="test_media_config_without_bg_config_field" time="0.184" /><testcase classname="tests.test_bg_customization_iteration50.TestMediaConfigEndpoint" name="test_media_config_invalid_session" time="0.150" /><testcase classname="tests.test_bg_customization_iteration50.TestBgConfigPersistence" name="test_bg_config_persisted_in_session" time="0.263" /><testcase classname="tests.test_bg_customization_iteration50.TestGenerateBgImageEndpoint" name="test_generate_bg_image_missing_prompt" time="0.120" /><testcase classname="tests.test_bg_customization_iteration50.TestGenerateBgImageEndpoint" name="test_generate_bg_image_empty_prompt" time="0.189" /><testcase classname="tests.test_bg_customization_iteration50.TestGenerateBgImageEndpoint" name="test_generate_bg_image_with_prompt" time="15.310" /><testcase classname="tests.test_bg_customization_iteration50.TestExistingSessionWithStoryboard" name="test_session_exists_and_has_storyboard" time="0.136" /><testcase classname="tests.test_bg_customization_iteration50.TestExistingSessionWithStoryboard" name="test_session_structure" time="0.175" /><testcase classname="tests.test_bg_customization_iteration50.TestBgConfigTypes" name="test_bg_config_solid_color" time="0.130" /><testcase classname="tests.test_bg_customization_iteration50.TestBgConfigTypes" name="test_bg_config_gradient" time="0.119" /><testcase classname="tests.test_bg_customization_iteration50.TestBgConfigTypes" name="test_bg_config_image_with_opacity" time="0.109" /><testcase classname="tests.test_bg_customization_iteration50.TestBgConfigTypes" name="test_bg_config_default_type" time="0.124" /></testsuite></testsuites>