<?xml version="1.0" encoding="utf-8"?><testsuites name="pytest tests"><testsuite name="pytest" errors="0" failures="0" skipped="0" tests="7" time="14.715" timestamp="2026-03-28T19:39:37.879557+00:00" hostname="agent-env-e75b8a29-c92d-4b64-8d48-f1ff3cc76581"><testcase classname="backend.tests.test_avatar_settings.TestHeyGenAvatars" name="test_heygen_avatars_endpoint_returns_list" time="12.721" /><testcase classname="backend.tests.test_avatar_settings.TestElevenLabsVoices" name="test_elevenlabs_voices_endpoint_returns_list" time="0.270" /><testcase classname="backend.tests.test_avatar_settings.TestAvatarSettings" name="test_get_avatar_settings_returns_defaults_for_new_project" time="0.509" /><testcase classname="backend.tests.test_avatar_settings.TestAvatarSettings" name="test_put_avatar_settings_saves_correctly" time="0.336" /><testcase classname="backend.tests.test_avatar_settings.TestAvatarSettings" name="test_get_avatar_settings_returns_saved_values" time="0.514" /><testcase classname="backend.tests.test_avatar_settings.TestAvatarSettings" name="test_avatar_settings_for_nonexistent_project_returns_404" time="0.202" /><testcase classname="backend.tests.test_avatar_settings.TestHealthCheck" name="test_api_health" time="0.104" /></testsuite></testsuites>