<?xml version="1.0" encoding="utf-8"?><testsuites name="pytest tests"><testsuite name="pytest" errors="0" failures="2" skipped="0" tests="17" time="1.353" timestamp="2026-01-22T17:17:35.969815+00:00" hostname="agent-env-84908c07-0952-48b0-b310-a170a791d47f"><testcase classname="tests.test_audio_upload.TestHealthAndProjects" name="test_api_health" time="0.058" /><testcase classname="tests.test_audio_upload.TestHealthAndProjects" name="test_list_projects" time="0.052" /><testcase classname="tests.test_audio_upload.TestHealthAndProjects" name="test_get_test_project" time="0.040" /><testcase classname="tests.test_audio_upload.TestSlideAudioUpload" name="test_upload_slide_audio_wav" time="0.084" /><testcase classname="tests.test_audio_upload.TestSlideAudioUpload" name="test_upload_slide_audio_mp3" time="0.077" /><testcase classname="tests.test_audio_upload.TestSlideAudioUpload" name="test_upload_slide_audio_invalid_format" time="0.077" /><testcase classname="tests.test_audio_upload.TestSlideAudioUpload" name="test_upload_slide_audio_nonexistent_slide" time="0.049" /><testcase classname="tests.test_audio_upload.TestSlideAudioUpload" name="test_upload_slide_audio_nonexistent_project" time="0.051" /><testcase classname="tests.test_audio_upload.TestGlobalAudioUpload" name="test_upload_global_audio_wav" time="0.051" /><testcase classname="tests.test_audio_upload.TestGlobalAudioUpload" name="test_upload_global_audio_mp3" time="0.038" /><testcase classname="tests.test_audio_upload.TestGlobalAudioUpload" name="test_upload_global_audio_invalid_format" time="0.033" /><testcase classname="tests.test_audio_upload.TestGlobalAudioUpload" name="test_upload_global_audio_nonexistent_project" time="0.042" /><testcase classname="tests.test_audio_upload.TestAudioPersistence" name="test_slide_audio_persisted" time="0.041" /><testcase classname="tests.test_audio_upload.TestAudioPersistence" name="test_global_audio_persisted" time="0.039" /><testcase classname="tests.test_audio_upload.TestSCORMExport" name="test_scorm_export" time="0.366"><failure message="AssertionError: Download URL not accessible: https://video-export-fix-2.preview.emergentagent.com/api/exports/Teste_de_conversor_PPT_20260122_171736.zip&#10;assert 405 == 200&#10; +  where 405 = &lt;Response [405]&gt;.status_code">tests/test_audio_upload.py:349: in test_scorm_export
    assert download_response.status_code == 200, f"Download URL not accessible: {download_url}"
E   AssertionError: Download URL not accessible: https://video-export-fix-2.preview.emergentagent.com/api/exports/Teste_de_conversor_PPT_20260122_171736.zip
E   assert 405 == 200
E    +  where 405 = &lt;Response [405]&gt;.status_code</failure></testcase><testcase classname="tests.test_audio_upload.TestSCORMExport" name="test_scorm_export_nonexistent_project" time="0.037" /><testcase classname="tests.test_audio_upload.TestAudioAssetServing" name="test_serve_audio_asset" time="0.070"><failure message="AssertionError: Audio asset not accessible: https://video-export-fix-2.preview.emergentagent.com/api/projects/9e97f587-b940-4df0-bfeb-8414fffbc5c2/assets/global_audio_f0fdeadb-191a-419d-a7b2-38f8e0b5cf89.mp3&#10;assert 405 == 200&#10; +  where 405 = &lt;Response [405]&gt;.status_code">tests/test_audio_upload.py:376: in test_serve_audio_asset
    assert asset_response.status_code == 200, f"Audio asset not accessible: {asset_url}"
E   AssertionError: Audio asset not accessible: https://video-export-fix-2.preview.emergentagent.com/api/projects/9e97f587-b940-4df0-bfeb-8414fffbc5c2/assets/global_audio_f0fdeadb-191a-419d-a7b2-38f8e0b5cf89.mp3
E   assert 405 == 200
E    +  where 405 = &lt;Response [405]&gt;.status_code</failure></testcase></testsuite></testsuites>