<?xml version="1.0" encoding="utf-8"?><testsuites name="pytest tests"><testsuite name="pytest" errors="0" failures="0" skipped="0" tests="8" time="67.173" timestamp="2026-03-03T14:47:16.366554+00:00" hostname="agent-env-0b160944-7151-49ff-881a-fa07b4a59ec0"><testcase classname="backend.tests.test_elevenlabs_narration_scripts.TestElevenLabsNarrationScripts" name="test_elevenlabs_voices_endpoint" time="0.433" /><testcase classname="backend.tests.test_elevenlabs_narration_scripts.TestElevenLabsNarrationScripts" name="test_generate_slide_narration_endpoint" time="13.555" /><testcase classname="backend.tests.test_elevenlabs_narration_scripts.TestElevenLabsNarrationScripts" name="test_narration_with_different_styles" time="42.197" /><testcase classname="backend.tests.test_elevenlabs_narration_scripts.TestElevenLabsNarrationScripts" name="test_invalid_slide_index" time="9.051" /><testcase classname="backend.tests.test_elevenlabs_narration_scripts.TestElevenLabsNarrationScripts" name="test_invalid_session_id" time="0.116" /><testcase classname="backend.tests.test_elevenlabs_narration_scripts.TestElevenLabsNarrationScripts" name="test_elevenlabs_generate_speech_endpoint" time="1.487" /><testcase classname="backend.tests.test_elevenlabs_narration_scripts.TestNarrationInCourseGeneration" name="test_session_has_storyboard" time="0.107" /><testcase classname="backend.tests.test_elevenlabs_narration_scripts.TestScormGradientFix" name="test_project_with_gradient_background" time="0.120" /></testsuite></testsuites>