<?xml version="1.0" encoding="utf-8"?><testsuites name="pytest tests"><testsuite name="pytest" errors="0" failures="0" skipped="0" tests="8" time="8.430" timestamp="2026-03-07T20:37:50.028922+00:00" hostname="agent-env-c125cf88-87f3-4466-9d3d-1563f7411b51"><testcase classname="backend.tests.test_dashboard_metrics_tutor.TestDashboardMetrics" name="test_get_dashboard_metrics_success" time="0.152" /><testcase classname="backend.tests.test_dashboard_metrics_tutor.TestDashboardMetrics" name="test_dashboard_metrics_non_negative" time="0.118" /><testcase classname="backend.tests.test_dashboard_metrics_tutor.TestAITutorChat" name="test_tutor_chat_success" time="1.596" /><testcase classname="backend.tests.test_dashboard_metrics_tutor.TestAITutorChat" name="test_tutor_chat_missing_message" time="0.152" /><testcase classname="backend.tests.test_dashboard_metrics_tutor.TestAITutorChat" name="test_tutor_chat_empty_message" time="0.118" /><testcase classname="backend.tests.test_dashboard_metrics_tutor.TestAITutorChat" name="test_tutor_chat_with_history" time="4.098" /><testcase classname="backend.tests.test_dashboard_metrics_tutor.TestAITutorChat" name="test_tutor_chat_returns_messages_used" time="1.865" /><testcase classname="backend.tests.test_dashboard_metrics_tutor.TestTutorSettings" name="test_get_tutor_settings" time="0.157" /></testsuite></testsuites>