<?xml version="1.0" encoding="utf-8"?><testsuites name="pytest tests"><testsuite name="pytest" errors="0" failures="0" skipped="0" tests="12" time="27.825" timestamp="2026-04-14T22:27:00.467415+00:00" hostname="agent-env-b4b06691-0329-40b0-8ae9-58994adbc74d"><testcase classname="backend.tests.test_leonardo_ai.TestLeonardoGenerateEndpoint" name="test_generate_requires_auth" time="0.165" /><testcase classname="backend.tests.test_leonardo_ai.TestLeonardoGenerateEndpoint" name="test_generate_requires_prompt" time="0.510" /><testcase classname="backend.tests.test_leonardo_ai.TestLeonardoGenerateEndpoint" name="test_generate_empty_prompt_rejected" time="0.152" /><testcase classname="backend.tests.test_leonardo_ai.TestLeonardoGenerateEndpoint" name="test_generate_returns_generation_id" time="1.214" /><testcase classname="backend.tests.test_leonardo_ai.TestLeonardoGenerateEndpoint" name="test_generate_with_style_preset" time="0.881" /><testcase classname="backend.tests.test_leonardo_ai.TestLeonardoStatusEndpoint" name="test_status_requires_auth" time="0.103" /><testcase classname="backend.tests.test_leonardo_ai.TestLeonardoStatusEndpoint" name="test_status_returns_valid_response" time="11.401" /><testcase classname="backend.tests.test_leonardo_ai.TestLeonardoSaveToProjectEndpoint" name="test_save_requires_auth" time="0.165" /><testcase classname="backend.tests.test_leonardo_ai.TestLeonardoSaveToProjectEndpoint" name="test_save_requires_image_url" time="0.116" /><testcase classname="backend.tests.test_leonardo_ai.TestLeonardoSaveToProjectEndpoint" name="test_save_requires_project_id" time="0.171" /><testcase classname="backend.tests.test_leonardo_ai.TestLeonardoIntegration" name="test_full_generation_workflow" time="11.591" /><testcase classname="backend.tests.test_leonardo_ai.TestLeonardoAPIKeyConfiguration" name="test_api_key_configured" time="1.230" /></testsuite></testsuites>