<?xml version="1.0" encoding="utf-8"?><testsuites name="pytest tests"><testsuite name="pytest" errors="0" failures="0" skipped="0" tests="9" time="3.501" timestamp="2026-02-28T17:04:32.757834+00:00" hostname="agent-env-48874603-07d6-49f6-a25b-3a174038974f"><testcase classname="backend.tests.test_libras_autofill_feature.TestHealthCheck" name="test_health_endpoint" time="0.159" /><testcase classname="backend.tests.test_libras_autofill_feature.TestLibrasScriptField" name="test_get_project_has_slides" time="0.145" /><testcase classname="backend.tests.test_libras_autofill_feature.TestLibrasScriptField" name="test_update_librasscript_field" time="0.427" /><testcase classname="backend.tests.test_libras_autofill_feature.TestSCORMExportWithLibras" name="test_scorm_export_returns_200" time="1.077" /><testcase classname="backend.tests.test_libras_autofill_feature.TestSCORMExportWithLibras" name="test_scorm_export_content_analysis" time="1.627" /><testcase classname="backend.tests.test_libras_autofill_feature.TestFrontendCodeAnalysis" name="test_editor_jsx_contains_extract_slide_text" time="0.000" /><testcase classname="backend.tests.test_libras_autofill_feature.TestFrontendCodeAnalysis" name="test_editor_jsx_contains_handle_auto_fill" time="0.000" /><testcase classname="backend.tests.test_libras_autofill_feature.TestFrontendCodeAnalysis" name="test_editor_jsx_tts_autofill" time="0.000" /><testcase classname="backend.tests.test_libras_autofill_feature.TestFrontendCodeAnalysis" name="test_editor_jsx_has_autofill_button_testid" time="0.000" /></testsuite></testsuites>