<?xml version="1.0" encoding="utf-8"?><testsuites name="pytest tests"><testsuite name="pytest" errors="0" failures="0" skipped="0" tests="11" time="2.837" timestamp="2026-03-29T19:52:42.292949+00:00" hostname="agent-env-1e59f915-afcd-4325-ad61-ab40ce2517fb"><testcase classname="backend.tests.test_auth_flow.TestHealthCheck" name="test_health_endpoint" time="0.168" /><testcase classname="backend.tests.test_auth_flow.TestLoginEndpoint" name="test_login_with_correct_credentials" time="0.351" /><testcase classname="backend.tests.test_auth_flow.TestLoginEndpoint" name="test_login_with_wrong_password" time="0.352" /><testcase classname="backend.tests.test_auth_flow.TestLoginEndpoint" name="test_login_with_wrong_email" time="0.109" /><testcase classname="backend.tests.test_auth_flow.TestLoginEndpoint" name="test_login_with_empty_credentials" time="0.150" /><testcase classname="backend.tests.test_auth_flow.TestMeEndpoint" name="test_me_with_valid_token" time="0.466" /><testcase classname="backend.tests.test_auth_flow.TestMeEndpoint" name="test_me_without_token" time="0.143" /><testcase classname="backend.tests.test_auth_flow.TestMeEndpoint" name="test_me_with_invalid_token" time="0.112" /><testcase classname="backend.tests.test_auth_flow.TestMeEndpoint" name="test_me_with_malformed_auth_header" time="0.116" /><testcase classname="backend.tests.test_auth_flow.TestLogoutEndpoint" name="test_logout_clears_session" time="0.623" /><testcase classname="backend.tests.test_auth_flow.TestDebugDbEndpoint" name="test_debug_db_returns_status" time="0.119" /></testsuite></testsuites>