<?xml version="1.0" encoding="utf-8"?><testsuites name="pytest tests"><testsuite name="pytest" errors="0" failures="0" skipped="0" tests="10" time="18.639" timestamp="2026-02-23T20:07:58.993379+00:00" hostname="agent-env-138f330e-4df3-4e62-8fa7-402c7c3f5ed9"><testcase classname="tests.test_ai_tutor.TestTutorSettings" name="test_get_tutor_settings_default" time="0.243" /><testcase classname="tests.test_ai_tutor.TestTutorSettings" name="test_put_tutor_settings_saves" time="0.684" /><testcase classname="tests.test_ai_tutor.TestTutorSettings" name="test_put_tutor_settings_enables_disabled" time="0.696" /><testcase classname="tests.test_ai_tutor.TestTutorChat" name="test_chat_returns_error_when_message_empty" time="0.242" /><testcase classname="tests.test_ai_tutor.TestTutorChat" name="test_chat_sends_message_gets_ai_response" time="1.994" /><testcase classname="tests.test_ai_tutor.TestTutorChat" name="test_chat_respects_message_limit" time="0.611" /><testcase classname="tests.test_ai_tutor.TestTutorChat" name="test_chat_with_history_context" time="6.974" /><testcase classname="tests.test_ai_tutor.TestTutorChat" name="test_chat_when_tutor_disabled_returns_403" time="0.525" /><testcase classname="tests.test_ai_tutor.TestScormExportWithTutor" name="test_scorm_export_includes_tutor_config" time="3.697" /><testcase classname="tests.test_ai_tutor.TestScormExportWithTutor" name="test_scorm_export_without_tutor_when_disabled" time="2.852" /></testsuite></testsuites>