<?xml version="1.0" encoding="utf-8"?><testsuites name="pytest tests"><testsuite name="pytest" errors="0" failures="0" skipped="0" tests="9" time="4.535" timestamp="2026-02-11T20:41:50.642615+00:00" hostname="agent-env-b871b980-e282-4bb6-bdcb-d0d82a432401"><testcase classname="backend.tests.test_elevenlabs_tts.TestElevenLabsVoices" name="test_list_all_voices" time="0.160" /><testcase classname="backend.tests.test_elevenlabs_tts.TestElevenLabsVoices" name="test_filter_by_male_gender" time="0.162" /><testcase classname="backend.tests.test_elevenlabs_tts.TestElevenLabsVoices" name="test_filter_by_female_gender" time="0.118" /><testcase classname="backend.tests.test_elevenlabs_tts.TestElevenLabsVoices" name="test_supported_languages" time="0.118" /><testcase classname="backend.tests.test_elevenlabs_tts.TestElevenLabsGenerateSpeech" name="test_generate_speech_portuguese" time="0.856" /><testcase classname="backend.tests.test_elevenlabs_tts.TestElevenLabsGenerateSpeech" name="test_generate_speech_english" time="0.979" /><testcase classname="backend.tests.test_elevenlabs_tts.TestElevenLabsGenerateSpeech" name="test_generate_speech_spanish" time="1.038" /><testcase classname="backend.tests.test_elevenlabs_tts.TestElevenLabsGenerateSpeech" name="test_generate_speech_empty_text" time="0.035" /><testcase classname="backend.tests.test_elevenlabs_tts.TestElevenLabsGenerateSpeech" name="test_generate_speech_with_female_voice" time="0.964" /></testsuite></testsuites>