<?xml version="1.0" encoding="utf-8"?><testsuites name="pytest tests"><testsuite name="pytest" errors="0" failures="0" skipped="0" tests="21" time="10.495" timestamp="2026-02-24T13:15:12.019447+00:00" hostname="agent-env-288733d3-3810-4a1f-9624-1766d219989e"><testcase classname="backend.tests.test_audio_timeline_progress_bar.TestHealthEndpoint" name="test_health_returns_200" time="0.220" /><testcase classname="backend.tests.test_audio_timeline_progress_bar.TestPlayerJSContent" name="test_has_start_slide_progress_function" time="0.001" /><testcase classname="backend.tests.test_audio_timeline_progress_bar.TestPlayerJSContent" name="test_has_stop_slide_progress_function" time="0.000" /><testcase classname="backend.tests.test_audio_timeline_progress_bar.TestPlayerJSContent" name="test_start_slide_progress_uses_slide_duration" time="0.000" /><testcase classname="backend.tests.test_audio_timeline_progress_bar.TestPlayerJSContent" name="test_render_slide_calls_stop_slide_progress" time="0.000" /><testcase classname="backend.tests.test_audio_timeline_progress_bar.TestPlayerJSContent" name="test_render_slide_calls_start_slide_progress" time="0.000" /><testcase classname="backend.tests.test_audio_timeline_progress_bar.TestPlayerJSContent" name="test_playSlideAudio_has_explicit_timeline_check" time="0.000" /><testcase classname="backend.tests.test_audio_timeline_progress_bar.TestPlayerJSContent" name="test_playSlideAudio_has_three_modes" time="0.000" /><testcase classname="backend.tests.test_audio_timeline_progress_bar.TestPlayerJSContent" name="test_stop_all_slide_audios_clears_timeline_timers" time="0.000" /><testcase classname="backend.tests.test_audio_timeline_progress_bar.TestPlayerTemplateHTML" name="test_has_slide_timeline_bar_div" time="0.000" /><testcase classname="backend.tests.test_audio_timeline_progress_bar.TestPlayerTemplateHTML" name="test_has_slide_timeline_fill_div" time="0.000" /><testcase classname="backend.tests.test_audio_timeline_progress_bar.TestPlayerTemplateHTML" name="test_has_data_testid_attributes" time="0.000" /><testcase classname="backend.tests.test_audio_timeline_progress_bar.TestPlayerCSS" name="test_has_slide_timeline_bar_styles" time="0.000" /><testcase classname="backend.tests.test_audio_timeline_progress_bar.TestPlayerCSS" name="test_has_slide_timeline_fill_styles" time="0.000" /><testcase classname="backend.tests.test_audio_timeline_progress_bar.TestPlayerCSS" name="test_has_complete_class_styles" time="0.000" /><testcase classname="backend.tests.test_audio_timeline_progress_bar.TestPlayerCSS" name="test_has_pulse_animation" time="0.000" /><testcase classname="backend.tests.test_audio_timeline_progress_bar.TestSCORMExport" name="test_scorm_export_produces_valid_zip" time="2.113" /><testcase classname="backend.tests.test_audio_timeline_progress_bar.TestSCORMExport" name="test_scorm_html_contains_timeline_bar" time="1.929" /><testcase classname="backend.tests.test_audio_timeline_progress_bar.TestSCORMExport" name="test_scorm_css_contains_timeline_styles" time="1.974" /><testcase classname="backend.tests.test_audio_timeline_progress_bar.TestSCORMExport" name="test_scorm_player_js_has_progress_functions" time="1.911" /><testcase classname="backend.tests.test_audio_timeline_progress_bar.TestCourseJSONPreservesAudioStartTime" name="test_course_json_structure_in_export" time="2.215" /></testsuite></testsuites>