<?xml version="1.0" encoding="utf-8"?><testsuites name="pytest tests"><testsuite name="pytest" errors="0" failures="0" skipped="0" tests="15" time="16.959" timestamp="2026-03-27T19:32:58.878264+00:00" hostname="agent-env-b2dfd1e0-4d36-45db-8d23-12d0f27ea225"><testcase classname="backend.tests.test_heygen_video_export.TestExportVideoFramesWithHeyGen" name="test_export_frames_returns_video_elements_for_heygen_project" time="1.868" /><testcase classname="backend.tests.test_heygen_video_export.TestExportVideoFramesWithHeyGen" name="test_export_frames_video_element_coordinates_scaled" time="1.798" /><testcase classname="backend.tests.test_heygen_video_export.TestExportVideoFramesWithHeyGen" name="test_export_frames_no_video_elements_for_project_without_videos" time="2.209" /><testcase classname="backend.tests.test_heygen_video_export.TestExportVideoFramesWithHeyGen" name="test_export_frames_structure_unchanged" time="1.852" /><testcase classname="backend.tests.test_heygen_video_export.TestProxyVideoEndpoint" name="test_proxy_video_returns_video_content" time="2.255" /><testcase classname="backend.tests.test_heygen_video_export.TestProxyVideoEndpoint" name="test_proxy_video_rejects_non_whitelisted_hosts" time="0.361" /><testcase classname="backend.tests.test_heygen_video_export.TestProxyVideoEndpoint" name="test_proxy_video_allows_real_heygen_video" time="2.113" /><testcase classname="backend.tests.test_heygen_video_export.TestProxyVideoEndpoint" name="test_proxy_video_rejects_invalid_url" time="0.324" /><testcase classname="backend.tests.test_heygen_video_export.TestSCORMExportRegression" name="test_scorm_export_project_with_heygen" time="1.856" /><testcase classname="backend.tests.test_heygen_video_export.TestSCORMExportRegression" name="test_scorm_export_project_without_video" time="1.448" /><testcase classname="backend.tests.test_heygen_video_export.TestHTMLExportRegression" name="test_html_export_project_with_heygen" time="0.233" /><testcase classname="backend.tests.test_heygen_video_export.TestHTMLExportRegression" name="test_html_export_project_without_video" time="0.217" /><testcase classname="backend.tests.test_heygen_video_export.TestHealthAndConnectivity" name="test_health_endpoint" time="0.115" /><testcase classname="backend.tests.test_heygen_video_export.TestHealthAndConnectivity" name="test_heygen_project_exists" time="0.107" /><testcase classname="backend.tests.test_heygen_video_export.TestHealthAndConnectivity" name="test_non_video_project_exists" time="0.123" /></testsuite></testsuites>