<?xml version="1.0" encoding="utf-8"?><testsuites name="pytest tests"><testsuite name="pytest" errors="0" failures="0" skipped="0" tests="8" time="2.193" timestamp="2026-01-22T19:22:23.889490+00:00" hostname="agent-env-c244a059-8ee2-4e7d-aa71-c56f76279675"><testcase classname="tests.test_annotations.TestAnnotationAPI" name="test_get_project_with_annotations" time="0.146" /><testcase classname="tests.test_annotations.TestAnnotationAPI" name="test_create_arrow_annotation" time="0.111" /><testcase classname="tests.test_annotations.TestAnnotationAPI" name="test_create_circle_annotation" time="0.094" /><testcase classname="tests.test_annotations.TestAnnotationAPI" name="test_create_rectangle_annotation" time="0.076" /><testcase classname="tests.test_annotations.TestAnnotationAPI" name="test_annotation_persistence" time="0.141" /><testcase classname="tests.test_annotations.TestAnnotationAPI" name="test_delete_annotation" time="0.218" /><testcase classname="tests.test_annotations.TestSCORMExportWithAnnotations" name="test_scorm_export_endpoint" time="0.652" /><testcase classname="tests.test_annotations.TestSCORMExportWithAnnotations" name="test_scorm_package_download" time="0.635" /></testsuite></testsuites>