<?xml version="1.0" encoding="utf-8"?><testsuites name="pytest tests"><testsuite name="pytest" errors="0" failures="0" skipped="0" tests="18" time="19.571" timestamp="2026-02-20T12:57:28.241252+00:00" hostname="agent-env-9ea4884e-f896-43ea-998f-23480493d47e"><testcase classname="backend.tests.test_scorm_export_robustness.TestHealthBaseline" name="test_health_before_export" time="0.168" /><testcase classname="backend.tests.test_scorm_export_robustness.TestBasicSCORMExport" name="test_export_returns_200_with_download_url_and_job_id" time="2.088" /><testcase classname="backend.tests.test_scorm_export_robustness.TestBasicSCORMExport" name="test_exported_zip_is_valid" time="1.578" /><testcase classname="backend.tests.test_scorm_export_robustness.TestBasicSCORMExport" name="test_zip_contains_required_scorm_files" time="1.773" /><testcase classname="backend.tests.test_scorm_export_robustness.TestBasicSCORMExport" name="test_course_json_is_valid" time="1.597" /><testcase classname="backend.tests.test_scorm_export_robustness.TestExportTiming" name="test_export_completes_under_30_seconds" time="1.157" /><testcase classname="backend.tests.test_scorm_export_robustness.TestEventLoopNotBlocked" name="test_health_responds_during_export" time="1.281" /><testcase classname="backend.tests.test_scorm_export_robustness.TestNoneBackgroundImage" name="test_export_slide_with_null_background_image" time="1.340" /><testcase classname="backend.tests.test_scorm_export_robustness.TestNoneBackgroundImage" name="test_export_slide_with_null_background_doesnt_corrupt_zip" time="1.790" /><testcase classname="backend.tests.test_scorm_export_robustness.TestNoneWidthHeight" name="test_export_slide_with_null_width_height" time="0.446" /><testcase classname="backend.tests.test_scorm_export_robustness.TestNoneElementSrc" name="test_export_image_element_with_null_src" time="1.375" /><testcase classname="backend.tests.test_scorm_export_robustness.TestNoneElementSrc" name="test_export_video_element_with_null_src" time="1.357" /><testcase classname="backend.tests.test_scorm_export_robustness.TestNoneElementType" name="test_export_element_with_null_type" time="0.486" /><testcase classname="backend.tests.test_scorm_export_robustness.TestNoneAudioSrc" name="test_export_audio_with_null_src" time="0.446" /><testcase classname="backend.tests.test_scorm_export_robustness.TestNoneGlobalAudioSrc" name="test_export_global_audio_with_null_src" time="0.460" /><testcase classname="backend.tests.test_scorm_export_robustness.TestNoneGlobalAudioSrc" name="test_export_global_audio_object_with_null_src_doesnt_hang" time="0.464" /><testcase classname="backend.tests.test_scorm_export_robustness.TestExportEdgeCases" name="test_export_nonexistent_project_returns_404" time="0.126" /><testcase classname="backend.tests.test_scorm_export_robustness.TestExportEdgeCases" name="test_export_minimal_project_without_assets" time="1.576" /></testsuite></testsuites>