<?xml version="1.0" encoding="utf-8"?><testsuites name="pytest tests"><testsuite name="pytest" errors="0" failures="0" skipped="0" tests="7" time="19.032" timestamp="2026-04-14T22:58:56.881141+00:00" hostname="agent-env-b4b06691-0329-40b0-8ae9-58994adbc74d"><testcase classname="tests.test_imagem_premium_leonardo.TestImagemPremiumLeonardoIntegration" name="test_analyze_endpoint_returns_imagem_premium_type" time="6.840" /><testcase classname="tests.test_imagem_premium_leonardo.TestImagemPremiumLeonardoIntegration" name="test_apply_improvements_endpoint_structure" time="4.501" /><testcase classname="tests.test_imagem_premium_leonardo.TestImagemPremiumLeonardoIntegration" name="test_leonardo_api_key_configured" time="1.333" /><testcase classname="tests.test_imagem_premium_leonardo.TestImagemPremiumLeonardoIntegration" name="test_apply_improvements_returns_leonardo_count" time="4.770" /><testcase classname="tests.test_imagem_premium_leonardo.TestFrontendImagemPremiumSupport" name="test_agent_check_access" time="0.417" /><testcase classname="tests.test_imagem_premium_leonardo.TestFrontendImagemPremiumSupport" name="test_design_templates_endpoint" time="0.445" /><testcase classname="tests.test_imagem_premium_leonardo.TestAIAgentAnalysisImagemPremium" name="test_analysis_prompt_includes_imagem_premium" time="0.663" /></testsuite></testsuites>