<?xml version="1.0" encoding="utf-8"?><testsuites name="pytest tests"><testsuite name="pytest" errors="0" failures="0" skipped="0" tests="10" time="0.089" timestamp="2026-03-23T22:21:27.513632+00:00" hostname="agent-env-6de2599e-f08b-4120-a444-51cfdff23bcc"><testcase classname="backend.tests.test_y_positioning_unit.TestElementYPositioningLogic" name="test_single_element_starts_at_y80" time="0.000" /><testcase classname="backend.tests.test_y_positioning_unit.TestElementYPositioningLogic" name="test_multiple_elements_have_incremental_y" time="0.000" /><testcase classname="backend.tests.test_y_positioning_unit.TestElementYPositioningLogic" name="test_no_elements_at_y40" time="0.000" /><testcase classname="backend.tests.test_y_positioning_unit.TestElementYPositioningLogic" name="test_header_preservation_logic" time="0.000" /><testcase classname="backend.tests.test_y_positioning_unit.TestElementYPositioningLogic" name="test_non_text_elements_preserved" time="0.000" /><testcase classname="backend.tests.test_y_positioning_unit.TestElementYPositioningLogic" name="test_new_slide_element_positioning" time="0.000" /><testcase classname="backend.tests.test_y_positioning_unit.TestApplyImprovementsCodePath" name="test_code_uses_current_y_variable" time="0.000" /><testcase classname="backend.tests.test_y_positioning_unit.TestApplyImprovementsCodePath" name="test_code_preserves_non_text_elements" time="0.000" /><testcase classname="backend.tests.test_y_positioning_unit.TestApplyImprovementsCodePath" name="test_code_preserves_header_bar" time="0.000" /><testcase classname="backend.tests.test_y_positioning_unit.TestApplyImprovementsCodePath" name="test_ai_prompt_requests_single_element" time="0.000" /></testsuite></testsuites>