<?xml version="1.0" encoding="utf-8"?><testsuites name="pytest tests"><testsuite name="pytest" errors="0" failures="0" skipped="0" tests="20" time="2.850" timestamp="2026-03-05T14:33:02.303073+00:00" hostname="agent-env-26747d7a-777c-4c75-843a-1ddacf3f8b59"><testcase classname="tests.test_design_templates_visual_diff.TestDesignTemplatesAPI" name="test_design_templates_returns_6_templates" time="0.128" /><testcase classname="tests.test_design_templates_visual_diff.TestDesignTemplatesAPI" name="test_each_template_has_distinct_headerStyle" time="0.114" /><testcase classname="tests.test_design_templates_visual_diff.TestDesignTemplatesAPI" name="test_each_template_has_cornerRadius" time="0.107" /><testcase classname="tests.test_design_templates_visual_diff.TestDesignTemplatesAPI" name="test_each_template_has_fonts" time="0.140" /><testcase classname="tests.test_design_templates_visual_diff.TestDesignTemplatesAPI" name="test_templates_have_distinct_palettes" time="0.103" /><testcase classname="tests.test_design_templates_visual_diff.TestBuildHeaderBarFunction" name="test_header_bar_solid_style" time="1.423" /><testcase classname="tests.test_design_templates_visual_diff.TestBuildHeaderBarFunction" name="test_header_bar_rounded_style" time="0.000" /><testcase classname="tests.test_design_templates_visual_diff.TestBuildHeaderBarFunction" name="test_header_bar_minimal_style" time="0.000" /><testcase classname="tests.test_design_templates_visual_diff.TestBuildHeaderBarFunction" name="test_header_bar_neon_style" time="0.000" /><testcase classname="tests.test_design_templates_visual_diff.TestBuildHeaderBarFunction" name="test_header_bar_gradient_style" time="0.000" /><testcase classname="tests.test_design_templates_visual_diff.TestBuildHeaderBarFunction" name="test_header_bar_elegant_style" time="0.000" /><testcase classname="tests.test_design_templates_visual_diff.TestBuildHeaderBarFunction" name="test_all_styles_produce_different_html" time="0.000" /><testcase classname="tests.test_design_templates_visual_diff.TestStyleContentHtmlFonts" name="test_style_content_html_applies_heading_font" time="0.001" /><testcase classname="tests.test_design_templates_visual_diff.TestStyleContentHtmlFonts" name="test_style_content_html_applies_body_font" time="0.000" /><testcase classname="tests.test_design_templates_visual_diff.TestStyleContentHtmlFonts" name="test_style_content_html_wraps_with_body_font" time="0.000" /><testcase classname="tests.test_design_templates_visual_diff.TestStyleSummaryHtmlFonts" name="test_style_summary_html_applies_heading_font" time="0.000" /><testcase classname="tests.test_design_templates_visual_diff.TestStyleSummaryHtmlFonts" name="test_style_summary_html_applies_body_font" time="0.000" /><testcase classname="tests.test_design_templates_visual_diff.TestSessionDesignTemplateConfig" name="test_configure_endpoint_accepts_designTemplateId" time="0.739" /><testcase classname="tests.test_design_templates_visual_diff.TestSessionDesignTemplateConfig" name="test_get_design_template_by_id_returns_correct_template" time="0.000" /><testcase classname="tests.test_design_templates_visual_diff.TestCornerRadiusOnImages" name="test_build_content_slide_applies_corner_radius" time="0.024" /></testsuite></testsuites>