<?xml version="1.0" encoding="utf-8"?><testsuites name="pytest tests"><testsuite name="pytest" errors="0" failures="0" skipped="0" tests="11" time="8.189" timestamp="2026-02-19T18:06:30.717633+00:00" hostname="agent-env-f7de647e-50cf-44c2-85f0-fbd77d76a323"><testcase classname="backend.tests.test_scorm_asset_persistence.TestAPIHealth" name="test_api_health" time="0.209" /><testcase classname="backend.tests.test_scorm_asset_persistence.TestAPIHealth" name="test_api_root" time="0.385" /><testcase classname="backend.tests.test_scorm_asset_persistence.TestProjectsAPI" name="test_list_projects" time="0.183" /><testcase classname="backend.tests.test_scorm_asset_persistence.TestProjectsAPI" name="test_get_test_project" time="0.200" /><testcase classname="backend.tests.test_scorm_asset_persistence.TestAssetServing" name="test_serve_slide_images" time="0.595" /><testcase classname="backend.tests.test_scorm_asset_persistence.TestAssetServing" name="test_serve_nonexistent_asset" time="0.133" /><testcase classname="backend.tests.test_scorm_asset_persistence.TestAssetServing" name="test_asset_serving_consistency" time="0.588" /><testcase classname="backend.tests.test_scorm_asset_persistence.TestSCORMExport" name="test_scorm_export_endpoint" time="1.098" /><testcase classname="backend.tests.test_scorm_asset_persistence.TestSCORMExport" name="test_scorm_export_contains_slide_images" time="2.272" /><testcase classname="backend.tests.test_scorm_asset_persistence.TestSCORMExport" name="test_scorm_package_structure" time="1.994" /><testcase classname="backend.tests.test_scorm_asset_persistence.TestAuthAndSession" name="test_login_and_get_projects" time="0.469" /></testsuite></testsuites>