<?xml version="1.0" encoding="utf-8"?><testsuites name="pytest tests"><testsuite name="pytest" errors="0" failures="2" skipped="0" tests="10" time="17.023" timestamp="2026-04-02T16:25:24.507693+00:00" hostname="agent-env-482968e2-8eb8-4259-9239-204418b2963b"><testcase classname="backend.tests.test_iteration96_ui_improvements.TestAuthFlow" name="test_login_success" time="11.633" /><testcase classname="backend.tests.test_iteration96_ui_improvements.TestAgentEndpoints" name="test_agent_courses_endpoint" time="0.491" /><testcase classname="backend.tests.test_iteration96_ui_improvements.TestAgentEndpoints" name="test_agent_templates_endpoint" time="0.468" /><testcase classname="backend.tests.test_iteration96_ui_improvements.TestAgentEndpoints" name="test_agent_design_templates_endpoint" time="0.459" /><testcase classname="backend.tests.test_iteration96_ui_improvements.TestAgentEndpoints" name="test_elevenlabs_voices_endpoint" time="0.960" /><testcase classname="backend.tests.test_iteration96_ui_improvements.TestAgentEndpoints" name="test_heygen_avatars_endpoint" time="0.732"><failure message="AssertionError: HeyGen avatars failed: {&quot;detail&quot;:&quot;Failed to fetch avatars from HeyGen&quot;}&#10;assert 403 == 200&#10; +  where 403 = &lt;Response [403]&gt;.status_code">backend/tests/test_iteration96_ui_improvements.py:86: in test_heygen_avatars_endpoint
    assert response.status_code == 200, f"HeyGen avatars failed: {response.text}"
E   AssertionError: HeyGen avatars failed: {"detail":"Failed to fetch avatars from HeyGen"}
E   assert 403 == 200
E    +  where 403 = &lt;Response [403]&gt;.status_code</failure></testcase><testcase classname="backend.tests.test_iteration96_ui_improvements.TestAgentEndpoints" name="test_heygen_voices_endpoint" time="0.635"><failure message="AssertionError: HeyGen voices failed: {&quot;detail&quot;:&quot;Failed to fetch voices from HeyGen&quot;}&#10;assert 403 == 200&#10; +  where 403 = &lt;Response [403]&gt;.status_code">backend/tests/test_iteration96_ui_improvements.py:93: in test_heygen_voices_endpoint
    assert response.status_code == 200, f"HeyGen voices failed: {response.text}"
E   AssertionError: HeyGen voices failed: {"detail":"Failed to fetch voices from HeyGen"}
E   assert 403 == 200
E    +  where 403 = &lt;Response [403]&gt;.status_code</failure></testcase><testcase classname="backend.tests.test_iteration96_ui_improvements.TestAgentEndpoints" name="test_gallery_images_endpoint" time="0.676" /><testcase classname="backend.tests.test_iteration96_ui_improvements.TestDashboardEndpoints" name="test_dashboard_metrics_endpoint" time="0.161" /><testcase classname="backend.tests.test_iteration96_ui_improvements.TestRepairAssetsEndpoint" name="test_repair_assets_endpoint" time="0.683" /></testsuite></testsuites>