<?xml version="1.0" encoding="utf-8"?><testsuites name="pytest tests"><testsuite name="pytest" errors="0" failures="0" skipped="0" tests="17" time="5.311" timestamp="2026-03-27T23:19:40.760771+00:00" hostname="agent-env-e75b8a29-c92d-4b64-8d48-f1ff3cc76581"><testcase classname="backend.tests.test_video_export_audio_fix.TestSlidesDataEndpoint" name="test_slides_data_returns_200" time="0.230" /><testcase classname="backend.tests.test_video_export_audio_fix.TestSlidesDataEndpoint" name="test_slides_data_returns_audio_elements_with_src" time="0.122" /><testcase classname="backend.tests.test_video_export_audio_fix.TestSlidesDataEndpoint" name="test_legacy_audio_project_audio_paths" time="0.113" /><testcase classname="backend.tests.test_video_export_audio_fix.TestSlidesDataEndpoint" name="test_audio_element_structure" time="0.124" /><testcase classname="backend.tests.test_video_export_audio_fix.TestMixedHeyGenAudioProject" name="test_mixed_project_returns_video_elements" time="0.141" /><testcase classname="backend.tests.test_video_export_audio_fix.TestMixedHeyGenAudioProject" name="test_mixed_project_returns_audio_elements" time="0.164" /><testcase classname="backend.tests.test_video_export_audio_fix.TestMixedHeyGenAudioProject" name="test_mixed_project_slide_structure" time="0.100" /><testcase classname="backend.tests.test_video_export_audio_fix.TestProxyVideoEndpoint" name="test_proxy_video_returns_video_content" time="0.316" /><testcase classname="backend.tests.test_video_export_audio_fix.TestProxyVideoEndpoint" name="test_proxy_video_rejects_invalid_url" time="0.114" /><testcase classname="backend.tests.test_video_export_audio_fix.TestProxyVideoEndpoint" name="test_proxy_video_rejects_non_whitelisted_host" time="0.126" /><testcase classname="backend.tests.test_video_export_audio_fix.TestAudioFileServing" name="test_audio_file_returns_200" time="0.154" /><testcase classname="backend.tests.test_video_export_audio_fix.TestAudioFileServing" name="test_audio_file_returns_404_for_nonexistent" time="0.380" /><testcase classname="backend.tests.test_video_export_audio_fix.TestAudioFileServing" name="test_multiple_audio_files_accessible" time="0.717" /><testcase classname="backend.tests.test_video_export_audio_fix.TestRegressionExports" name="test_scorm_export_still_works" time="1.750" /><testcase classname="backend.tests.test_video_export_audio_fix.TestRegressionExports" name="test_html_export_still_works" time="0.299" /><testcase classname="backend.tests.test_video_export_audio_fix.TestRegressionExports" name="test_health_endpoint" time="0.121" /><testcase classname="backend.tests.test_video_export_audio_fix.TestSlideDataDefaultDuration" name="test_default_duration_parameter" time="0.133" /></testsuite></testsuites>