<?xml version="1.0" encoding="utf-8"?><testsuites name="pytest tests"><testsuite name="pytest" errors="0" failures="0" skipped="0" tests="11" time="11.778" timestamp="2026-03-25T15:04:28.822419+00:00" hostname="agent-env-a76ec75b-dc27-4b88-acda-fd28e9395ec7"><testcase classname="tests.test_export_url_fix.TestHealthAndAuth" name="test_health_endpoint" time="0.269" /><testcase classname="tests.test_export_url_fix.TestHealthAndAuth" name="test_login_admin" time="0.354" /><testcase classname="tests.test_export_url_fix.TestAdminPanelRegression" name="test_companies_endpoint" time="0.561" /><testcase classname="tests.test_export_url_fix.TestAdminPanelRegression" name="test_users_endpoint" time="0.493" /><testcase classname="tests.test_export_url_fix.TestTutorChatEndpoint" name="test_tutor_chat_returns_200" time="2.939" /><testcase classname="tests.test_export_url_fix.TestSCORMExportURLFix" name="test_scorm_export_with_forwarded_headers" time="1.007" /><testcase classname="tests.test_export_url_fix.TestSCORMExportURLFix" name="test_scorm_export_url_not_internal" time="1.018" /><testcase classname="tests.test_export_url_fix.TestSCORMExportURLFix" name="test_scorm_zip_tutor_config_url" time="3.754" /><testcase classname="tests.test_export_url_fix.TestHTMLExportURLFix" name="test_html_export_with_forwarded_headers" time="0.109" /><testcase classname="tests.test_export_url_fix.TestHTMLExportURLFix" name="test_html_export_url_not_internal" time="0.136" /><testcase classname="tests.test_export_url_fix.TestGetExternalUrlFunction" name="test_export_respects_x_forwarded_host" time="1.072" /></testsuite></testsuites>