<?xml version="1.0" encoding="utf-8"?><testsuites name="pytest tests"><testsuite name="pytest" errors="0" failures="0" skipped="0" tests="19" time="4.614" timestamp="2026-04-24T14:47:09.548543+00:00" hostname="agent-env-b2d547b5-f9ff-4abe-95f8-8bb493dbbdd2"><testcase classname="backend.tests.test_rbac_projects_multitenancy.TestAuthEnforcement" name="test_list_projects_without_auth_returns_401" time="0.148" /><testcase classname="backend.tests.test_rbac_projects_multitenancy.TestAuthEnforcement" name="test_get_project_without_auth_returns_401" time="0.156" /><testcase classname="backend.tests.test_rbac_projects_multitenancy.TestAuthEnforcement" name="test_ppt_upload_init_without_auth_returns_401" time="0.146" /><testcase classname="backend.tests.test_rbac_projects_multitenancy.TestAuthEnforcement" name="test_agent_courses_without_auth_returns_401" time="0.119" /><testcase classname="backend.tests.test_rbac_projects_multitenancy.TestListProjectsScoping" name="test_super_admin_sees_all" time="0.638" /><testcase classname="backend.tests.test_rbac_projects_multitenancy.TestListProjectsScoping" name="test_aprovador_sees_only_didaxis" time="0.621" /><testcase classname="backend.tests.test_rbac_projects_multitenancy.TestListProjectsScoping" name="test_other_company_admin_sees_none_of_didaxis" time="0.399" /><testcase classname="backend.tests.test_rbac_projects_multitenancy.TestCrossCompanyAccess" name="test_get_didaxis_project_from_other_company_returns_404" time="0.057" /><testcase classname="backend.tests.test_rbac_projects_multitenancy.TestCrossCompanyAccess" name="test_put_didaxis_project_from_other_company_returns_404" time="0.052" /><testcase classname="backend.tests.test_rbac_projects_multitenancy.TestCrossCompanyAccess" name="test_delete_didaxis_project_from_other_company_returns_404" time="0.052" /><testcase classname="backend.tests.test_rbac_projects_multitenancy.TestCrossCompanyAccess" name="test_aprovador_can_get_didaxis_project" time="0.068" /><testcase classname="backend.tests.test_rbac_projects_multitenancy.TestAgentCoursesScoping" name="test_agent_courses_as_other_company_returns_none_of_didaxis" time="0.060" /><testcase classname="backend.tests.test_rbac_projects_multitenancy.TestAgentCoursesScoping" name="test_agent_courses_as_aprovador_returns_didaxis" time="0.070" /><testcase classname="backend.tests.test_rbac_projects_multitenancy.TestCreateProjectAutoScoping" name="test_create_project_auto_assigns_user_company" time="0.620" /><testcase classname="backend.tests.test_rbac_projects_multitenancy.TestPPTUploadInit" name="test_ppt_upload_init_with_auth_returns_upload_id" time="0.057" /><testcase classname="backend.tests.test_rbac_projects_multitenancy.TestRegression" name="test_companies_endpoint_accessible_super_admin" time="0.064" /><testcase classname="backend.tests.test_rbac_projects_multitenancy.TestRegression" name="test_auth_me_works" time="0.064" /><testcase classname="backend.tests.test_rbac_projects_multitenancy.TestRegression" name="test_agent_sessions_list_works" time="0.052" /><testcase classname="backend.tests.test_rbac_projects_multitenancy.TestRegression" name="test_heygen_voices_endpoint_not_crashing" time="1.110" /></testsuite></testsuites>