<?xml version="1.0" encoding="utf-8"?><testsuites name="pytest tests"><testsuite name="pytest" errors="0" failures="0" skipped="0" tests="76" time="22.386" timestamp="2026-04-26T20:00:09.487635+00:00" hostname="agent-env-b2d547b5-f9ff-4abe-95f8-8bb493dbbdd2"><testcase classname="tests.test_rbac_subresources.TestAnonymous401" name="test_anonymous_returns_401[get_course]" time="0.134" /><testcase classname="tests.test_rbac_subresources.TestAnonymous401" name="test_anonymous_returns_401[save_course]" time="0.120" /><testcase classname="tests.test_rbac_subresources.TestAnonymous401" name="test_anonymous_returns_401[create_slide]" time="0.111" /><testcase classname="tests.test_rbac_subresources.TestAnonymous401" name="test_anonymous_returns_401[update_slide]" time="0.112" /><testcase classname="tests.test_rbac_subresources.TestAnonymous401" name="test_anonymous_returns_401[delete_slide]" time="0.119" /><testcase classname="tests.test_rbac_subresources.TestAnonymous401" name="test_anonymous_returns_401[duplicate_slide]" time="0.111" /><testcase classname="tests.test_rbac_subresources.TestAnonymous401" name="test_anonymous_returns_401[normalize_dims]" time="0.106" /><testcase classname="tests.test_rbac_subresources.TestAnonymous401" name="test_anonymous_returns_401[reorder_slides]" time="0.121" /><testcase classname="tests.test_rbac_subresources.TestAnonymous401" name="test_anonymous_returns_401[add_element]" time="0.160" /><testcase classname="tests.test_rbac_subresources.TestAnonymous401" name="test_anonymous_returns_401[update_element]" time="0.148" /><testcase classname="tests.test_rbac_subresources.TestAnonymous401" name="test_anonymous_returns_401[delete_element]" time="0.104" /><testcase classname="tests.test_rbac_subresources.TestAnonymous401" name="test_anonymous_returns_401[upload_media]" time="0.101" /><testcase classname="tests.test_rbac_subresources.TestAnonymous401" name="test_anonymous_returns_401[add_slide_audio]" time="0.119" /><testcase classname="tests.test_rbac_subresources.TestAnonymous401" name="test_anonymous_returns_401[set_global_audio]" time="0.104" /><testcase classname="tests.test_rbac_subresources.TestAnonymous401" name="test_anonymous_returns_401[remove_global_audio]" time="0.114" /><testcase classname="tests.test_rbac_subresources.TestAnonymous401" name="test_anonymous_returns_401[update_global_audio_vol]" time="0.108" /><testcase classname="tests.test_rbac_subresources.TestAnonymous401" name="test_anonymous_returns_401[remove_slide_audio]" time="0.107" /><testcase classname="tests.test_rbac_subresources.TestAnonymous401" name="test_anonymous_returns_401[update_slide_audio_vol]" time="0.107" /><testcase classname="tests.test_rbac_subresources.TestAnonymous401" name="test_anonymous_returns_401[update_slide_audio_timing]" time="0.133" /><testcase classname="tests.test_rbac_subresources.TestAnonymous401" name="test_anonymous_returns_401[add_annotation]" time="0.102" /><testcase classname="tests.test_rbac_subresources.TestAnonymous401" name="test_anonymous_returns_401[update_annotation]" time="0.109" /><testcase classname="tests.test_rbac_subresources.TestAnonymous401" name="test_anonymous_returns_401[delete_annotation]" time="0.104" /><testcase classname="tests.test_rbac_subresources.TestAnonymous401" name="test_anonymous_returns_401[apply_design_template]" time="0.111" /><testcase classname="tests.test_rbac_subresources.TestAnonymous401" name="test_anonymous_returns_401[fix_simulators]" time="0.101" /><testcase classname="tests.test_rbac_subresources.TestCrossCompany404" name="test_cross_company_returns_404[get_course]" time="0.380" /><testcase classname="tests.test_rbac_subresources.TestCrossCompany404" name="test_cross_company_returns_404[save_course]" time="0.050" /><testcase classname="tests.test_rbac_subresources.TestCrossCompany404" name="test_cross_company_returns_404[create_slide]" time="0.057" /><testcase classname="tests.test_rbac_subresources.TestCrossCompany404" name="test_cross_company_returns_404[update_slide]" time="0.052" /><testcase classname="tests.test_rbac_subresources.TestCrossCompany404" name="test_cross_company_returns_404[delete_slide]" time="0.052" /><testcase classname="tests.test_rbac_subresources.TestCrossCompany404" name="test_cross_company_returns_404[duplicate_slide]" time="0.056" /><testcase classname="tests.test_rbac_subresources.TestCrossCompany404" name="test_cross_company_returns_404[normalize_dims]" time="0.052" /><testcase classname="tests.test_rbac_subresources.TestCrossCompany404" name="test_cross_company_returns_404[reorder_slides]" time="0.055" /><testcase classname="tests.test_rbac_subresources.TestCrossCompany404" name="test_cross_company_returns_404[add_element]" time="0.057" /><testcase classname="tests.test_rbac_subresources.TestCrossCompany404" name="test_cross_company_returns_404[update_element]" time="0.055" /><testcase classname="tests.test_rbac_subresources.TestCrossCompany404" name="test_cross_company_returns_404[delete_element]" time="0.052" /><testcase classname="tests.test_rbac_subresources.TestCrossCompany404" name="test_cross_company_returns_404[upload_media]" time="0.119" /><testcase classname="tests.test_rbac_subresources.TestCrossCompany404" name="test_cross_company_returns_404[add_slide_audio]" time="0.131" /><testcase classname="tests.test_rbac_subresources.TestCrossCompany404" name="test_cross_company_returns_404[set_global_audio]" time="0.113" /><testcase classname="tests.test_rbac_subresources.TestCrossCompany404" name="test_cross_company_returns_404[remove_global_audio]" time="0.051" /><testcase classname="tests.test_rbac_subresources.TestCrossCompany404" name="test_cross_company_returns_404[update_global_audio_vol]" time="0.051" /><testcase classname="tests.test_rbac_subresources.TestCrossCompany404" name="test_cross_company_returns_404[remove_slide_audio]" time="0.052" /><testcase classname="tests.test_rbac_subresources.TestCrossCompany404" name="test_cross_company_returns_404[update_slide_audio_vol]" time="0.059" /><testcase classname="tests.test_rbac_subresources.TestCrossCompany404" name="test_cross_company_returns_404[update_slide_audio_timing]" time="0.054" /><testcase classname="tests.test_rbac_subresources.TestCrossCompany404" name="test_cross_company_returns_404[add_annotation]" time="0.056" /><testcase classname="tests.test_rbac_subresources.TestCrossCompany404" name="test_cross_company_returns_404[update_annotation]" time="0.050" /><testcase classname="tests.test_rbac_subresources.TestCrossCompany404" name="test_cross_company_returns_404[delete_annotation]" time="0.050" /><testcase classname="tests.test_rbac_subresources.TestCrossCompany404" name="test_cross_company_returns_404[apply_design_template]" time="0.051" /><testcase classname="tests.test_rbac_subresources.TestCrossCompany404" name="test_cross_company_returns_404[fix_simulators]" time="0.052" /><testcase classname="tests.test_rbac_subresources.TestAprovadorCanMutate" name="test_aprovador_create_update_delete_slide" time="0.509" /><testcase classname="tests.test_rbac_subresources.TestSuperAdminCanMutate" name="test_super_admin_create_and_delete_slide" time="0.457" /><testcase classname="tests.test_rbac_subresources.TestGetCourseRegression" name="test_aprovador_can_get_didaxis_course" time="0.051" /><testcase classname="tests.test_rbac_subresources.TestGetCourseRegression" name="test_super_admin_can_get_didaxis_course" time="0.051" /><testcase classname="tests.test_rbac_subresources.TestCleanupVerification" name="test_no_leftover_test_slides" time="0.052" /><testcase classname="tests.test_rbac_subresources.TestUpdateAnnotationGuard" name="test_cross_company_update_annotation_returns_404" time="0.337" /><testcase classname="tests.test_rbac_projects_multitenancy.TestAuthEnforcement" name="test_list_projects_without_auth_returns_401" time="0.125" /><testcase classname="tests.test_rbac_projects_multitenancy.TestAuthEnforcement" name="test_get_project_without_auth_returns_401" time="0.109" /><testcase classname="tests.test_rbac_projects_multitenancy.TestAuthEnforcement" name="test_ppt_upload_init_without_auth_returns_401" time="0.121" /><testcase classname="tests.test_rbac_projects_multitenancy.TestAuthEnforcement" name="test_agent_courses_without_auth_returns_401" time="0.113" /><testcase classname="tests.test_rbac_projects_multitenancy.TestListProjectsScoping" name="test_super_admin_sees_all" time="0.536" /><testcase classname="tests.test_rbac_projects_multitenancy.TestListProjectsScoping" name="test_aprovador_sees_only_didaxis" time="0.568" /><testcase classname="tests.test_rbac_projects_multitenancy.TestListProjectsScoping" name="test_other_company_admin_sees_none_of_didaxis" time="0.420" /><testcase classname="tests.test_rbac_projects_multitenancy.TestCrossCompanyAccess" name="test_get_didaxis_project_from_other_company_returns_404" time="0.067" /><testcase classname="tests.test_rbac_projects_multitenancy.TestCrossCompanyAccess" name="test_put_didaxis_project_from_other_company_returns_404" time="0.062" /><testcase classname="tests.test_rbac_projects_multitenancy.TestCrossCompanyAccess" name="test_delete_didaxis_project_from_other_company_returns_404" time="0.064" /><testcase classname="tests.test_rbac_projects_multitenancy.TestCrossCompanyAccess" name="test_aprovador_can_get_didaxis_project" time="0.050" /><testcase classname="tests.test_rbac_projects_multitenancy.TestAgentCoursesScoping" name="test_agent_courses_as_other_company_returns_none_of_didaxis" time="0.074" /><testcase classname="tests.test_rbac_projects_multitenancy.TestAgentCoursesScoping" name="test_agent_courses_as_aprovador_returns_didaxis" time="0.050" /><testcase classname="tests.test_rbac_projects_multitenancy.TestCreateProjectAutoScoping" name="test_create_project_auto_assigns_user_company" time="0.628" /><testcase classname="tests.test_rbac_projects_multitenancy.TestPPTUploadInit" name="test_ppt_upload_init_with_auth_returns_upload_id" time="0.066" /><testcase classname="tests.test_rbac_projects_multitenancy.TestRegression" name="test_companies_endpoint_accessible_super_admin" time="0.059" /><testcase classname="tests.test_rbac_projects_multitenancy.TestRegression" name="test_auth_me_works" time="0.058" /><testcase classname="tests.test_rbac_projects_multitenancy.TestRegression" name="test_agent_sessions_list_works" time="0.046" /><testcase classname="tests.test_rbac_projects_multitenancy.TestRegression" name="test_heygen_voices_endpoint_not_crashing" time="2.359" /><testcase classname="tests.test_apply_improvements_retry" name="test_preview_not_deleted_on_find" time="0.242" /><testcase classname="tests.test_apply_improvements_retry" name="test_apply_with_missing_preview_returns_400" time="0.007" /><testcase classname="tests.test_apply_improvements_retry" name="test_apply_without_previewid_path_works" time="10.361" /></testsuite></testsuites>