<?xml version="1.0" encoding="utf-8"?><testsuites name="pytest tests"><testsuite name="pytest" errors="0" failures="1" skipped="0" tests="73" time="11.053" timestamp="2026-04-24T14:55:34.403363+00:00" hostname="agent-env-b2d547b5-f9ff-4abe-95f8-8bb493dbbdd2"><testcase classname="backend.tests.test_rbac_subresources.TestAnonymous401" name="test_anonymous_returns_401[get_course]" time="0.193" /><testcase classname="backend.tests.test_rbac_subresources.TestAnonymous401" name="test_anonymous_returns_401[save_course]" time="0.131" /><testcase classname="backend.tests.test_rbac_subresources.TestAnonymous401" name="test_anonymous_returns_401[create_slide]" time="0.140" /><testcase classname="backend.tests.test_rbac_subresources.TestAnonymous401" name="test_anonymous_returns_401[update_slide]" time="0.141" /><testcase classname="backend.tests.test_rbac_subresources.TestAnonymous401" name="test_anonymous_returns_401[delete_slide]" time="0.106" /><testcase classname="backend.tests.test_rbac_subresources.TestAnonymous401" name="test_anonymous_returns_401[duplicate_slide]" time="0.275" /><testcase classname="backend.tests.test_rbac_subresources.TestAnonymous401" name="test_anonymous_returns_401[normalize_dims]" time="0.152" /><testcase classname="backend.tests.test_rbac_subresources.TestAnonymous401" name="test_anonymous_returns_401[reorder_slides]" time="0.115" /><testcase classname="backend.tests.test_rbac_subresources.TestAnonymous401" name="test_anonymous_returns_401[add_element]" time="0.122" /><testcase classname="backend.tests.test_rbac_subresources.TestAnonymous401" name="test_anonymous_returns_401[update_element]" time="0.110" /><testcase classname="backend.tests.test_rbac_subresources.TestAnonymous401" name="test_anonymous_returns_401[delete_element]" time="0.121" /><testcase classname="backend.tests.test_rbac_subresources.TestAnonymous401" name="test_anonymous_returns_401[upload_media]" time="0.160" /><testcase classname="backend.tests.test_rbac_subresources.TestAnonymous401" name="test_anonymous_returns_401[add_slide_audio]" time="0.121" /><testcase classname="backend.tests.test_rbac_subresources.TestAnonymous401" name="test_anonymous_returns_401[set_global_audio]" time="0.148" /><testcase classname="backend.tests.test_rbac_subresources.TestAnonymous401" name="test_anonymous_returns_401[remove_global_audio]" time="0.120" /><testcase classname="backend.tests.test_rbac_subresources.TestAnonymous401" name="test_anonymous_returns_401[update_global_audio_vol]" time="0.117" /><testcase classname="backend.tests.test_rbac_subresources.TestAnonymous401" name="test_anonymous_returns_401[remove_slide_audio]" time="0.114" /><testcase classname="backend.tests.test_rbac_subresources.TestAnonymous401" name="test_anonymous_returns_401[update_slide_audio_vol]" time="0.112" /><testcase classname="backend.tests.test_rbac_subresources.TestAnonymous401" name="test_anonymous_returns_401[update_slide_audio_timing]" time="0.108" /><testcase classname="backend.tests.test_rbac_subresources.TestAnonymous401" name="test_anonymous_returns_401[add_annotation]" time="0.127" /><testcase classname="backend.tests.test_rbac_subresources.TestAnonymous401" name="test_anonymous_returns_401[update_annotation]" time="0.120" /><testcase classname="backend.tests.test_rbac_subresources.TestAnonymous401" name="test_anonymous_returns_401[delete_annotation]" time="0.106" /><testcase classname="backend.tests.test_rbac_subresources.TestAnonymous401" name="test_anonymous_returns_401[apply_design_template]" time="0.113" /><testcase classname="backend.tests.test_rbac_subresources.TestAnonymous401" name="test_anonymous_returns_401[fix_simulators]" time="0.126" /><testcase classname="backend.tests.test_rbac_subresources.TestCrossCompany404" name="test_cross_company_returns_404[get_course]" time="0.400" /><testcase classname="backend.tests.test_rbac_subresources.TestCrossCompany404" name="test_cross_company_returns_404[save_course]" time="0.079" /><testcase classname="backend.tests.test_rbac_subresources.TestCrossCompany404" name="test_cross_company_returns_404[create_slide]" time="0.055" /><testcase classname="backend.tests.test_rbac_subresources.TestCrossCompany404" name="test_cross_company_returns_404[update_slide]" time="0.057" /><testcase classname="backend.tests.test_rbac_subresources.TestCrossCompany404" name="test_cross_company_returns_404[delete_slide]" time="0.076" /><testcase classname="backend.tests.test_rbac_subresources.TestCrossCompany404" name="test_cross_company_returns_404[duplicate_slide]" time="0.055" /><testcase classname="backend.tests.test_rbac_subresources.TestCrossCompany404" name="test_cross_company_returns_404[normalize_dims]" time="0.051" /><testcase classname="backend.tests.test_rbac_subresources.TestCrossCompany404" name="test_cross_company_returns_404[reorder_slides]" time="0.058" /><testcase classname="backend.tests.test_rbac_subresources.TestCrossCompany404" name="test_cross_company_returns_404[add_element]" time="0.052" /><testcase classname="backend.tests.test_rbac_subresources.TestCrossCompany404" name="test_cross_company_returns_404[update_element]" time="0.055" /><testcase classname="backend.tests.test_rbac_subresources.TestCrossCompany404" name="test_cross_company_returns_404[delete_element]" time="0.099" /><testcase classname="backend.tests.test_rbac_subresources.TestCrossCompany404" name="test_cross_company_returns_404[upload_media]" time="0.107" /><testcase classname="backend.tests.test_rbac_subresources.TestCrossCompany404" name="test_cross_company_returns_404[add_slide_audio]" time="0.112" /><testcase classname="backend.tests.test_rbac_subresources.TestCrossCompany404" name="test_cross_company_returns_404[set_global_audio]" time="0.140" /><testcase classname="backend.tests.test_rbac_subresources.TestCrossCompany404" name="test_cross_company_returns_404[remove_global_audio]" time="0.052" /><testcase classname="backend.tests.test_rbac_subresources.TestCrossCompany404" name="test_cross_company_returns_404[update_global_audio_vol]" time="0.054" /><testcase classname="backend.tests.test_rbac_subresources.TestCrossCompany404" name="test_cross_company_returns_404[remove_slide_audio]" time="0.059" /><testcase classname="backend.tests.test_rbac_subresources.TestCrossCompany404" name="test_cross_company_returns_404[update_slide_audio_vol]" time="0.061" /><testcase classname="backend.tests.test_rbac_subresources.TestCrossCompany404" name="test_cross_company_returns_404[update_slide_audio_timing]" time="0.060" /><testcase classname="backend.tests.test_rbac_subresources.TestCrossCompany404" name="test_cross_company_returns_404[add_annotation]" time="0.054" /><testcase classname="backend.tests.test_rbac_subresources.TestCrossCompany404" name="test_cross_company_returns_404[update_annotation]" time="0.051" /><testcase classname="backend.tests.test_rbac_subresources.TestCrossCompany404" name="test_cross_company_returns_404[delete_annotation]" time="0.050" /><testcase classname="backend.tests.test_rbac_subresources.TestCrossCompany404" name="test_cross_company_returns_404[apply_design_template]" time="0.052" /><testcase classname="backend.tests.test_rbac_subresources.TestCrossCompany404" name="test_cross_company_returns_404[fix_simulators]" time="0.054" /><testcase classname="backend.tests.test_rbac_subresources.TestAprovadorCanMutate" name="test_aprovador_create_update_delete_slide" time="0.564" /><testcase classname="backend.tests.test_rbac_subresources.TestSuperAdminCanMutate" name="test_super_admin_create_and_delete_slide" time="0.448" /><testcase classname="backend.tests.test_rbac_subresources.TestGetCourseRegression" name="test_aprovador_can_get_didaxis_course" time="0.057" /><testcase classname="backend.tests.test_rbac_subresources.TestGetCourseRegression" name="test_super_admin_can_get_didaxis_course" time="0.052" /><testcase classname="backend.tests.test_rbac_subresources.TestCleanupVerification" name="test_no_leftover_test_slides" time="0.050" /><testcase classname="backend.tests.test_rbac_subresources.TestUpdateAnnotationGuard" name="test_cross_company_update_annotation_returns_404" time="0.209"><failure message="AssertionError: SECURITY LEAK on update_annotation: cross-company PUT returned 200 (expected 404). Body: {&quot;id&quot;:&quot;68429bcf-5843-4fac-921a-93d63eda9465&quot;,&quot;type&quot;:&quot;drawing&quot;,&quot;shapeType&quot;:null,&quot;points&quot;:[{&quot;x&quot;:10.0,&quot;y&quot;:10.0}],&quot;color&quot;:&quot;#EF4444&quot;,&quot;strokeWidth&quot;:2.0,&quot;includeInExport&quot;:false,&quot;startTime&quot;:0.0,&quot;endTime&quot;:null&#10;assert 200 == 404&#10; +  where 200 = &lt;Response [200]&gt;.status_code">backend/tests/test_rbac_subresources.py:283: in test_cross_company_update_annotation_returns_404
    assert r3.status_code == 404, (
E   AssertionError: SECURITY LEAK on update_annotation: cross-company PUT returned 200 (expected 404). Body: {"id":"68429bcf-5843-4fac-921a-93d63eda9465","type":"drawing","shapeType":null,"points":[{"x":10.0,"y":10.0}],"color":"#EF4444","strokeWidth":2.0,"includeInExport":false,"startTime":0.0,"endTime":null
E   assert 200 == 404
E    +  where 200 = &lt;Response [200]&gt;.status_code</failure></testcase><testcase classname="backend.tests.test_rbac_projects_multitenancy.TestAuthEnforcement" name="test_list_projects_without_auth_returns_401" time="0.195" /><testcase classname="backend.tests.test_rbac_projects_multitenancy.TestAuthEnforcement" name="test_get_project_without_auth_returns_401" time="0.112" /><testcase classname="backend.tests.test_rbac_projects_multitenancy.TestAuthEnforcement" name="test_ppt_upload_init_without_auth_returns_401" time="0.111" /><testcase classname="backend.tests.test_rbac_projects_multitenancy.TestAuthEnforcement" name="test_agent_courses_without_auth_returns_401" time="0.113" /><testcase classname="backend.tests.test_rbac_projects_multitenancy.TestListProjectsScoping" name="test_super_admin_sees_all" time="0.686" /><testcase classname="backend.tests.test_rbac_projects_multitenancy.TestListProjectsScoping" name="test_aprovador_sees_only_didaxis" time="0.555" /><testcase classname="backend.tests.test_rbac_projects_multitenancy.TestListProjectsScoping" name="test_other_company_admin_sees_none_of_didaxis" time="0.377" /><testcase classname="backend.tests.test_rbac_projects_multitenancy.TestCrossCompanyAccess" name="test_get_didaxis_project_from_other_company_returns_404" time="0.047" /><testcase classname="backend.tests.test_rbac_projects_multitenancy.TestCrossCompanyAccess" name="test_put_didaxis_project_from_other_company_returns_404" time="0.053" /><testcase classname="backend.tests.test_rbac_projects_multitenancy.TestCrossCompanyAccess" name="test_delete_didaxis_project_from_other_company_returns_404" time="0.049" /><testcase classname="backend.tests.test_rbac_projects_multitenancy.TestCrossCompanyAccess" name="test_aprovador_can_get_didaxis_project" time="0.056" /><testcase classname="backend.tests.test_rbac_projects_multitenancy.TestAgentCoursesScoping" name="test_agent_courses_as_other_company_returns_none_of_didaxis" time="0.066" /><testcase classname="backend.tests.test_rbac_projects_multitenancy.TestAgentCoursesScoping" name="test_agent_courses_as_aprovador_returns_didaxis" time="0.055" /><testcase classname="backend.tests.test_rbac_projects_multitenancy.TestCreateProjectAutoScoping" name="test_create_project_auto_assigns_user_company" time="0.603" /><testcase classname="backend.tests.test_rbac_projects_multitenancy.TestPPTUploadInit" name="test_ppt_upload_init_with_auth_returns_upload_id" time="0.055" /><testcase classname="backend.tests.test_rbac_projects_multitenancy.TestRegression" name="test_companies_endpoint_accessible_super_admin" time="0.073" /><testcase classname="backend.tests.test_rbac_projects_multitenancy.TestRegression" name="test_auth_me_works" time="0.054" /><testcase classname="backend.tests.test_rbac_projects_multitenancy.TestRegression" name="test_agent_sessions_list_works" time="0.053" /><testcase classname="backend.tests.test_rbac_projects_multitenancy.TestRegression" name="test_heygen_voices_endpoint_not_crashing" time="1.086" /></testsuite></testsuites>