<?xml version="1.0" encoding="utf-8"?><testsuites name="pytest tests"><testsuite name="pytest" errors="0" failures="0" skipped="0" tests="15" time="19.351" timestamp="2026-04-28T16:20:23.352575+00:00" hostname="agent-env-b2d547b5-f9ff-4abe-95f8-8bb493dbbdd2"><testcase classname="backend.tests.test_scorm_singlepage_api" name="test_export_scorm_explicit_single_page_true" time="0.826" /><testcase classname="backend.tests.test_scorm_singlepage_api" name="test_export_scorm_explicit_single_page_false" time="1.850" /><testcase classname="backend.tests.test_scorm_singlepage_api" name="test_export_scorm_empty_body_uses_project_setting_true" time="0.409" /><testcase classname="backend.tests.test_scorm_singlepage_api" name="test_export_scorm_empty_body_uses_project_setting_false" time="2.239" /><testcase classname="backend.tests.test_scorm_singlepage_api" name="test_zip_contains_required_scorm_files" time="0.363" /><testcase classname="backend.tests.test_scorm_singlepage_api" name="test_imsmanifest_declares_sco_and_scorm_1_2" time="0.000" /><testcase classname="backend.tests.test_scorm_singlepage_api" name="test_index_html_has_scorm_mode_and_helpers" time="0.004" /><testcase classname="backend.tests.test_scorm_singlepage_api" name="test_scorm_api_js_exposes_required_methods" time="0.001" /><testcase classname="backend.tests.test_scorm_singlepage_api" name="test_advance_bug_fix_state_index_updates_before_unlock" time="0.003" /><testcase classname="backend.tests.test_scorm_singlepage_e2e" name="test_scorm_api_js_exposes_required_methods" time="0.004" /><testcase classname="backend.tests.test_scorm_singlepage_e2e" name="test_index_html_has_scorm_mode_true" time="0.002" /><testcase classname="backend.tests.test_scorm_singlepage_e2e" name="test_imsmanifest_lists_scorm_resources" time="0.000" /><testcase classname="backend.tests.test_scorm_singlepage_e2e" name="test_e2e_lms_initialize_and_lesson_status" time="3.620" /><testcase classname="backend.tests.test_scorm_singlepage_e2e" name="test_e2e_resume_after_reload" time="6.032" /><testcase classname="backend.tests.test_scorm_singlepage_e2e" name="test_e2e_advance_to_end_card_marks_completion" time="3.903" /></testsuite></testsuites>