<?xml version="1.0" encoding="utf-8"?><testsuites name="pytest tests"><testsuite name="pytest" errors="0" failures="0" skipped="0" tests="9" time="6.392" timestamp="2026-04-28T16:16:08.687235+00:00" hostname="agent-env-b2d547b5-f9ff-4abe-95f8-8bb493dbbdd2"><testcase classname="backend.tests.test_scorm_singlepage_api" name="test_export_scorm_explicit_single_page_true" time="0.739" /><testcase classname="backend.tests.test_scorm_singlepage_api" name="test_export_scorm_explicit_single_page_false" time="2.786" /><testcase classname="backend.tests.test_scorm_singlepage_api" name="test_export_scorm_empty_body_uses_project_setting_true" time="0.421" /><testcase classname="backend.tests.test_scorm_singlepage_api" name="test_export_scorm_empty_body_uses_project_setting_false" time="2.023" /><testcase classname="backend.tests.test_scorm_singlepage_api" name="test_zip_contains_required_scorm_files" time="0.348" /><testcase classname="backend.tests.test_scorm_singlepage_api" name="test_imsmanifest_declares_sco_and_scorm_1_2" time="0.000" /><testcase classname="backend.tests.test_scorm_singlepage_api" name="test_index_html_has_scorm_mode_and_helpers" time="0.004" /><testcase classname="backend.tests.test_scorm_singlepage_api" name="test_scorm_api_js_exposes_required_methods" time="0.001" /><testcase classname="backend.tests.test_scorm_singlepage_api" name="test_advance_bug_fix_state_index_updates_before_unlock" time="0.003" /></testsuite></testsuites>