<?xml version="1.0" encoding="utf-8"?><testsuites name="pytest tests"><testsuite name="pytest" errors="0" failures="0" skipped="0" tests="5" time="9.655" timestamp="2026-04-28T16:14:45.924221+00:00" hostname="agent-env-b2d547b5-f9ff-4abe-95f8-8bb493dbbdd2"><testcase classname="backend.tests.test_scorm_singlepage_e2e" name="test_scorm_api_js_exposes_required_methods" time="0.005" /><testcase classname="backend.tests.test_scorm_singlepage_e2e" name="test_index_html_has_scorm_mode_true" time="0.002" /><testcase classname="backend.tests.test_scorm_singlepage_e2e" name="test_imsmanifest_lists_scorm_resources" time="0.000" /><testcase classname="backend.tests.test_scorm_singlepage_e2e" name="test_e2e_lms_initialize_and_lesson_status" time="3.572" /><testcase classname="backend.tests.test_scorm_singlepage_e2e" name="test_e2e_resume_after_reload" time="6.042" /></testsuite></testsuites>