<?xml version="1.0" encoding="utf-8"?><testsuites name="pytest tests"><testsuite name="pytest" errors="0" failures="0" skipped="0" tests="19" time="7.516" timestamp="2026-04-28T15:08:08.621768+00:00" hostname="agent-env-b2d547b5-f9ff-4abe-95f8-8bb493dbbdd2"><testcase classname="tests.test_single_page_export" name="test_project_singlepagemode_field_persists" time="1.191" /><testcase classname="tests.test_single_page_export" name="test_export_html_singlepage_explicit_true" time="0.280" /><testcase classname="tests.test_single_page_export" name="test_export_html_singlepage_explicit_false" time="1.248" /><testcase classname="tests.test_single_page_export" name="test_export_html_respects_project_singlepagemode_default" time="0.491" /><testcase classname="tests.test_single_page_export" name="test_export_html_preview_mode_serves_inline" time="0.491" /><testcase classname="tests.test_single_page_export_extended" name="test_html_header_has_hamburger_progress_and_title" time="0.960" /><testcase classname="tests.test_single_page_export_extended" name="test_html_drawer_aside_present" time="0.000" /><testcase classname="tests.test_single_page_export_extended" name="test_first_section_unlocked_others_locked" time="0.000" /><testcase classname="tests.test_single_page_export_extended" name="test_end_card_section_is_locked_and_final" time="0.000" /><testcase classname="tests.test_single_page_export_extended" name="test_next_button_present_and_initially_hidden" time="0.000" /><testcase classname="tests.test_single_page_export_extended" name="test_filename_singlepage_marker" time="0.000" /><testcase classname="tests.test_single_page_export_extended" name="test_window_sp_runtime_methods_exposed" time="0.001" /><testcase classname="tests.test_single_page_export_extended" name="test_audio_elements_have_required_gating_attributes" time="0.001" /><testcase classname="tests.test_single_page_export_extended" name="test_html_interactives_gated" time="0.001" /><testcase classname="tests.test_single_page_export_extended" name="test_quiz_scenario_simulator_gating" time="0.000" /><testcase classname="tests.test_single_page_export_extended" name="test_override_singlepage_false_overrides_project_true" time="2.050" /><testcase classname="tests.test_single_page_export_extended" name="test_get_project_persists_singlepagemode" time="0.421" /><testcase classname="tests.test_single_page_export_extended" name="test_preview_inline_no_attachment" time="0.148" /><testcase classname="tests.test_single_page_export_extended" name="test_download_forces_attachment" time="0.153" /></testsuite></testsuites>