<?xml version="1.0" encoding="utf-8"?><testsuites name="pytest tests"><testsuite name="pytest" errors="0" failures="0" skipped="0" tests="5" time="3.547" timestamp="2026-04-28T15:06:48.459261+00:00" hostname="agent-env-b2d547b5-f9ff-4abe-95f8-8bb493dbbdd2"><testcase classname="tests.test_single_page_export" name="test_project_singlepagemode_field_persists" time="0.951" /><testcase classname="tests.test_single_page_export" name="test_export_html_singlepage_explicit_true" time="0.347" /><testcase classname="tests.test_single_page_export" name="test_export_html_singlepage_explicit_false" time="1.347" /><testcase classname="tests.test_single_page_export" name="test_export_html_respects_project_singlepagemode_default" time="0.404" /><testcase classname="tests.test_single_page_export" name="test_export_html_preview_mode_serves_inline" time="0.444" /></testsuite></testsuites>