<?xml version="1.0" encoding="utf-8"?><testsuites name="pytest tests"><testsuite name="pytest" errors="0" failures="1" skipped="0" tests="14" time="3.895" timestamp="2026-04-28T15:07:44.773884+00:00" hostname="agent-env-b2d547b5-f9ff-4abe-95f8-8bb493dbbdd2"><testcase classname="tests.test_single_page_export_extended" name="test_html_header_has_hamburger_progress_and_title" time="1.028"><failure message="AssertionError: hamburger icon missing&#10;assert '☰' in '&lt;!DOCTYPE html&gt;\n&lt;html lang=&quot;pt-BR&quot;&gt;\n&lt;head&gt;\n&lt;meta charset=&quot;utf-8&quot;&gt;\n&lt;meta name=&quot;viewport&quot; content=&quot;width=device-width,initial-scale=1&quot;&gt;\n&lt;title&gt;OFICIAL MANUAL DE UTILIZAÇÃO - CORREIOS - Eduardo&lt;/title&gt;\n&lt;style&gt;\n*{box-sizing:border-box;margin:0;padding:0}\nhtml,body{background:#071122;color:#0f172a;font-family:\'Segoe UI\',Roboto,system-ui,-apple-system,sans-serif;\n  scroll-behavior:smooth;min-height:100vh}\nbody{position:relative;overflow-x:hidden}\n\n/* ---- background ---- */\n.sp-bg-image,.sp-bg-pattern{position:fixed;inset:0;z-index:-1;background-color:#0a2540;background-size:cover;background-position:center}\n.sp-bg-pattern{\n  background:#0a2540 url(&quot;data:image/svg+xml;utf8,&lt;svg xmlns=\'http://www.w3.org/2000/svg\' width=\'400\' height=\'400\' viewBox=\'0 0 400 400\'&gt;&lt;g stroke=\'%23ffffff14\' stroke-width=\'1\'&gt;&lt;circle cx=\'40\' cy=\'80\' r=\'2\' fill=\'%23ffffff20\'/&gt;&lt;circle cx=\'350\' cy=\'120\' r=\'2\' fill=\'%23ffffff20\'/&gt;&lt;circle cx=\'200\' cy=\'250\' r=\'2\' fill=\'%23ffffff20\'/&gt;&lt;circle cx=\'90\' cy=\'320\' r=\'2\' fill=\'%23ffffff20\'/&gt;&lt;line x1=\'40\' y1=\'80\' x2=\'350\' y2=\'120\'/&gt;&lt;line x1=\'40\' y1=\'80\' x2=\'200\' y2=\'250\'/&gt;&lt;line x1=\'350\' y1=\'120\' x...      if (!sel) return;\n          var idx = parseInt(sel.value, 10);\n          var opt = (q.options||[])[idx];\n          var isCorrect = (typeof opt === \'object\' &amp;&amp; opt &amp;&amp; opt.correct) || idx === q.correctAnswer || idx === q.correctIndex;\n          if (isCorrect) correct++;\n          answers[q.id||qi] = { selected: idx, correct: isCorrect };\n        });\n        var total = qs.length || 1;\n        var pct = Math.round((correct/total)*100);\n        state.quizScores[quizEl.dataset.interactiveId] = { correct: correct, total: total, pct: pct };\n        result.textContent = \'Você acertou \' + correct + \' de \' + total + \' (\'+pct+\'%)\';\n        SP.markClicked(quizEl);\n        submit.disabled = true;\n      });\n    }\n  };\n\n  document.addEventListener(\'DOMContentLoaded\', function(){\n    buildDrawer();\n    updateProgress();\n    updateNextButton();\n    window.addEventListener(\'scroll\', detectActiveSection, {passive:true});\n    // Also re-check next button after any user interaction (covers click-reveal accordions etc.)\n    document.addEventListener(\'click\', function(){ setTimeout(updateNextButton, 50); }, true);\n  });\n})();\n&lt;/script&gt;\n&lt;/body&gt;\n&lt;/html&gt;\n'">tests/test_single_page_export_extended.py:58: in test_html_header_has_hamburger_progress_and_title
    assert "☰" in html, "hamburger icon missing"
E   AssertionError: hamburger icon missing
E   assert '☰' in '&lt;!DOCTYPE html&gt;\n&lt;html lang="pt-BR"&gt;\n&lt;head&gt;\n&lt;meta charset="utf-8"&gt;\n&lt;meta name="viewport" content="width=device-width,initial-scale=1"&gt;\n&lt;title&gt;OFICIAL MANUAL DE UTILIZAÇÃO - CORREIOS - Eduardo&lt;/title&gt;\n&lt;style&gt;\n*{box-sizing:border-box;margin:0;padding:0}\nhtml,body{background:#071122;color:#0f172a;font-family:\'Segoe UI\',Roboto,system-ui,-apple-system,sans-serif;\n  scroll-behavior:smooth;min-height:100vh}\nbody{position:relative;overflow-x:hidden}\n\n/* ---- background ---- */\n.sp-bg-image,.sp-bg-pattern{position:fixed;inset:0;z-index:-1;background-color:#0a2540;background-size:cover;background-position:center}\n.sp-bg-pattern{\n  background:#0a2540 url("data:image/svg+xml;utf8,&lt;svg xmlns=\'http://www.w3.org/2000/svg\' width=\'400\' height=\'400\' viewBox=\'0 0 400 400\'&gt;&lt;g stroke=\'%23ffffff14\' stroke-width=\'1\'&gt;&lt;circle cx=\'40\' cy=\'80\' r=\'2\' fill=\'%23ffffff20\'/&gt;&lt;circle cx=\'350\' cy=\'120\' r=\'2\' fill=\'%23ffffff20\'/&gt;&lt;circle cx=\'200\' cy=\'250\' r=\'2\' fill=\'%23ffffff20\'/&gt;&lt;circle cx=\'90\' cy=\'320\' r=\'2\' fill=\'%23ffffff20\'/&gt;&lt;line x1=\'40\' y1=\'80\' x2=\'350\' y2=\'120\'/&gt;&lt;line x1=\'40\' y1=\'80\' x2=\'200\' y2=\'250\'/&gt;&lt;line x1=\'350\' y1=\'120\' x...      if (!sel) return;\n          var idx = parseInt(sel.value, 10);\n          var opt = (q.options||[])[idx];\n          var isCorrect = (typeof opt === \'object\' &amp;&amp; opt &amp;&amp; opt.correct) || idx === q.correctAnswer || idx === q.correctIndex;\n          if (isCorrect) correct++;\n          answers[q.id||qi] = { selected: idx, correct: isCorrect };\n        });\n        var total = qs.length || 1;\n        var pct = Math.round((correct/total)*100);\n        state.quizScores[quizEl.dataset.interactiveId] = { correct: correct, total: total, pct: pct };\n        result.textContent = \'Você acertou \' + correct + \' de \' + total + \' (\'+pct+\'%)\';\n        SP.markClicked(quizEl);\n        submit.disabled = true;\n      });\n    }\n  };\n\n  document.addEventListener(\'DOMContentLoaded\', function(){\n    buildDrawer();\n    updateProgress();\n    updateNextButton();\n    window.addEventListener(\'scroll\', detectActiveSection, {passive:true});\n    // Also re-check next button after any user interaction (covers click-reveal accordions etc.)\n    document.addEventListener(\'click\', function(){ setTimeout(updateNextButton, 50); }, true);\n  });\n})();\n&lt;/script&gt;\n&lt;/body&gt;\n&lt;/html&gt;\n'</failure></testcase><testcase classname="tests.test_single_page_export_extended" name="test_html_drawer_aside_present" time="0.000" /><testcase classname="tests.test_single_page_export_extended" name="test_first_section_unlocked_others_locked" time="0.000" /><testcase classname="tests.test_single_page_export_extended" name="test_end_card_section_is_locked_and_final" time="0.000" /><testcase classname="tests.test_single_page_export_extended" name="test_next_button_present_and_initially_hidden" time="0.000" /><testcase classname="tests.test_single_page_export_extended" name="test_filename_singlepage_marker" time="0.000" /><testcase classname="tests.test_single_page_export_extended" name="test_window_sp_runtime_methods_exposed" time="0.001" /><testcase classname="tests.test_single_page_export_extended" name="test_audio_elements_have_required_gating_attributes" time="0.001" /><testcase classname="tests.test_single_page_export_extended" name="test_html_interactives_gated" time="0.001" /><testcase classname="tests.test_single_page_export_extended" name="test_quiz_scenario_simulator_gating" time="0.000" /><testcase classname="tests.test_single_page_export_extended" name="test_override_singlepage_false_overrides_project_true" time="1.688" /><testcase classname="tests.test_single_page_export_extended" name="test_get_project_persists_singlepagemode" time="0.451" /><testcase classname="tests.test_single_page_export_extended" name="test_preview_inline_no_attachment" time="0.483" /><testcase classname="tests.test_single_page_export_extended" name="test_download_forces_attachment" time="0.159" /></testsuite></testsuites>