<?xml version="1.0" encoding="utf-8"?><testsuites name="pytest tests"><testsuite name="pytest" errors="0" failures="0" skipped="0" tests="6" time="2.771" timestamp="2026-06-29T18:45:08.196202+00:00" hostname="agent-env-b2d547b5-f9ff-4abe-95f8-8bb493dbbdd2"><testcase classname="backend.tests.test_tutor_dashboard_feedback_enrichment.TestDashboardEnrichmentBasic" name="test_dashboard_top_level_courses_carry_feedback" time="0.924" /><testcase classname="backend.tests.test_tutor_dashboard_feedback_enrichment.TestDashboardEnrichmentBasic" name="test_dashboard_companies_courselist_carries_feedback" time="0.452" /><testcase classname="backend.tests.test_tutor_dashboard_feedback_enrichment.TestDashboardEnrichmentBasic" name="test_courses_without_feedback_have_zero_defaults" time="0.149" /><testcase classname="backend.tests.test_tutor_dashboard_feedback_enrichment.TestDashboardCrossProjectIsolation" name="test_iso_a_and_b_do_not_bleed" time="0.547" /><testcase classname="backend.tests.test_tutor_dashboard_feedback_enrichment.TestBackwardCompat" name="test_per_course_stats_still_works" time="0.416" /><testcase classname="backend.tests.test_tutor_dashboard_feedback_enrichment.TestDashboardPerformance" name="test_dashboard_responds_under_2s" time="0.144" /></testsuite></testsuites>