<?xml version="1.0" encoding="utf-8"?><testsuites name="pytest tests"><testsuite name="pytest" errors="0" failures="0" skipped="0" tests="7" time="2.751" timestamp="2026-06-29T18:02:06.205250+00:00" hostname="agent-env-b2d547b5-f9ff-4abe-95f8-8bb493dbbdd2"><testcase classname="backend.tests.test_tutor_feedback_stats.TestStatsHappyPath" name="test_aggregate_counts_and_satisfaction" time="0.901" /><testcase classname="backend.tests.test_tutor_feedback_stats.TestStatsEmptyProject" name="test_empty_project_returns_zero_payload" time="0.205" /><testcase classname="backend.tests.test_tutor_feedback_stats.TestStatsCrossProjectIsolation" name="test_project_a_and_b_do_not_bleed" time="0.608" /><testcase classname="backend.tests.test_tutor_feedback_stats.TestStatsAuth" name="test_missing_auth_returns_401" time="0.100" /><testcase classname="backend.tests.test_tutor_feedback_stats.TestStatsAuth" name="test_invalid_token_returns_401" time="0.113" /><testcase classname="backend.tests.test_tutor_feedback_stats.TestStatsClearedRating" name="test_null_rating_excluded" time="0.265" /><testcase classname="backend.tests.test_tutor_feedback_stats.TestStatsTopNegativeOrdering" name="test_top_negative_ordering" time="0.413" /></testsuite></testsuites>