<?xml version="1.0" encoding="utf-8"?><testsuites name="pytest tests"><testsuite name="pytest" errors="0" failures="0" skipped="0" tests="9" time="13.419" timestamp="2026-06-29T17:36:49.011016+00:00" hostname="agent-env-b2d547b5-f9ff-4abe-95f8-8bb493dbbdd2"><testcase classname="backend.tests.test_tutor_feedback.TestFeedbackHappyPath" name="test_post_thumbs_up_persists" time="0.198" /><testcase classname="backend.tests.test_tutor_feedback.TestFeedbackUpsert" name="test_idempotent_upsert_keeps_createdAt" time="1.200" /><testcase classname="backend.tests.test_tutor_feedback.TestFeedbackUpsert" name="test_rating_can_be_cleared_to_null" time="0.095" /><testcase classname="backend.tests.test_tutor_feedback.TestFeedbackValidation" name="test_missing_session_id" time="0.045" /><testcase classname="backend.tests.test_tutor_feedback.TestFeedbackValidation" name="test_missing_message_id" time="0.057" /><testcase classname="backend.tests.test_tutor_feedback.TestFeedbackValidation" name="test_invalid_rating" time="0.045" /><testcase classname="backend.tests.test_tutor_feedback.TestFeedbackValidation" name="test_invalid_json" time="0.109" /><testcase classname="backend.tests.test_tutor_feedback.TestFeedbackCors" name="test_options_preflight_returns_204" time="0.076" /><testcase classname="backend.tests.test_tutor_feedback.TestExportInliningStats" name="test_export_contains_stats_markers" time="11.450" /></testsuite></testsuites>