<?xml version="1.0" encoding="utf-8"?><testsuites name="pytest tests"><testsuite name="pytest" errors="0" failures="3" skipped="1" tests="5" time="29.619" timestamp="2026-06-30T20:01:46.543993+00:00" hostname="agent-env-b2d547b5-f9ff-4abe-95f8-8bb493dbbdd2"><testcase classname="backend.tests.test_tutor_export_attribution_iter130" name="test_tutor_settings_enabled" time="0.522"><skipped type="pytest.skip" message="Tutor settings endpoint returned 404; cannot determine state.">/app/backend/tests/test_tutor_export_attribution_iter130.py:86: Tutor settings endpoint returned 404; cannot determine state.</skipped></testcase><testcase classname="backend.tests.test_tutor_export_attribution_iter130" name="test_html_export_stamps_project_and_company_ids" time="12.652"><failure message="AssertionError: projectId not stamped correctly. Snippet: {&quot;enabled&quot;: true, &quot;apiUrl&quot;: &quot;https://ai-tutor-platform-12.preview.emergentagent.com&quot;, &quot;tutorName&quot;: &quot;TEST_HTML_Tutor&quot;, &quot;messageLimit&quot;: 50, &quot;suggestedQuestions&quot;: [&quot;Explique este slide!&quot;], &quot;courseTopic&quot;: &quot;Projeto SCORMIFY&quot;, &quot;courseContext&quot;: &quot;Slide: Slide 1\n---\nSlide: New Slide\n---\nSlide: New Slide\n---\nSlide: New Slide\nConteudo: :root {\n            --primary: #6366f1;\n            --primary-hover: #4f46e5;\n            --secondary: #10b981;\n            --dark: #1e293b;\n            --light:&#10;assert ('&quot;projectId&quot;: &quot;d550fe43-f65a-40dc-b101-adf77befd7b3&quot;' in '{&quot;enabled&quot;: true, &quot;apiUrl&quot;: &quot;https://ai-tutor-platform-12.preview.emergentagent.com&quot;, &quot;tutorName&quot;: &quot;TEST_HTML_Tutor&quot;, &quot;messageLimit&quot;: 50, &quot;suggestedQuestions&quot;: [&quot;Explique este slide!&quot;], &quot;courseTopic&quot;: &quot;Projeto SCORMIFY&quot;, &quot;courseContext&quot;: &quot;Slide: Slide 1\\n---\\nSlide: New Slide\\n---\\nSlide: New Slide\\n---\\nSlide: New Slide\\nConteudo: :root {\\n            --primary: #6366f1;\\n            --primary-hover: #4f46e5;\\n            --secondary: #10b981;\\n            --dark: #1e293b;\\n            --light: #f8fafc;\\n            --danger: #ef4444;\\n            --gray: #94a3b8;\\n        }\\n\\n        * {\\n            box-sizing: border-box;\\n            margin: 0;\\n            padding: 0;\\n        }\\n\\n        body {\\n            font-family: \'Inter\', sans-serif;\\n            background-color: transparent;\\n            display: flex;\\n            justify-content: center;\\n            align-items: center;\\n            min-height: 100vh;\\n            color: var(--dark);\\n        }\\n\\n        .container {\\n            width: 800px;\\n            height: 500px;\\n            background: white;\\n            border-radius: 20px;\\n            box-shadow: 0 20px ...;\\n            color: white;\\n            padding: 4px 8px;\\n            border-radius: 4px;\\n            font-size: 0.7rem;\\n            white-space: nowrap;\\n        }\\n    \\n\\n\\n\\n\\n    \\n        SCORMIFY\\n        Simulador de Economia\\n\\n        \\n            Cursos p/ mês\\n            \\n            10\\n        \\n\\n        \\n            Custo Manual (R$)\\n            \\n            R$ 3.500\\n        \\n\\n        \\n            Custo SCORMify (R$)\\n            \\n            R$ 450\\n        \\n    \\n\\n    \\n        \\n            \\n                \\n                    R$ 35.000\\n                \\n                PRODUÇÃOMANUAL\\n            \\n            \\n                \\n                    R$ 4.500\\n                \\n                COMSCORMIFY\\n            \\n        \\n\\n        \\n            ECONOMIA MENSAL ESTIMADA\\n            R$ 30.500,00\\n            Economia anual de R$ 366.000,00\\n        \\n    \\n\\n\\n\\n    const inputs = {\\n        cursos: document.getElementById(\'input-cursos\'),\\n        manual: document.getElementById(\'input-manual\'),\\n        scormify: document.getElementById(\'input-scormify\')\\n    }' or &quot;'projectId': 'd550fe43-f65a-40dc-b101-adf77befd7b3'&quot; in '{&quot;enabled&quot;: true, &quot;apiUrl&quot;: &quot;https://ai-tutor-platform-12.preview.emergentagent.com&quot;, &quot;tutorName&quot;: &quot;TEST_HTML_Tutor&quot;, &quot;messageLimit&quot;: 50, &quot;suggestedQuestions&quot;: [&quot;Explique este slide!&quot;], &quot;courseTopic&quot;: &quot;Projeto SCORMIFY&quot;, &quot;courseContext&quot;: &quot;Slide: Slide 1\\n---\\nSlide: New Slide\\n---\\nSlide: New Slide\\n---\\nSlide: New Slide\\nConteudo: :root {\\n            --primary: #6366f1;\\n            --primary-hover: #4f46e5;\\n            --secondary: #10b981;\\n            --dark: #1e293b;\\n            --light: #f8fafc;\\n            --danger: #ef4444;\\n            --gray: #94a3b8;\\n        }\\n\\n        * {\\n            box-sizing: border-box;\\n            margin: 0;\\n            padding: 0;\\n        }\\n\\n        body {\\n            font-family: \'Inter\', sans-serif;\\n            background-color: transparent;\\n            display: flex;\\n            justify-content: center;\\n            align-items: center;\\n            min-height: 100vh;\\n            color: var(--dark);\\n        }\\n\\n        .container {\\n            width: 800px;\\n            height: 500px;\\n            background: white;\\n            border-radius: 20px;\\n            box-shadow: 0 20px ...;\\n            color: white;\\n            padding: 4px 8px;\\n            border-radius: 4px;\\n            font-size: 0.7rem;\\n            white-space: nowrap;\\n        }\\n    \\n\\n\\n\\n\\n    \\n        SCORMIFY\\n        Simulador de Economia\\n\\n        \\n            Cursos p/ mês\\n            \\n            10\\n        \\n\\n        \\n            Custo Manual (R$)\\n            \\n            R$ 3.500\\n        \\n\\n        \\n            Custo SCORMify (R$)\\n            \\n            R$ 450\\n        \\n    \\n\\n    \\n        \\n            \\n                \\n                    R$ 35.000\\n                \\n                PRODUÇÃOMANUAL\\n            \\n            \\n                \\n                    R$ 4.500\\n                \\n                COMSCORMIFY\\n            \\n        \\n\\n        \\n            ECONOMIA MENSAL ESTIMADA\\n            R$ 30.500,00\\n            Economia anual de R$ 366.000,00\\n        \\n    \\n\\n\\n\\n    const inputs = {\\n        cursos: document.getElementById(\'input-cursos\'),\\n        manual: document.getElementById(\'input-manual\'),\\n        scormify: document.getElementById(\'input-scormify\')\\n    }')">backend/tests/test_tutor_export_attribution_iter130.py:120: in test_html_export_stamps_project_and_company_ids
    assert f'"projectId": "{PROJECT_ID}"' in cfg_text or f"'projectId': '{PROJECT_ID}'" in cfg_text, \
E   AssertionError: projectId not stamped correctly. Snippet: {"enabled": true, "apiUrl": "https://ai-tutor-platform-12.preview.emergentagent.com", "tutorName": "TEST_HTML_Tutor", "messageLimit": 50, "suggestedQuestions": ["Explique este slide!"], "courseTopic": "Projeto SCORMIFY", "courseContext": "Slide: Slide 1\n---\nSlide: New Slide\n---\nSlide: New Slide\n---\nSlide: New Slide\nConteudo: :root {\n            --primary: #6366f1;\n            --primary-hover: #4f46e5;\n            --secondary: #10b981;\n            --dark: #1e293b;\n            --light:
E   assert ('"projectId": "d550fe43-f65a-40dc-b101-adf77befd7b3"' in '{"enabled": true, "apiUrl": "https://ai-tutor-platform-12.preview.emergentagent.com", "tutorName": "TEST_HTML_Tutor", "messageLimit": 50, "suggestedQuestions": ["Explique este slide!"], "courseTopic": "Projeto SCORMIFY", "courseContext": "Slide: Slide 1\\n---\\nSlide: New Slide\\n---\\nSlide: New Slide\\n---\\nSlide: New Slide\\nConteudo: :root {\\n            --primary: #6366f1;\\n            --primary-hover: #4f46e5;\\n            --secondary: #10b981;\\n            --dark: #1e293b;\\n            --light: #f8fafc;\\n            --danger: #ef4444;\\n            --gray: #94a3b8;\\n        }\\n\\n        * {\\n            box-sizing: border-box;\\n            margin: 0;\\n            padding: 0;\\n        }\\n\\n        body {\\n            font-family: \'Inter\', sans-serif;\\n            background-color: transparent;\\n            display: flex;\\n            justify-content: center;\\n            align-items: center;\\n            min-height: 100vh;\\n            color: var(--dark);\\n        }\\n\\n        .container {\\n            width: 800px;\\n            height: 500px;\\n            background: white;\\n            border-radius: 20px;\\n            box-shadow: 0 20px ...;\\n            color: white;\\n            padding: 4px 8px;\\n            border-radius: 4px;\\n            font-size: 0.7rem;\\n            white-space: nowrap;\\n        }\\n    \\n\\n\\n\\n\\n    \\n        SCORMIFY\\n        Simulador de Economia\\n\\n        \\n            Cursos p/ mês\\n            \\n            10\\n        \\n\\n        \\n            Custo Manual (R$)\\n            \\n            R$ 3.500\\n        \\n\\n        \\n            Custo SCORMify (R$)\\n            \\n            R$ 450\\n        \\n    \\n\\n    \\n        \\n            \\n                \\n                    R$ 35.000\\n                \\n                PRODUÇÃOMANUAL\\n            \\n            \\n                \\n                    R$ 4.500\\n                \\n                COMSCORMIFY\\n            \\n        \\n\\n        \\n            ECONOMIA MENSAL ESTIMADA\\n            R$ 30.500,00\\n            Economia anual de R$ 366.000,00\\n        \\n    \\n\\n\\n\\n    const inputs = {\\n        cursos: document.getElementById(\'input-cursos\'),\\n        manual: document.getElementById(\'input-manual\'),\\n        scormify: document.getElementById(\'input-scormify\')\\n    }' or "'projectId': 'd550fe43-f65a-40dc-b101-adf77befd7b3'" in '{"enabled": true, "apiUrl": "https://ai-tutor-platform-12.preview.emergentagent.com", "tutorName": "TEST_HTML_Tutor", "messageLimit": 50, "suggestedQuestions": ["Explique este slide!"], "courseTopic": "Projeto SCORMIFY", "courseContext": "Slide: Slide 1\\n---\\nSlide: New Slide\\n---\\nSlide: New Slide\\n---\\nSlide: New Slide\\nConteudo: :root {\\n            --primary: #6366f1;\\n            --primary-hover: #4f46e5;\\n            --secondary: #10b981;\\n            --dark: #1e293b;\\n            --light: #f8fafc;\\n            --danger: #ef4444;\\n            --gray: #94a3b8;\\n        }\\n\\n        * {\\n            box-sizing: border-box;\\n            margin: 0;\\n            padding: 0;\\n        }\\n\\n        body {\\n            font-family: \'Inter\', sans-serif;\\n            background-color: transparent;\\n            display: flex;\\n            justify-content: center;\\n            align-items: center;\\n            min-height: 100vh;\\n            color: var(--dark);\\n        }\\n\\n        .container {\\n            width: 800px;\\n            height: 500px;\\n            background: white;\\n            border-radius: 20px;\\n            box-shadow: 0 20px ...;\\n            color: white;\\n            padding: 4px 8px;\\n            border-radius: 4px;\\n            font-size: 0.7rem;\\n            white-space: nowrap;\\n        }\\n    \\n\\n\\n\\n\\n    \\n        SCORMIFY\\n        Simulador de Economia\\n\\n        \\n            Cursos p/ mês\\n            \\n            10\\n        \\n\\n        \\n            Custo Manual (R$)\\n            \\n            R$ 3.500\\n        \\n\\n        \\n            Custo SCORMify (R$)\\n            \\n            R$ 450\\n        \\n    \\n\\n    \\n        \\n            \\n                \\n                    R$ 35.000\\n                \\n                PRODUÇÃOMANUAL\\n            \\n            \\n                \\n                    R$ 4.500\\n                \\n                COMSCORMIFY\\n            \\n        \\n\\n        \\n            ECONOMIA MENSAL ESTIMADA\\n            R$ 30.500,00\\n            Economia anual de R$ 366.000,00\\n        \\n    \\n\\n\\n\\n    const inputs = {\\n        cursos: document.getElementById(\'input-cursos\'),\\n        manual: document.getElementById(\'input-manual\'),\\n        scormify: document.getElementById(\'input-scormify\')\\n    }')</failure></testcase><testcase classname="backend.tests.test_tutor_export_attribution_iter130" name="test_scorm_export_stamps_project_and_company_ids" time="13.785"><failure message="AssertionError: projectId 'd550fe43-f65a-40dc-b101-adf77befd7b3' not in any js/html with tutorConfig. Files: ['index.html', 'scripts/scenario-controller.js', 'scripts/tutor.js', 'scripts/gamification.js', 'scripts/player.js', 'scripts/scorm-api.js', 'scripts/quiz-controller.js']&#10;assert False">backend/tests/test_tutor_export_attribution_iter130.py:172: in test_scorm_export_stamps_project_and_company_ids
    assert found_pid, f"projectId '{PROJECT_ID}' not in any js/html with tutorConfig. Files: {candidates[:10]}"
E   AssertionError: projectId 'd550fe43-f65a-40dc-b101-adf77befd7b3' not in any js/html with tutorConfig. Files: ['index.html', 'scripts/scenario-controller.js', 'scripts/tutor.js', 'scripts/gamification.js', 'scripts/player.js', 'scripts/scorm-api.js', 'scripts/quiz-controller.js']
E   assert False</failure></testcase><testcase classname="backend.tests.test_tutor_export_attribution_iter130" name="test_feedback_validation_missing_fields" time="0.170" /><testcase classname="backend.tests.test_tutor_export_attribution_iter130" name="test_e2e_feedback_to_admin_dashboard_join" time="2.321"><failure message="AssertionError: No entry for projectId=d550fe43-f65a-40dc-b101-adf77befd7b3 in dashboard response. Keys: ['totalQuestions', 'totalCourses', 'totalCostUSD', 'totalCostBRL', 'currency', 'companies', 'courses']&#10;assert None is not None">backend/tests/test_tutor_export_attribution_iter130.py:227: in test_e2e_feedback_to_admin_dashboard_join
    assert matched is not None, f"No entry for projectId={PROJECT_ID} in dashboard response. Keys: {list(data.keys()) if isinstance(data, dict) else 'list'}"
E   AssertionError: No entry for projectId=d550fe43-f65a-40dc-b101-adf77befd7b3 in dashboard response. Keys: ['totalQuestions', 'totalCourses', 'totalCostUSD', 'totalCostBRL', 'currency', 'companies', 'courses']
E   assert None is not None</failure></testcase></testsuite></testsuites>