<?xml version="1.0" encoding="utf-8"?><testsuites name="pytest tests"><testsuite name="pytest" errors="0" failures="0" skipped="0" tests="9" time="16.281" timestamp="2026-06-28T21:13:52.492502+00:00" hostname="agent-env-b2d547b5-f9ff-4abe-95f8-8bb493dbbdd2"><testcase classname="backend.tests.test_whiteboard_tool_propagation" name="test_generate_from_plan_honors_tool[hand_real]" time="2.649" /><testcase classname="backend.tests.test_whiteboard_tool_propagation" name="test_generate_from_plan_honors_tool[pen]" time="2.215" /><testcase classname="backend.tests.test_whiteboard_tool_propagation" name="test_generate_from_plan_honors_tool[hand]" time="2.213" /><testcase classname="backend.tests.test_whiteboard_tool_propagation" name="test_generate_from_plan_rejects_invalid_tool" time="0.056" /><testcase classname="backend.tests.test_whiteboard_tool_propagation" name="test_generate_from_plan_tool_omitted_defaults_to_pen" time="2.220" /><testcase classname="backend.tests.test_whiteboard_tool_propagation" name="test_generate_text_only_with_tool[pen]" time="2.220" /><testcase classname="backend.tests.test_whiteboard_tool_propagation" name="test_generate_text_only_with_tool[hand]" time="2.269" /><testcase classname="backend.tests.test_whiteboard_tool_propagation" name="test_generate_text_only_with_tool[hand_real]" time="2.218" /><testcase classname="backend.tests.test_whiteboard_tool_propagation" name="test_tools_catalog_lists_all_three" time="0.153" /></testsuite></testsuites>