<?xml version="1.0" encoding="utf-8"?><testsuites name="pytest tests"><testsuite name="pytest" errors="0" failures="0" skipped="0" tests="9" time="2.838" timestamp="2026-06-28T21:35:40.344676+00:00" hostname="agent-env-b2d547b5-f9ff-4abe-95f8-8bb493dbbdd2"><testcase classname="tests.test_whiteboard_bullet_sizing" name="test_autofit_does_not_inflate_small_bullets" time="0.151" /><testcase classname="tests.test_whiteboard_bullet_sizing" name="test_full_pipeline_keeps_bullets_small" time="0.011" /><testcase classname="tests.test_whiteboard_bullet_sizing" name="test_autofit_still_grows_large_enclosing_circle" time="0.002" /><testcase classname="tests.test_whiteboard_bullet_sizing" name="test_normalize_plan_allows_rx_ry_10" time="0.000" /><testcase classname="tests.test_whiteboard_bullet_sizing" name="test_normalize_plan_below_10_is_clamped_up_to_10" time="0.000" /><testcase classname="tests.test_whiteboard_bullet_sizing" name="test_clamp_does_not_inflate_bullets" time="0.000" /><testcase classname="tests.test_whiteboard_bullet_sizing" name="test_system_prompt_has_bullets_guidance" time="0.000" /><testcase classname="tests.test_whiteboard_bullet_sizing" name="test_pipeline_mixed_bullets_and_container" time="0.007" /><testcase classname="tests.test_whiteboard_bullet_sizing" name="test_generate_from_plan_with_bullet_renders" time="2.596" /></testsuite></testsuites>